[0.008s] Invoking command in '/home/darren/Servo_Controllers/build/interfaces': CMAKE_PREFIX_PATH=${CMAKE_PREFIX_PATH}:/home/darren/Servo_Controllers/install/servo_pkg:/home/darren/ros2_ws/install/DW_DarrensController:/opt/ros/humble /usr/bin/cmake /home/darren/Servo_Controllers/src/interfaces -DCMAKE_INSTALL_PREFIX=/home/darren/Servo_Controllers/install/interfaces
[0.066s] -- The C compiler identification is GNU 11.4.0
[0.128s] -- The CXX compiler identification is GNU 11.4.0
[0.136s] -- Detecting C compiler ABI info
[0.193s] -- Detecting C compiler ABI info - done
[0.200s] -- Check for working C compiler: /usr/bin/cc - skipped
[0.200s] -- Detecting C compile features
[0.201s] -- Detecting C compile features - done
[0.204s] -- Detecting CXX compiler ABI info
[0.267s] -- Detecting CXX compiler ABI info - done
[0.274s] -- Check for working CXX compiler: /usr/bin/c++ - skipped
[0.274s] -- Detecting CXX compile features
[0.274s] -- Detecting CXX compile features - done
[0.282s] -- Found ament_cmake: 1.3.10 (/opt/ros/humble/share/ament_cmake/cmake)
[0.568s] -- Found Python3: /usr/bin/python3 (found version "3.10.12") found components: Interpreter 
[0.651s] -- Found rosidl_default_generators: 1.2.0 (/opt/ros/humble/share/rosidl_default_generators/cmake)
[0.654s] -- Using all available rosidl_typesupport_c: rosidl_typesupport_fastrtps_c;rosidl_typesupport_introspection_c
[0.660s] -- Found rosidl_adapter: 3.1.5 (/opt/ros/humble/share/rosidl_adapter/cmake)
[0.697s] -- Using all available rosidl_typesupport_cpp: rosidl_typesupport_fastrtps_cpp;rosidl_typesupport_introspection_cpp
[0.920s] -- Found ament_cmake_ros: 0.10.0 (/opt/ros/humble/share/ament_cmake_ros/cmake)
[1.073s] -- Using all available rosidl_typesupport_c: rosidl_typesupport_fastrtps_c;rosidl_typesupport_introspection_c
[1.259s] -- Using all available rosidl_typesupport_cpp: rosidl_typesupport_fastrtps_cpp;rosidl_typesupport_introspection_cpp
[1.276s] -- Found PythonInterp: /usr/bin/python3 (found suitable version "3.10.12", minimum required is "3.6") 
[1.278s] -- Found python_cmake_module: 0.10.0 (/opt/ros/humble/share/python_cmake_module/cmake)
[1.299s] -- Found PythonLibs: /usr/lib/x86_64-linux-gnu/libpython3.10.so (found suitable version "3.10.12", minimum required is "3.5") 
[1.299s] -- Using PYTHON_EXECUTABLE: /usr/bin/python3
[1.299s] -- Using PYTHON_INCLUDE_DIRS: /usr/include/python3.10
[1.299s] -- Using PYTHON_LIBRARIES: /usr/lib/x86_64-linux-gnu/libpython3.10.so
[1.317s] -- Found PythonExtra: .so  
[1.345s] -- Found ament_lint_auto: 0.12.11 (/opt/ros/humble/share/ament_lint_auto/cmake)
[1.367s] -- Added test 'lint_cmake' to check CMake code style
[1.368s] -- Added test 'xmllint' to check XML markup files
[1.371s] -- Configuring done
[1.400s] -- Generating done
[1.403s] -- Build files have been written to: /home/darren/Servo_Controllers/build/interfaces
[1.409s] Invoked command in '/home/darren/Servo_Controllers/build/interfaces' returned '0': CMAKE_PREFIX_PATH=${CMAKE_PREFIX_PATH}:/home/darren/Servo_Controllers/install/servo_pkg:/home/darren/ros2_ws/install/DW_DarrensController:/opt/ros/humble /usr/bin/cmake /home/darren/Servo_Controllers/src/interfaces -DCMAKE_INSTALL_PREFIX=/home/darren/Servo_Controllers/install/interfaces
[1.411s] Invoking command in '/home/darren/Servo_Controllers/build/interfaces': CMAKE_PREFIX_PATH=${CMAKE_PREFIX_PATH}:/home/darren/Servo_Controllers/install/servo_pkg:/home/darren/ros2_ws/install/DW_DarrensController:/opt/ros/humble /usr/bin/cmake --build /home/darren/Servo_Controllers/build/interfaces -- -j8 -l8
[1.443s] [  3%] [34m[1mGenerating C code for ROS interfaces[0m
[1.452s] [  6%] [34m[1mGenerating C++ code for ROS interfaces[0m
[1.460s] [  6%] Built target ament_cmake_python_copy_interfaces
[1.726s] running egg_info
[1.749s] creating interfaces.egg-info
[1.749s] writing interfaces.egg-info/PKG-INFO
[1.749s] writing dependency_links to interfaces.egg-info/dependency_links.txt
[1.749s] writing top-level names to interfaces.egg-info/top_level.txt
[1.749s] writing manifest file 'interfaces.egg-info/SOURCES.txt'
[1.810s] [  6%] Built target interfaces__cpp
[1.815s] reading manifest file 'interfaces.egg-info/SOURCES.txt'
[1.817s] writing manifest file 'interfaces.egg-info/SOURCES.txt'
[1.821s] [  9%] [34m[1mGenerating C++ introspection for ROS interfaces[0m
[1.822s] [ 12%] [34m[1mGenerating C++ type support for eProsima Fast-RTPS[0m
[1.824s] [ 16%] [34m[1mGenerating C++ type support dispatch for ROS interfaces[0m
[1.834s] [ 19%] [32mBuilding C object CMakeFiles/interfaces__rosidl_generator_c.dir/rosidl_generator_c/interfaces/srv/detail/move_servo__functions.c.o[0m
[1.872s] [ 19%] Built target ament_cmake_python_build_interfaces_egg
[1.913s] [ 22%] [32m[1mLinking C shared library libinterfaces__rosidl_generator_c.so[0m
[1.960s] [ 22%] Built target interfaces__rosidl_generator_c
[1.976s] [ 25%] [34m[1mGenerating C type support for eProsima Fast-RTPS[0m
[1.977s] [ 29%] [34m[1mGenerating C introspection for ROS interfaces[0m
[1.978s] [ 32%] [34m[1mGenerating C type support dispatch for ROS interfaces[0m
[2.226s] [ 35%] [32mBuilding CXX object CMakeFiles/interfaces__rosidl_typesupport_cpp.dir/rosidl_typesupport_cpp/interfaces/srv/move_servo__type_support.cpp.o[0m
[2.262s] [ 38%] [32mBuilding CXX object CMakeFiles/interfaces__rosidl_typesupport_introspection_cpp.dir/rosidl_typesupport_introspection_cpp/interfaces/srv/detail/move_servo__type_support.cpp.o[0m
[2.490s] [ 41%] [32mBuilding CXX object CMakeFiles/interfaces__rosidl_typesupport_fastrtps_cpp.dir/rosidl_typesupport_fastrtps_cpp/interfaces/srv/detail/dds_fastrtps/move_servo__type_support.cpp.o[0m
[2.509s] [ 45%] [32mBuilding C object CMakeFiles/interfaces__rosidl_typesupport_introspection_c.dir/rosidl_typesupport_introspection_c/interfaces/srv/detail/move_servo__type_support.c.o[0m
[2.568s] [ 48%] [32m[1mLinking C shared library libinterfaces__rosidl_typesupport_introspection_c.so[0m
[2.598s] [ 51%] [32mBuilding CXX object CMakeFiles/interfaces__rosidl_typesupport_c.dir/rosidl_typesupport_c/interfaces/srv/move_servo__type_support.cpp.o[0m
[2.617s] [ 51%] Built target interfaces__rosidl_typesupport_introspection_c
[2.664s] [ 54%] [32m[1mLinking CXX shared library libinterfaces__rosidl_typesupport_c.so[0m
[2.671s] [ 58%] [32m[1mLinking CXX shared library libinterfaces__rosidl_typesupport_cpp.so[0m
[2.701s] [ 61%] [32mBuilding CXX object CMakeFiles/interfaces__rosidl_typesupport_fastrtps_c.dir/rosidl_typesupport_fastrtps_c/interfaces/srv/detail/move_servo__type_support_c.cpp.o[0m
[2.737s] [ 61%] Built target interfaces__rosidl_typesupport_c
[2.743s] [ 61%] Built target interfaces__rosidl_typesupport_cpp
[2.920s] [ 64%] [32m[1mLinking CXX shared library libinterfaces__rosidl_typesupport_introspection_cpp.so[0m
[3.020s] [ 64%] Built target interfaces__rosidl_typesupport_introspection_cpp
[3.083s] [ 67%] [32m[1mLinking CXX shared library libinterfaces__rosidl_typesupport_fastrtps_cpp.so[0m
[3.165s] [ 67%] Built target interfaces__rosidl_typesupport_fastrtps_cpp
[3.168s] [ 70%] [32m[1mLinking CXX shared library libinterfaces__rosidl_typesupport_fastrtps_c.so[0m
[3.226s] [ 70%] Built target interfaces__rosidl_typesupport_fastrtps_c
[3.242s] [ 70%] Built target interfaces
[3.256s] [ 74%] [34m[1mGenerating Python code for ROS interfaces[0m
[3.563s] [ 74%] Built target interfaces__py
[3.578s] [ 77%] [32mBuilding C object CMakeFiles/interfaces__rosidl_generator_py.dir/rosidl_generator_py/interfaces/srv/_move_servo_s.c.o[0m
[3.653s] [ 80%] [32m[1mLinking C shared library rosidl_generator_py/interfaces/libinterfaces__rosidl_generator_py.so[0m
[3.682s] [ 80%] Built target interfaces__rosidl_generator_py
[3.701s] [ 90%] [32mBuilding C object CMakeFiles/interfaces__rosidl_typesupport_c__pyext.dir/rosidl_generator_py/interfaces/_interfaces_s.ep.rosidl_typesupport_c.c.o[0m
[3.701s] [ 90%] [32mBuilding C object CMakeFiles/interfaces__rosidl_typesupport_introspection_c__pyext.dir/rosidl_generator_py/interfaces/_interfaces_s.ep.rosidl_typesupport_introspection_c.c.o[0m
[3.701s] [ 90%] [32mBuilding C object CMakeFiles/interfaces__rosidl_typesupport_fastrtps_c__pyext.dir/rosidl_generator_py/interfaces/_interfaces_s.ep.rosidl_typesupport_fastrtps_c.c.o[0m
[3.793s] [ 93%] [32m[1mLinking C shared library rosidl_generator_py/interfaces/interfaces_s__rosidl_typesupport_c.cpython-310-x86_64-linux-gnu.so[0m
[3.795s] [ 96%] [32m[1mLinking C shared library rosidl_generator_py/interfaces/interfaces_s__rosidl_typesupport_introspection_c.cpython-310-x86_64-linux-gnu.so[0m
[3.798s] [100%] [32m[1mLinking C shared library rosidl_generator_py/interfaces/interfaces_s__rosidl_typesupport_fastrtps_c.cpython-310-x86_64-linux-gnu.so[0m
[3.826s] [100%] Built target interfaces__rosidl_typesupport_c__pyext
[3.828s] [100%] Built target interfaces__rosidl_typesupport_introspection_c__pyext
[3.832s] [100%] Built target interfaces__rosidl_typesupport_fastrtps_c__pyext
[3.846s] Invoked command in '/home/darren/Servo_Controllers/build/interfaces' returned '0': CMAKE_PREFIX_PATH=${CMAKE_PREFIX_PATH}:/home/darren/Servo_Controllers/install/servo_pkg:/home/darren/ros2_ws/install/DW_DarrensController:/opt/ros/humble /usr/bin/cmake --build /home/darren/Servo_Controllers/build/interfaces -- -j8 -l8
[3.892s] Invoking command in '/home/darren/Servo_Controllers/build/interfaces': CMAKE_PREFIX_PATH=${CMAKE_PREFIX_PATH}:/home/darren/Servo_Controllers/install/servo_pkg:/home/darren/ros2_ws/install/DW_DarrensController:/opt/ros/humble /usr/bin/cmake --install /home/darren/Servo_Controllers/build/interfaces
[3.898s] -- Install configuration: ""
[3.898s] -- Installing: /home/darren/Servo_Controllers/install/interfaces/share/ament_index/resource_index/rosidl_interfaces/interfaces
[3.898s] -- Up-to-date: /home/darren/Servo_Controllers/install/interfaces/include/interfaces/interfaces
[3.898s] -- Up-to-date: /home/darren/Servo_Controllers/install/interfaces/include/interfaces/interfaces/msg
[3.898s] -- Installing: /home/darren/Servo_Controllers/install/interfaces/include/interfaces/interfaces/msg/rosidl_generator_c__visibility_control.h
[3.898s] -- Up-to-date: /home/darren/Servo_Controllers/install/interfaces/include/interfaces/interfaces/srv
[3.898s] -- Installing: /home/darren/Servo_Controllers/install/interfaces/include/interfaces/interfaces/srv/move_servo.h
[3.898s] -- Up-to-date: /home/darren/Servo_Controllers/install/interfaces/include/interfaces/interfaces/srv/detail
[3.898s] -- Installing: /home/darren/Servo_Controllers/install/interfaces/include/interfaces/interfaces/srv/detail/move_servo__functions.h
[3.898s] -- Installing: /home/darren/Servo_Controllers/install/interfaces/include/interfaces/interfaces/srv/detail/move_servo__functions.c
[3.898s] -- Installing: /home/darren/Servo_Controllers/install/interfaces/include/interfaces/interfaces/srv/detail/move_servo__struct.h
[3.899s] -- Installing: /home/darren/Servo_Controllers/install/interfaces/include/interfaces/interfaces/srv/detail/move_servo__type_support.h
[3.899s] -- Up-to-date: /home/darren/Servo_Controllers/install/interfaces/share/interfaces/environment/library_path.sh
[3.899s] -- Installing: /home/darren/Servo_Controllers/install/interfaces/share/interfaces/environment/library_path.dsv
[3.899s] -- Installing: /home/darren/Servo_Controllers/install/interfaces/lib/libinterfaces__rosidl_generator_c.so
[3.900s] -- Set runtime path of "/home/darren/Servo_Controllers/install/interfaces/lib/libinterfaces__rosidl_generator_c.so" to ""
[3.900s] -- Up-to-date: /home/darren/Servo_Controllers/install/interfaces/include/interfaces/interfaces
[3.900s] -- Up-to-date: /home/darren/Servo_Controllers/install/interfaces/include/interfaces/interfaces/msg
[3.900s] -- Installing: /home/darren/Servo_Controllers/install/interfaces/include/interfaces/interfaces/msg/rosidl_typesupport_fastrtps_c__visibility_control.h
[3.900s] -- Up-to-date: /home/darren/Servo_Controllers/install/interfaces/include/interfaces/interfaces/srv
[3.900s] -- Up-to-date: /home/darren/Servo_Controllers/install/interfaces/include/interfaces/interfaces/srv/detail
[3.900s] -- Installing: /home/darren/Servo_Controllers/install/interfaces/include/interfaces/interfaces/srv/detail/move_servo__rosidl_typesupport_fastrtps_c.h
[3.900s] -- Installing: /home/darren/Servo_Controllers/install/interfaces/lib/libinterfaces__rosidl_typesupport_fastrtps_c.so
[3.900s] -- Set runtime path of "/home/darren/Servo_Controllers/install/interfaces/lib/libinterfaces__rosidl_typesupport_fastrtps_c.so" to ""
[3.901s] -- Up-to-date: /home/darren/Servo_Controllers/install/interfaces/include/interfaces/interfaces
[3.901s] -- Up-to-date: /home/darren/Servo_Controllers/install/interfaces/include/interfaces/interfaces/msg
[3.901s] -- Installing: /home/darren/Servo_Controllers/install/interfaces/include/interfaces/interfaces/msg/rosidl_typesupport_introspection_c__visibility_control.h
[3.901s] -- Up-to-date: /home/darren/Servo_Controllers/install/interfaces/include/interfaces/interfaces/srv
[3.901s] -- Up-to-date: /home/darren/Servo_Controllers/install/interfaces/include/interfaces/interfaces/srv/detail
[3.901s] -- Installing: /home/darren/Servo_Controllers/install/interfaces/include/interfaces/interfaces/srv/detail/move_servo__rosidl_typesupport_introspection_c.h
[3.901s] -- Installing: /home/darren/Servo_Controllers/install/interfaces/include/interfaces/interfaces/srv/detail/move_servo__type_support.c
[3.901s] -- Installing: /home/darren/Servo_Controllers/install/interfaces/lib/libinterfaces__rosidl_typesupport_introspection_c.so
[3.901s] -- Set runtime path of "/home/darren/Servo_Controllers/install/interfaces/lib/libinterfaces__rosidl_typesupport_introspection_c.so" to ""
[3.902s] -- Installing: /home/darren/Servo_Controllers/install/interfaces/lib/libinterfaces__rosidl_typesupport_c.so
[3.902s] -- Set runtime path of "/home/darren/Servo_Controllers/install/interfaces/lib/libinterfaces__rosidl_typesupport_c.so" to ""
[3.902s] -- Up-to-date: /home/darren/Servo_Controllers/install/interfaces/include/interfaces/interfaces
[3.902s] -- Up-to-date: /home/darren/Servo_Controllers/install/interfaces/include/interfaces/interfaces/srv
[3.902s] -- Installing: /home/darren/Servo_Controllers/install/interfaces/include/interfaces/interfaces/srv/move_servo.hpp
[3.902s] -- Up-to-date: /home/darren/Servo_Controllers/install/interfaces/include/interfaces/interfaces/srv/detail
[3.902s] -- Installing: /home/darren/Servo_Controllers/install/interfaces/include/interfaces/interfaces/srv/detail/move_servo__struct.hpp
[3.902s] -- Installing: /home/darren/Servo_Controllers/install/interfaces/include/interfaces/interfaces/srv/detail/move_servo__builder.hpp
[3.902s] -- Installing: /home/darren/Servo_Controllers/install/interfaces/include/interfaces/interfaces/srv/detail/move_servo__traits.hpp
[3.903s] -- Up-to-date: /home/darren/Servo_Controllers/install/interfaces/include/interfaces/interfaces
[3.903s] -- Up-to-date: /home/darren/Servo_Controllers/install/interfaces/include/interfaces/interfaces/msg
[3.903s] -- Installing: /home/darren/Servo_Controllers/install/interfaces/include/interfaces/interfaces/msg/rosidl_typesupport_fastrtps_cpp__visibility_control.h
[3.903s] -- Up-to-date: /home/darren/Servo_Controllers/install/interfaces/include/interfaces/interfaces/srv
[3.903s] -- Up-to-date: /home/darren/Servo_Controllers/install/interfaces/include/interfaces/interfaces/srv/detail
[3.903s] -- Installing: /home/darren/Servo_Controllers/install/interfaces/include/interfaces/interfaces/srv/detail/move_servo__rosidl_typesupport_fastrtps_cpp.hpp
[3.903s] -- Up-to-date: /home/darren/Servo_Controllers/install/interfaces/include/interfaces/interfaces/srv/detail/dds_fastrtps
[3.903s] -- Installing: /home/darren/Servo_Controllers/install/interfaces/lib/libinterfaces__rosidl_typesupport_fastrtps_cpp.so
[3.903s] -- Set runtime path of "/home/darren/Servo_Controllers/install/interfaces/lib/libinterfaces__rosidl_typesupport_fastrtps_cpp.so" to ""
[3.904s] -- Up-to-date: /home/darren/Servo_Controllers/install/interfaces/include/interfaces/interfaces
[3.904s] -- Up-to-date: /home/darren/Servo_Controllers/install/interfaces/include/interfaces/interfaces/srv
[3.904s] -- Up-to-date: /home/darren/Servo_Controllers/install/interfaces/include/interfaces/interfaces/srv/detail
[3.904s] -- Installing: /home/darren/Servo_Controllers/install/interfaces/include/interfaces/interfaces/srv/detail/move_servo__type_support.cpp
[3.904s] -- Installing: /home/darren/Servo_Controllers/install/interfaces/include/interfaces/interfaces/srv/detail/move_servo__rosidl_typesupport_introspection_cpp.hpp
[3.904s] -- Installing: /home/darren/Servo_Controllers/install/interfaces/lib/libinterfaces__rosidl_typesupport_introspection_cpp.so
[3.904s] -- Set runtime path of "/home/darren/Servo_Controllers/install/interfaces/lib/libinterfaces__rosidl_typesupport_introspection_cpp.so" to ""
[3.905s] -- Installing: /home/darren/Servo_Controllers/install/interfaces/lib/libinterfaces__rosidl_typesupport_cpp.so
[3.905s] -- Set runtime path of "/home/darren/Servo_Controllers/install/interfaces/lib/libinterfaces__rosidl_typesupport_cpp.so" to ""
[3.905s] -- Installing: /home/darren/Servo_Controllers/install/interfaces/share/interfaces/environment/pythonpath.sh
[3.905s] -- Installing: /home/darren/Servo_Controllers/install/interfaces/share/interfaces/environment/pythonpath.dsv
[3.905s] -- Up-to-date: /home/darren/Servo_Controllers/install/interfaces/local/lib/python3.10/dist-packages/interfaces-0.0.0-py3.10.egg-info
[3.905s] -- Installing: /home/darren/Servo_Controllers/install/interfaces/local/lib/python3.10/dist-packages/interfaces-0.0.0-py3.10.egg-info/top_level.txt
[3.905s] -- Installing: /home/darren/Servo_Controllers/install/interfaces/local/lib/python3.10/dist-packages/interfaces-0.0.0-py3.10.egg-info/dependency_links.txt
[3.905s] -- Installing: /home/darren/Servo_Controllers/install/interfaces/local/lib/python3.10/dist-packages/interfaces-0.0.0-py3.10.egg-info/SOURCES.txt
[3.906s] -- Installing: /home/darren/Servo_Controllers/install/interfaces/local/lib/python3.10/dist-packages/interfaces-0.0.0-py3.10.egg-info/PKG-INFO
[3.906s] -- Up-to-date: /home/darren/Servo_Controllers/install/interfaces/local/lib/python3.10/dist-packages/interfaces
[3.906s] -- Installing: /home/darren/Servo_Controllers/install/interfaces/local/lib/python3.10/dist-packages/interfaces/interfaces_s__rosidl_typesupport_c.cpython-310-x86_64-linux-gnu.so
[3.906s] -- Installing: /home/darren/Servo_Controllers/install/interfaces/local/lib/python3.10/dist-packages/interfaces/interfaces_s__rosidl_typesupport_introspection_c.cpython-310-x86_64-linux-gnu.so
[3.906s] -- Installing: /home/darren/Servo_Controllers/install/interfaces/local/lib/python3.10/dist-packages/interfaces/libinterfaces__rosidl_generator_py.so
[3.906s] -- Installing: /home/darren/Servo_Controllers/install/interfaces/local/lib/python3.10/dist-packages/interfaces/_interfaces_s.ep.rosidl_typesupport_introspection_c.c
[3.906s] -- Installing: /home/darren/Servo_Controllers/install/interfaces/local/lib/python3.10/dist-packages/interfaces/_interfaces_s.ep.rosidl_typesupport_c.c
[3.906s] -- Installing: /home/darren/Servo_Controllers/install/interfaces/local/lib/python3.10/dist-packages/interfaces/__init__.py
[3.906s] -- Up-to-date: /home/darren/Servo_Controllers/install/interfaces/local/lib/python3.10/dist-packages/interfaces/srv
[3.906s] -- Installing: /home/darren/Servo_Controllers/install/interfaces/local/lib/python3.10/dist-packages/interfaces/srv/_move_servo_s.c
[3.906s] -- Installing: /home/darren/Servo_Controllers/install/interfaces/local/lib/python3.10/dist-packages/interfaces/srv/__init__.py
[3.907s] -- Installing: /home/darren/Servo_Controllers/install/interfaces/local/lib/python3.10/dist-packages/interfaces/srv/_move_servo.py
[3.907s] -- Installing: /home/darren/Servo_Controllers/install/interfaces/local/lib/python3.10/dist-packages/interfaces/_interfaces_s.ep.rosidl_typesupport_fastrtps_c.c
[3.907s] -- Installing: /home/darren/Servo_Controllers/install/interfaces/local/lib/python3.10/dist-packages/interfaces/interfaces_s__rosidl_typesupport_fastrtps_c.cpython-310-x86_64-linux-gnu.so
[3.942s] Listing '/home/darren/Servo_Controllers/install/interfaces/local/lib/python3.10/dist-packages/interfaces'...
[3.942s] Compiling '/home/darren/Servo_Controllers/install/interfaces/local/lib/python3.10/dist-packages/interfaces/__init__.py'...
[3.942s] Listing '/home/darren/Servo_Controllers/install/interfaces/local/lib/python3.10/dist-packages/interfaces/srv'...
[3.942s] Compiling '/home/darren/Servo_Controllers/install/interfaces/local/lib/python3.10/dist-packages/interfaces/srv/__init__.py'...
[3.942s] Compiling '/home/darren/Servo_Controllers/install/interfaces/local/lib/python3.10/dist-packages/interfaces/srv/_move_servo.py'...
[3.947s] -- Installing: /home/darren/Servo_Controllers/install/interfaces/local/lib/python3.10/dist-packages/interfaces/interfaces_s__rosidl_typesupport_fastrtps_c.cpython-310-x86_64-linux-gnu.so
[3.947s] -- Set runtime path of "/home/darren/Servo_Controllers/install/interfaces/local/lib/python3.10/dist-packages/interfaces/interfaces_s__rosidl_typesupport_fastrtps_c.cpython-310-x86_64-linux-gnu.so" to ""
[3.947s] -- Installing: /home/darren/Servo_Controllers/install/interfaces/local/lib/python3.10/dist-packages/interfaces/interfaces_s__rosidl_typesupport_introspection_c.cpython-310-x86_64-linux-gnu.so
[3.948s] -- Set runtime path of "/home/darren/Servo_Controllers/install/interfaces/local/lib/python3.10/dist-packages/interfaces/interfaces_s__rosidl_typesupport_introspection_c.cpython-310-x86_64-linux-gnu.so" to ""
[3.948s] -- Installing: /home/darren/Servo_Controllers/install/interfaces/local/lib/python3.10/dist-packages/interfaces/interfaces_s__rosidl_typesupport_c.cpython-310-x86_64-linux-gnu.so
[3.948s] -- Set runtime path of "/home/darren/Servo_Controllers/install/interfaces/local/lib/python3.10/dist-packages/interfaces/interfaces_s__rosidl_typesupport_c.cpython-310-x86_64-linux-gnu.so" to ""
[3.948s] -- Installing: /home/darren/Servo_Controllers/install/interfaces/lib/libinterfaces__rosidl_generator_py.so
[3.949s] -- Set runtime path of "/home/darren/Servo_Controllers/install/interfaces/lib/libinterfaces__rosidl_generator_py.so" to ""
[3.949s] -- Installing: /home/darren/Servo_Controllers/install/interfaces/share/interfaces/srv/MoveServo.idl
[3.949s] -- Up-to-date: /home/darren/Servo_Controllers/install/interfaces/share/interfaces/srv/MoveServo.srv
[3.949s] -- Installing: /home/darren/Servo_Controllers/install/interfaces/share/interfaces/srv/MoveServo_Request.msg
[3.949s] -- Installing: /home/darren/Servo_Controllers/install/interfaces/share/interfaces/srv/MoveServo_Response.msg
[3.950s] -- Installing: /home/darren/Servo_Controllers/install/interfaces/share/ament_index/resource_index/package_run_dependencies/interfaces
[3.950s] -- Installing: /home/darren/Servo_Controllers/install/interfaces/share/ament_index/resource_index/parent_prefix_path/interfaces
[3.950s] -- Up-to-date: /home/darren/Servo_Controllers/install/interfaces/share/interfaces/environment/ament_prefix_path.sh
[3.950s] -- Installing: /home/darren/Servo_Controllers/install/interfaces/share/interfaces/environment/ament_prefix_path.dsv
[3.950s] -- Up-to-date: /home/darren/Servo_Controllers/install/interfaces/share/interfaces/environment/path.sh
[3.950s] -- Installing: /home/darren/Servo_Controllers/install/interfaces/share/interfaces/environment/path.dsv
[3.950s] -- Installing: /home/darren/Servo_Controllers/install/interfaces/share/interfaces/local_setup.bash
[3.951s] -- Installing: /home/darren/Servo_Controllers/install/interfaces/share/interfaces/local_setup.sh
[3.951s] -- Installing: /home/darren/Servo_Controllers/install/interfaces/share/interfaces/local_setup.zsh
[3.951s] -- Installing: /home/darren/Servo_Controllers/install/interfaces/share/interfaces/local_setup.dsv
[3.951s] -- Installing: /home/darren/Servo_Controllers/install/interfaces/share/interfaces/package.dsv
[3.951s] -- Installing: /home/darren/Servo_Controllers/install/interfaces/share/ament_index/resource_index/packages/interfaces
[3.952s] -- Installing: /home/darren/Servo_Controllers/install/interfaces/share/interfaces/cmake/export_interfaces__rosidl_generator_cExport.cmake
[3.952s] -- Installing: /home/darren/Servo_Controllers/install/interfaces/share/interfaces/cmake/export_interfaces__rosidl_generator_cExport-noconfig.cmake
[3.952s] -- Installing: /home/darren/Servo_Controllers/install/interfaces/share/interfaces/cmake/export_interfaces__rosidl_typesupport_fastrtps_cExport.cmake
[3.952s] -- Installing: /home/darren/Servo_Controllers/install/interfaces/share/interfaces/cmake/export_interfaces__rosidl_typesupport_fastrtps_cExport-noconfig.cmake
[3.953s] -- Installing: /home/darren/Servo_Controllers/install/interfaces/share/interfaces/cmake/interfaces__rosidl_typesupport_introspection_cExport.cmake
[3.953s] -- Installing: /home/darren/Servo_Controllers/install/interfaces/share/interfaces/cmake/interfaces__rosidl_typesupport_introspection_cExport-noconfig.cmake
[3.953s] -- Installing: /home/darren/Servo_Controllers/install/interfaces/share/interfaces/cmake/interfaces__rosidl_typesupport_cExport.cmake
[3.953s] -- Installing: /home/darren/Servo_Controllers/install/interfaces/share/interfaces/cmake/interfaces__rosidl_typesupport_cExport-noconfig.cmake
[3.953s] -- Installing: /home/darren/Servo_Controllers/install/interfaces/share/interfaces/cmake/export_interfaces__rosidl_generator_cppExport.cmake
[3.954s] -- Installing: /home/darren/Servo_Controllers/install/interfaces/share/interfaces/cmake/export_interfaces__rosidl_typesupport_fastrtps_cppExport.cmake
[3.954s] -- Installing: /home/darren/Servo_Controllers/install/interfaces/share/interfaces/cmake/export_interfaces__rosidl_typesupport_fastrtps_cppExport-noconfig.cmake
[3.954s] -- Installing: /home/darren/Servo_Controllers/install/interfaces/share/interfaces/cmake/interfaces__rosidl_typesupport_introspection_cppExport.cmake
[3.954s] -- Installing: /home/darren/Servo_Controllers/install/interfaces/share/interfaces/cmake/interfaces__rosidl_typesupport_introspection_cppExport-noconfig.cmake
[3.955s] -- Installing: /home/darren/Servo_Controllers/install/interfaces/share/interfaces/cmake/interfaces__rosidl_typesupport_cppExport.cmake
[3.955s] -- Installing: /home/darren/Servo_Controllers/install/interfaces/share/interfaces/cmake/interfaces__rosidl_typesupport_cppExport-noconfig.cmake
[3.955s] -- Installing: /home/darren/Servo_Controllers/install/interfaces/share/interfaces/cmake/export_interfaces__rosidl_generator_pyExport.cmake
[3.955s] -- Installing: /home/darren/Servo_Controllers/install/interfaces/share/interfaces/cmake/export_interfaces__rosidl_generator_pyExport-noconfig.cmake
[3.956s] -- Installing: /home/darren/Servo_Controllers/install/interfaces/share/interfaces/cmake/rosidl_cmake-extras.cmake
[3.956s] -- Installing: /home/darren/Servo_Controllers/install/interfaces/share/interfaces/cmake/ament_cmake_export_include_directories-extras.cmake
[3.956s] -- Installing: /home/darren/Servo_Controllers/install/interfaces/share/interfaces/cmake/ament_cmake_export_libraries-extras.cmake
[3.956s] -- Installing: /home/darren/Servo_Controllers/install/interfaces/share/interfaces/cmake/ament_cmake_export_targets-extras.cmake
[3.956s] -- Installing: /home/darren/Servo_Controllers/install/interfaces/share/interfaces/cmake/rosidl_cmake_export_typesupport_targets-extras.cmake
[3.956s] -- Installing: /home/darren/Servo_Controllers/install/interfaces/share/interfaces/cmake/ament_cmake_export_dependencies-extras.cmake
[3.957s] -- Installing: /home/darren/Servo_Controllers/install/interfaces/share/interfaces/cmake/rosidl_cmake_export_typesupport_libraries-extras.cmake
[3.957s] -- Installing: /home/darren/Servo_Controllers/install/interfaces/share/interfaces/cmake/interfacesConfig.cmake
[3.957s] -- Installing: /home/darren/Servo_Controllers/install/interfaces/share/interfaces/cmake/interfacesConfig-version.cmake
[3.957s] -- Up-to-date: /home/darren/Servo_Controllers/install/interfaces/share/interfaces/package.xml
[3.960s] Invoked command in '/home/darren/Servo_Controllers/build/interfaces' returned '0': CMAKE_PREFIX_PATH=${CMAKE_PREFIX_PATH}:/home/darren/Servo_Controllers/install/servo_pkg:/home/darren/ros2_ws/install/DW_DarrensController:/opt/ros/humble /usr/bin/cmake --install /home/darren/Servo_Controllers/build/interfaces
