[0.086s] DEBUG:colcon:Command line arguments: ['/usr/bin/colcon', 'build']
[0.086s] DEBUG:colcon:Parsed command line arguments: Namespace(log_base=None, log_level=None, verb_name='build', build_base='build', install_base='install', merge_install=False, symlink_install=False, test_result_base=None, continue_on_error=False, executor='parallel', parallel_workers=8, event_handlers=None, ignore_user_meta=False, metas=['./colcon.meta'], base_paths=['.'], packages_ignore=None, packages_ignore_regex=None, paths=None, packages_up_to=None, packages_up_to_regex=None, packages_above=None, packages_above_and_dependencies=None, packages_above_depth=None, packages_select_by_dep=None, packages_skip_by_dep=None, packages_skip_up_to=None, packages_select_build_failed=False, packages_skip_build_finished=False, packages_select_test_failures=False, packages_skip_test_passed=False, packages_select=None, packages_skip=None, packages_select_regex=None, packages_skip_regex=None, packages_start=None, packages_end=None, allow_overriding=[], cmake_args=None, cmake_target=None, cmake_target_skip_unavailable=False, cmake_clean_cache=False, cmake_clean_first=False, cmake_force_configure=False, ament_cmake_args=None, catkin_cmake_args=None, catkin_skip_building_tests=False, mixin_files=None, mixin=None, verb_parser=<colcon_mixin.mixin.mixin_argument.MixinArgumentDecorator object at 0x7bb57cd32ef0>, verb_extension=<colcon_core.verb.build.BuildVerb object at 0x7bb57cd32920>, main=<bound method BuildVerb.main of <colcon_core.verb.build.BuildVerb object at 0x7bb57cd32920>>, mixin_verb=('build',))
[0.114s] Level 1:colcon.colcon_core.package_discovery:discover_packages(colcon_meta) check parameters
[0.114s] Level 1:colcon.colcon_core.package_discovery:discover_packages(recursive) check parameters
[0.114s] Level 1:colcon.colcon_core.package_discovery:discover_packages(ignore) check parameters
[0.114s] Level 1:colcon.colcon_core.package_discovery:discover_packages(path) check parameters
[0.114s] Level 1:colcon.colcon_core.package_discovery:discover_packages(colcon_meta) discover
[0.115s] Level 1:colcon.colcon_core.package_discovery:discover_packages(recursive) discover
[0.115s] INFO:colcon.colcon_core.package_discovery:Crawling recursively for packages in '/home/darren/Servo_Controllers'
[0.115s] Level 1:colcon.colcon_core.package_identification:_identify(.) by extensions ['ignore', 'ignore_ament_install']
[0.115s] Level 1:colcon.colcon_core.package_identification:_identify(.) by extension 'ignore'
[0.115s] Level 1:colcon.colcon_core.package_identification:_identify(.) by extension 'ignore_ament_install'
[0.115s] Level 1:colcon.colcon_core.package_identification:_identify(.) by extensions ['colcon_pkg']
[0.115s] Level 1:colcon.colcon_core.package_identification:_identify(.) by extension 'colcon_pkg'
[0.115s] Level 1:colcon.colcon_core.package_identification:_identify(.) by extensions ['colcon_meta']
[0.115s] Level 1:colcon.colcon_core.package_identification:_identify(.) by extension 'colcon_meta'
[0.115s] Level 1:colcon.colcon_core.package_identification:_identify(.) by extensions ['ros']
[0.115s] Level 1:colcon.colcon_core.package_identification:_identify(.) by extension 'ros'
[0.125s] Level 1:colcon.colcon_core.package_identification:_identify(.) by extensions ['cmake', 'python']
[0.126s] Level 1:colcon.colcon_core.package_identification:_identify(.) by extension 'cmake'
[0.126s] Level 1:colcon.colcon_core.package_identification:_identify(.) by extension 'python'
[0.126s] Level 1:colcon.colcon_core.package_identification:_identify(.) by extensions ['python_setup_py']
[0.126s] Level 1:colcon.colcon_core.package_identification:_identify(.) by extension 'python_setup_py'
[0.126s] Level 1:colcon.colcon_core.package_identification:_identify(build) by extensions ['ignore', 'ignore_ament_install']
[0.126s] Level 1:colcon.colcon_core.package_identification:_identify(build) by extension 'ignore'
[0.126s] Level 1:colcon.colcon_core.package_identification:_identify(build) ignored
[0.126s] Level 1:colcon.colcon_core.package_identification:_identify(install) by extensions ['ignore', 'ignore_ament_install']
[0.126s] Level 1:colcon.colcon_core.package_identification:_identify(install) by extension 'ignore'
[0.126s] Level 1:colcon.colcon_core.package_identification:_identify(install) ignored
[0.126s] Level 1:colcon.colcon_core.package_identification:_identify(log) by extensions ['ignore', 'ignore_ament_install']
[0.126s] Level 1:colcon.colcon_core.package_identification:_identify(log) by extension 'ignore'
[0.126s] Level 1:colcon.colcon_core.package_identification:_identify(log) ignored
[0.126s] Level 1:colcon.colcon_core.package_identification:_identify(src) by extensions ['ignore', 'ignore_ament_install']
[0.126s] Level 1:colcon.colcon_core.package_identification:_identify(src) by extension 'ignore'
[0.126s] Level 1:colcon.colcon_core.package_identification:_identify(src) by extension 'ignore_ament_install'
[0.126s] Level 1:colcon.colcon_core.package_identification:_identify(src) by extensions ['colcon_pkg']
[0.126s] Level 1:colcon.colcon_core.package_identification:_identify(src) by extension 'colcon_pkg'
[0.126s] Level 1:colcon.colcon_core.package_identification:_identify(src) by extensions ['colcon_meta']
[0.126s] Level 1:colcon.colcon_core.package_identification:_identify(src) by extension 'colcon_meta'
[0.126s] Level 1:colcon.colcon_core.package_identification:_identify(src) by extensions ['ros']
[0.126s] Level 1:colcon.colcon_core.package_identification:_identify(src) by extension 'ros'
[0.127s] Level 1:colcon.colcon_core.package_identification:_identify(src) by extensions ['cmake', 'python']
[0.127s] Level 1:colcon.colcon_core.package_identification:_identify(src) by extension 'cmake'
[0.127s] Level 1:colcon.colcon_core.package_identification:_identify(src) by extension 'python'
[0.127s] Level 1:colcon.colcon_core.package_identification:_identify(src) by extensions ['python_setup_py']
[0.127s] Level 1:colcon.colcon_core.package_identification:_identify(src) by extension 'python_setup_py'
[0.127s] Level 1:colcon.colcon_core.package_identification:_identify(src/build) by extensions ['ignore', 'ignore_ament_install']
[0.127s] Level 1:colcon.colcon_core.package_identification:_identify(src/build) by extension 'ignore'
[0.127s] Level 1:colcon.colcon_core.package_identification:_identify(src/build) ignored
[0.127s] Level 1:colcon.colcon_core.package_identification:_identify(src/install) by extensions ['ignore', 'ignore_ament_install']
[0.127s] Level 1:colcon.colcon_core.package_identification:_identify(src/install) by extension 'ignore'
[0.127s] Level 1:colcon.colcon_core.package_identification:_identify(src/install) ignored
[0.127s] Level 1:colcon.colcon_core.package_identification:_identify(src/interfaces) by extensions ['ignore', 'ignore_ament_install']
[0.127s] Level 1:colcon.colcon_core.package_identification:_identify(src/interfaces) by extension 'ignore'
[0.127s] Level 1:colcon.colcon_core.package_identification:_identify(src/interfaces) by extension 'ignore_ament_install'
[0.127s] Level 1:colcon.colcon_core.package_identification:_identify(src/interfaces) by extensions ['colcon_pkg']
[0.127s] Level 1:colcon.colcon_core.package_identification:_identify(src/interfaces) by extension 'colcon_pkg'
[0.127s] Level 1:colcon.colcon_core.package_identification:_identify(src/interfaces) by extensions ['colcon_meta']
[0.127s] Level 1:colcon.colcon_core.package_identification:_identify(src/interfaces) by extension 'colcon_meta'
[0.127s] Level 1:colcon.colcon_core.package_identification:_identify(src/interfaces) by extensions ['ros']
[0.127s] Level 1:colcon.colcon_core.package_identification:_identify(src/interfaces) by extension 'ros'
[0.129s] DEBUG:colcon.colcon_core.package_identification:Package 'src/interfaces' with type 'ros.ament_cmake' and name 'interfaces'
[0.129s] Level 1:colcon.colcon_core.package_identification:_identify(src/log) by extensions ['ignore', 'ignore_ament_install']
[0.130s] Level 1:colcon.colcon_core.package_identification:_identify(src/log) by extension 'ignore'
[0.130s] Level 1:colcon.colcon_core.package_identification:_identify(src/log) ignored
[0.130s] Level 1:colcon.colcon_core.package_identification:_identify(src/servo_pkg) by extensions ['ignore', 'ignore_ament_install']
[0.130s] Level 1:colcon.colcon_core.package_identification:_identify(src/servo_pkg) by extension 'ignore'
[0.130s] Level 1:colcon.colcon_core.package_identification:_identify(src/servo_pkg) by extension 'ignore_ament_install'
[0.130s] Level 1:colcon.colcon_core.package_identification:_identify(src/servo_pkg) by extensions ['colcon_pkg']
[0.130s] Level 1:colcon.colcon_core.package_identification:_identify(src/servo_pkg) by extension 'colcon_pkg'
[0.130s] Level 1:colcon.colcon_core.package_identification:_identify(src/servo_pkg) by extensions ['colcon_meta']
[0.130s] Level 1:colcon.colcon_core.package_identification:_identify(src/servo_pkg) by extension 'colcon_meta'
[0.130s] Level 1:colcon.colcon_core.package_identification:_identify(src/servo_pkg) by extensions ['ros']
[0.130s] Level 1:colcon.colcon_core.package_identification:_identify(src/servo_pkg) by extension 'ros'
[0.130s] DEBUG:colcon.colcon_core.package_identification:Package 'src/servo_pkg' with type 'ros.ament_python' and name 'servo_pkg'
[0.130s] Level 1:colcon.colcon_core.package_discovery:discover_packages(recursive) using defaults
[0.130s] Level 1:colcon.colcon_core.package_discovery:discover_packages(ignore) discover
[0.130s] Level 1:colcon.colcon_core.package_discovery:discover_packages(ignore) using defaults
[0.130s] Level 1:colcon.colcon_core.package_discovery:discover_packages(path) discover
[0.130s] Level 1:colcon.colcon_core.package_discovery:discover_packages(path) using defaults
[0.145s] Level 1:colcon.colcon_core.package_discovery:discover_packages(prefix_path) check parameters
[0.146s] Level 1:colcon.colcon_core.package_discovery:discover_packages(prefix_path) discover
[0.146s] WARNING:colcon.colcon_ros.prefix_path.ament:The path '/home/darren/Servo_Controllers/install/servo_pkg' in the environment variable AMENT_PREFIX_PATH doesn't exist
[0.146s] WARNING:colcon.colcon_ros.prefix_path.ament:The path '/home/darren/Servo_Controllers/install/interfaces' in the environment variable AMENT_PREFIX_PATH doesn't exist
[0.146s] WARNING:colcon.colcon_ros.prefix_path.catkin:The path '/home/darren/Servo_Controllers/install/interfaces' in the environment variable CMAKE_PREFIX_PATH doesn't exist
[0.147s] DEBUG:colcon.colcon_installed_package_information.package_discovery:Found 0 installed packages in /home/darren/Servo_Controllers/install
[0.147s] DEBUG:colcon.colcon_installed_package_information.package_discovery:Found 1 installed packages in /home/darren/ros2_ws/install
[0.148s] DEBUG:colcon.colcon_installed_package_information.package_discovery:Found 276 installed packages in /opt/ros/humble
[0.149s] Level 1:colcon.colcon_core.package_discovery:discover_packages(prefix_path) using defaults
[0.177s] Level 5:colcon.colcon_core.verb:set package 'interfaces' build argument 'cmake_args' from command line to 'None'
[0.177s] Level 5:colcon.colcon_core.verb:set package 'interfaces' build argument 'cmake_target' from command line to 'None'
[0.177s] Level 5:colcon.colcon_core.verb:set package 'interfaces' build argument 'cmake_target_skip_unavailable' from command line to 'False'
[0.177s] Level 5:colcon.colcon_core.verb:set package 'interfaces' build argument 'cmake_clean_cache' from command line to 'False'
[0.177s] Level 5:colcon.colcon_core.verb:set package 'interfaces' build argument 'cmake_clean_first' from command line to 'False'
[0.177s] Level 5:colcon.colcon_core.verb:set package 'interfaces' build argument 'cmake_force_configure' from command line to 'False'
[0.177s] Level 5:colcon.colcon_core.verb:set package 'interfaces' build argument 'ament_cmake_args' from command line to 'None'
[0.177s] Level 5:colcon.colcon_core.verb:set package 'interfaces' build argument 'catkin_cmake_args' from command line to 'None'
[0.177s] Level 5:colcon.colcon_core.verb:set package 'interfaces' build argument 'catkin_skip_building_tests' from command line to 'False'
[0.177s] DEBUG:colcon.colcon_core.verb:Building package 'interfaces' with the following arguments: {'ament_cmake_args': None, 'build_base': '/home/darren/Servo_Controllers/build/interfaces', 'catkin_cmake_args': None, 'catkin_skip_building_tests': False, 'cmake_args': None, 'cmake_clean_cache': False, 'cmake_clean_first': False, 'cmake_force_configure': False, 'cmake_target': None, 'cmake_target_skip_unavailable': False, 'install_base': '/home/darren/Servo_Controllers/install/interfaces', 'merge_install': False, 'path': '/home/darren/Servo_Controllers/src/interfaces', 'symlink_install': False, 'test_result_base': None}
[0.177s] Level 5:colcon.colcon_core.verb:set package 'servo_pkg' build argument 'cmake_args' from command line to 'None'
[0.177s] Level 5:colcon.colcon_core.verb:set package 'servo_pkg' build argument 'cmake_target' from command line to 'None'
[0.177s] Level 5:colcon.colcon_core.verb:set package 'servo_pkg' build argument 'cmake_target_skip_unavailable' from command line to 'False'
[0.177s] Level 5:colcon.colcon_core.verb:set package 'servo_pkg' build argument 'cmake_clean_cache' from command line to 'False'
[0.177s] Level 5:colcon.colcon_core.verb:set package 'servo_pkg' build argument 'cmake_clean_first' from command line to 'False'
[0.177s] Level 5:colcon.colcon_core.verb:set package 'servo_pkg' build argument 'cmake_force_configure' from command line to 'False'
[0.177s] Level 5:colcon.colcon_core.verb:set package 'servo_pkg' build argument 'ament_cmake_args' from command line to 'None'
[0.177s] Level 5:colcon.colcon_core.verb:set package 'servo_pkg' build argument 'catkin_cmake_args' from command line to 'None'
[0.177s] Level 5:colcon.colcon_core.verb:set package 'servo_pkg' build argument 'catkin_skip_building_tests' from command line to 'False'
[0.177s] DEBUG:colcon.colcon_core.verb:Building package 'servo_pkg' with the following arguments: {'ament_cmake_args': None, 'build_base': '/home/darren/Servo_Controllers/build/servo_pkg', 'catkin_cmake_args': None, 'catkin_skip_building_tests': False, 'cmake_args': None, 'cmake_clean_cache': False, 'cmake_clean_first': False, 'cmake_force_configure': False, 'cmake_target': None, 'cmake_target_skip_unavailable': False, 'install_base': '/home/darren/Servo_Controllers/install/servo_pkg', 'merge_install': False, 'path': '/home/darren/Servo_Controllers/src/servo_pkg', 'symlink_install': False, 'test_result_base': None}
[0.178s] INFO:colcon.colcon_core.executor:Executing jobs using 'parallel' executor
[0.179s] DEBUG:colcon.colcon_parallel_executor.executor.parallel:run_until_complete
[0.179s] INFO:colcon.colcon_ros.task.ament_cmake.build:Building ROS package in '/home/darren/Servo_Controllers/src/interfaces' with build type 'ament_cmake'
[0.179s] INFO:colcon.colcon_cmake.task.cmake.build:Building CMake package in '/home/darren/Servo_Controllers/src/interfaces'
[0.180s] INFO:colcon.colcon_core.plugin_system:Skipping extension 'colcon_core.shell.bat': Not used on non-Windows systems
[0.181s] INFO:colcon.colcon_core.shell:Skip shell extension 'powershell' for command environment: Not usable outside of PowerShell
[0.181s] DEBUG:colcon.colcon_core.shell:Skip shell extension 'dsv' for command environment
[0.187s] DEBUG:colcon.colcon_core.event_handler.log_command:Invoking command in '/home/darren/Servo_Controllers/build/interfaces': CMAKE_PREFIX_PATH=${CMAKE_PREFIX_PATH}:/home/darren/Servo_Controllers/install/servo_pkg:/home/darren/ros2_ws/install/DW_DarrensController:/opt/ros/humble /usr/bin/cmake /home/darren/Servo_Controllers/src/interfaces -DCMAKE_INSTALL_PREFIX=/home/darren/Servo_Controllers/install/interfaces
[1.420s] DEBUG:colcon.colcon_core.event_handler.log_command:Invoked command in '/home/darren/Servo_Controllers/build/interfaces' returned '0': CMAKE_PREFIX_PATH=${CMAKE_PREFIX_PATH}:/home/darren/Servo_Controllers/install/servo_pkg:/home/darren/ros2_ws/install/DW_DarrensController:/opt/ros/humble /usr/bin/cmake /home/darren/Servo_Controllers/src/interfaces -DCMAKE_INSTALL_PREFIX=/home/darren/Servo_Controllers/install/interfaces
[1.422s] DEBUG:colcon.colcon_core.event_handler.log_command:Invoking command in '/home/darren/Servo_Controllers/build/interfaces': CMAKE_PREFIX_PATH=${CMAKE_PREFIX_PATH}:/home/darren/Servo_Controllers/install/servo_pkg:/home/darren/ros2_ws/install/DW_DarrensController:/opt/ros/humble /usr/bin/cmake --build /home/darren/Servo_Controllers/build/interfaces -- -j8 -l8
[3.576s] DEBUG:colcon.colcon_core.event_handler.log_command:Invoked command in '/home/darren/Servo_Controllers/build/interfaces' returned '0': CMAKE_PREFIX_PATH=${CMAKE_PREFIX_PATH}:/home/darren/Servo_Controllers/install/servo_pkg:/home/darren/ros2_ws/install/DW_DarrensController:/opt/ros/humble /usr/bin/cmake --build /home/darren/Servo_Controllers/build/interfaces -- -j8 -l8
[3.623s] DEBUG:colcon.colcon_core.event_handler.log_command:Invoking command in '/home/darren/Servo_Controllers/build/interfaces': CMAKE_PREFIX_PATH=${CMAKE_PREFIX_PATH}:/home/darren/Servo_Controllers/install/servo_pkg:/home/darren/ros2_ws/install/DW_DarrensController:/opt/ros/humble /usr/bin/cmake --install /home/darren/Servo_Controllers/build/interfaces
[3.674s] Level 1:colcon.colcon_core.environment:create_environment_scripts_only(interfaces)
[3.675s] DEBUG:colcon.colcon_core.event_handler.log_command:Invoked command in '/home/darren/Servo_Controllers/build/interfaces' returned '0': CMAKE_PREFIX_PATH=${CMAKE_PREFIX_PATH}:/home/darren/Servo_Controllers/install/servo_pkg:/home/darren/ros2_ws/install/DW_DarrensController:/opt/ros/humble /usr/bin/cmake --install /home/darren/Servo_Controllers/build/interfaces
[3.677s] Level 1:colcon.colcon_core.environment:checking '/home/darren/Servo_Controllers/install/interfaces' for CMake module files
[3.677s] Level 1:colcon.colcon_core.environment:checking '/home/darren/Servo_Controllers/install/interfaces' for CMake config files
[3.678s] Level 1:colcon.colcon_core.shell:create_environment_hook('interfaces', 'cmake_prefix_path')
[3.678s] INFO:colcon.colcon_core.shell:Creating environment hook '/home/darren/Servo_Controllers/install/interfaces/share/interfaces/hook/cmake_prefix_path.ps1'
[3.678s] INFO:colcon.colcon_core.shell:Creating environment descriptor '/home/darren/Servo_Controllers/install/interfaces/share/interfaces/hook/cmake_prefix_path.dsv'
[3.679s] INFO:colcon.colcon_core.shell:Creating environment hook '/home/darren/Servo_Controllers/install/interfaces/share/interfaces/hook/cmake_prefix_path.sh'
[3.679s] Level 1:colcon.colcon_core.environment:checking '/home/darren/Servo_Controllers/install/interfaces/lib'
[3.680s] Level 1:colcon.colcon_core.shell:create_environment_hook('interfaces', 'ld_library_path_lib')
[3.680s] INFO:colcon.colcon_core.shell:Creating environment hook '/home/darren/Servo_Controllers/install/interfaces/share/interfaces/hook/ld_library_path_lib.ps1'
[3.680s] INFO:colcon.colcon_core.shell:Creating environment descriptor '/home/darren/Servo_Controllers/install/interfaces/share/interfaces/hook/ld_library_path_lib.dsv'
[3.680s] INFO:colcon.colcon_core.shell:Creating environment hook '/home/darren/Servo_Controllers/install/interfaces/share/interfaces/hook/ld_library_path_lib.sh'
[3.681s] Level 1:colcon.colcon_core.environment:checking '/home/darren/Servo_Controllers/install/interfaces/bin'
[3.681s] Level 1:colcon.colcon_core.environment:checking '/home/darren/Servo_Controllers/install/interfaces/lib/pkgconfig/interfaces.pc'
[3.681s] Level 1:colcon.colcon_core.environment:checking '/home/darren/Servo_Controllers/install/interfaces/lib/python3.10/site-packages'
[3.681s] Level 1:colcon.colcon_core.environment:checking '/home/darren/Servo_Controllers/install/interfaces/bin'
[3.681s] INFO:colcon.colcon_core.shell:Creating package script '/home/darren/Servo_Controllers/install/interfaces/share/interfaces/package.ps1'
[3.682s] INFO:colcon.colcon_core.shell:Creating package descriptor '/home/darren/Servo_Controllers/install/interfaces/share/interfaces/package.dsv'
[3.682s] INFO:colcon.colcon_core.shell:Creating package script '/home/darren/Servo_Controllers/install/interfaces/share/interfaces/package.sh'
[3.683s] INFO:colcon.colcon_core.shell:Creating package script '/home/darren/Servo_Controllers/install/interfaces/share/interfaces/package.bash'
[3.683s] INFO:colcon.colcon_core.shell:Creating package script '/home/darren/Servo_Controllers/install/interfaces/share/interfaces/package.zsh'
[3.684s] Level 1:colcon.colcon_core.environment:create_file_with_runtime_dependencies(/home/darren/Servo_Controllers/install/interfaces/share/colcon-core/packages/interfaces)
[3.726s] Level 1:colcon.colcon_core.environment:create_environment_scripts_only(interfaces)
[3.726s] Level 1:colcon.colcon_core.environment:checking '/home/darren/Servo_Controllers/install/interfaces' for CMake module files
[3.727s] Level 1:colcon.colcon_core.environment:checking '/home/darren/Servo_Controllers/install/interfaces' for CMake config files
[3.727s] Level 1:colcon.colcon_core.shell:create_environment_hook('interfaces', 'cmake_prefix_path')
[3.728s] INFO:colcon.colcon_core.shell:Creating environment hook '/home/darren/Servo_Controllers/install/interfaces/share/interfaces/hook/cmake_prefix_path.ps1'
[3.728s] INFO:colcon.colcon_core.shell:Creating environment descriptor '/home/darren/Servo_Controllers/install/interfaces/share/interfaces/hook/cmake_prefix_path.dsv'
[3.728s] INFO:colcon.colcon_core.shell:Creating environment hook '/home/darren/Servo_Controllers/install/interfaces/share/interfaces/hook/cmake_prefix_path.sh'
[3.729s] Level 1:colcon.colcon_core.environment:checking '/home/darren/Servo_Controllers/install/interfaces/lib'
[3.729s] Level 1:colcon.colcon_core.shell:create_environment_hook('interfaces', 'ld_library_path_lib')
[3.729s] INFO:colcon.colcon_core.shell:Creating environment hook '/home/darren/Servo_Controllers/install/interfaces/share/interfaces/hook/ld_library_path_lib.ps1'
[3.729s] INFO:colcon.colcon_core.shell:Creating environment descriptor '/home/darren/Servo_Controllers/install/interfaces/share/interfaces/hook/ld_library_path_lib.dsv'
[3.730s] INFO:colcon.colcon_core.shell:Creating environment hook '/home/darren/Servo_Controllers/install/interfaces/share/interfaces/hook/ld_library_path_lib.sh'
[3.730s] Level 1:colcon.colcon_core.environment:checking '/home/darren/Servo_Controllers/install/interfaces/bin'
[3.730s] Level 1:colcon.colcon_core.environment:checking '/home/darren/Servo_Controllers/install/interfaces/lib/pkgconfig/interfaces.pc'
[3.730s] Level 1:colcon.colcon_core.environment:checking '/home/darren/Servo_Controllers/install/interfaces/lib/python3.10/site-packages'
[3.730s] Level 1:colcon.colcon_core.environment:checking '/home/darren/Servo_Controllers/install/interfaces/bin'
[3.731s] INFO:colcon.colcon_core.shell:Creating package script '/home/darren/Servo_Controllers/install/interfaces/share/interfaces/package.ps1'
[3.731s] INFO:colcon.colcon_core.shell:Creating package descriptor '/home/darren/Servo_Controllers/install/interfaces/share/interfaces/package.dsv'
[3.732s] INFO:colcon.colcon_core.shell:Creating package script '/home/darren/Servo_Controllers/install/interfaces/share/interfaces/package.sh'
[3.732s] INFO:colcon.colcon_core.shell:Creating package script '/home/darren/Servo_Controllers/install/interfaces/share/interfaces/package.bash'
[3.732s] INFO:colcon.colcon_core.shell:Creating package script '/home/darren/Servo_Controllers/install/interfaces/share/interfaces/package.zsh'
[3.733s] Level 1:colcon.colcon_core.environment:create_file_with_runtime_dependencies(/home/darren/Servo_Controllers/install/interfaces/share/colcon-core/packages/interfaces)
[3.733s] INFO:colcon.colcon_ros.task.ament_python.build:Building ROS package in '/home/darren/Servo_Controllers/src/servo_pkg' with build type 'ament_python'
[3.733s] Level 1:colcon.colcon_core.shell:create_environment_hook('servo_pkg', 'ament_prefix_path')
[3.733s] INFO:colcon.colcon_core.shell:Creating environment hook '/home/darren/Servo_Controllers/install/servo_pkg/share/servo_pkg/hook/ament_prefix_path.ps1'
[3.734s] INFO:colcon.colcon_core.shell:Creating environment descriptor '/home/darren/Servo_Controllers/install/servo_pkg/share/servo_pkg/hook/ament_prefix_path.dsv'
[3.734s] INFO:colcon.colcon_core.shell:Creating environment hook '/home/darren/Servo_Controllers/install/servo_pkg/share/servo_pkg/hook/ament_prefix_path.sh'
[3.734s] INFO:colcon.colcon_core.shell:Skip shell extension 'powershell' for command environment: Not usable outside of PowerShell
[3.735s] DEBUG:colcon.colcon_core.shell:Skip shell extension 'dsv' for command environment
[3.888s] INFO:colcon.colcon_core.task.python.build:Building Python package in '/home/darren/Servo_Controllers/src/servo_pkg'
[3.888s] INFO:colcon.colcon_core.shell:Skip shell extension 'powershell' for command environment: Not usable outside of PowerShell
[3.888s] DEBUG:colcon.colcon_core.shell:Skip shell extension 'dsv' for command environment
[4.234s] DEBUG:colcon.colcon_core.event_handler.log_command:Invoking command in '/home/darren/Servo_Controllers/src/servo_pkg': PYTHONPATH=/home/darren/Servo_Controllers/build/servo_pkg/prefix_override:/usr/lib/python3/dist-packages/colcon_core/task/python/colcon_distutils_commands:/home/darren/Servo_Controllers/install/servo_pkg/lib/python3.10/site-packages:${PYTHONPATH} /usr/bin/python3 -W ignore:setup.py install is deprecated setup.py egg_info --egg-base ../../build/servo_pkg build --build-base /home/darren/Servo_Controllers/build/servo_pkg/build install --record /home/darren/Servo_Controllers/build/servo_pkg/install.log --single-version-externally-managed install_data
[4.603s] Level 1:colcon.colcon_core.environment:checking '/home/darren/Servo_Controllers/install/servo_pkg' for CMake module files
[4.604s] DEBUG:colcon.colcon_core.event_handler.log_command:Invoked command in '/home/darren/Servo_Controllers/src/servo_pkg' returned '0': PYTHONPATH=/home/darren/Servo_Controllers/build/servo_pkg/prefix_override:/usr/lib/python3/dist-packages/colcon_core/task/python/colcon_distutils_commands:/home/darren/Servo_Controllers/install/servo_pkg/lib/python3.10/site-packages:${PYTHONPATH} /usr/bin/python3 -W ignore:setup.py install is deprecated setup.py egg_info --egg-base ../../build/servo_pkg build --build-base /home/darren/Servo_Controllers/build/servo_pkg/build install --record /home/darren/Servo_Controllers/build/servo_pkg/install.log --single-version-externally-managed install_data
[4.604s] Level 1:colcon.colcon_core.environment:checking '/home/darren/Servo_Controllers/install/servo_pkg' for CMake config files
[4.604s] Level 1:colcon.colcon_core.environment:checking '/home/darren/Servo_Controllers/install/servo_pkg/lib'
[4.604s] Level 1:colcon.colcon_core.environment:checking '/home/darren/Servo_Controllers/install/servo_pkg/bin'
[4.604s] Level 1:colcon.colcon_core.environment:checking '/home/darren/Servo_Controllers/install/servo_pkg/lib/pkgconfig/servo_pkg.pc'
[4.605s] Level 1:colcon.colcon_core.environment:checking '/home/darren/Servo_Controllers/install/servo_pkg/lib/python3.10/site-packages'
[4.605s] Level 1:colcon.colcon_core.shell:create_environment_hook('servo_pkg', 'pythonpath')
[4.605s] INFO:colcon.colcon_core.shell:Creating environment hook '/home/darren/Servo_Controllers/install/servo_pkg/share/servo_pkg/hook/pythonpath.ps1'
[4.605s] INFO:colcon.colcon_core.shell:Creating environment descriptor '/home/darren/Servo_Controllers/install/servo_pkg/share/servo_pkg/hook/pythonpath.dsv'
[4.605s] INFO:colcon.colcon_core.shell:Creating environment hook '/home/darren/Servo_Controllers/install/servo_pkg/share/servo_pkg/hook/pythonpath.sh'
[4.606s] Level 1:colcon.colcon_core.environment:checking '/home/darren/Servo_Controllers/install/servo_pkg/bin'
[4.606s] Level 1:colcon.colcon_core.environment:create_environment_scripts_only(servo_pkg)
[4.606s] INFO:colcon.colcon_core.shell:Creating package script '/home/darren/Servo_Controllers/install/servo_pkg/share/servo_pkg/package.ps1'
[4.606s] INFO:colcon.colcon_core.shell:Creating package descriptor '/home/darren/Servo_Controllers/install/servo_pkg/share/servo_pkg/package.dsv'
[4.607s] INFO:colcon.colcon_core.shell:Creating package script '/home/darren/Servo_Controllers/install/servo_pkg/share/servo_pkg/package.sh'
[4.607s] INFO:colcon.colcon_core.shell:Creating package script '/home/darren/Servo_Controllers/install/servo_pkg/share/servo_pkg/package.bash'
[4.607s] INFO:colcon.colcon_core.shell:Creating package script '/home/darren/Servo_Controllers/install/servo_pkg/share/servo_pkg/package.zsh'
[4.607s] Level 1:colcon.colcon_core.environment:create_file_with_runtime_dependencies(/home/darren/Servo_Controllers/install/servo_pkg/share/colcon-core/packages/servo_pkg)
[4.608s] DEBUG:colcon.colcon_parallel_executor.executor.parallel:closing loop
[4.608s] DEBUG:colcon.colcon_parallel_executor.executor.parallel:loop closed
[4.608s] DEBUG:colcon.colcon_parallel_executor.executor.parallel:run_until_complete finished with '0'
[4.608s] DEBUG:colcon.colcon_core.event_reactor:joining thread
[4.612s] INFO:colcon.colcon_core.plugin_system:Skipping extension 'colcon_notification.desktop_notification.terminal_notifier': Not used on non-Darwin systems
[4.612s] INFO:colcon.colcon_core.plugin_system:Skipping extension 'colcon_notification.desktop_notification.win32': Not used on non-Windows systems
[4.612s] INFO:colcon.colcon_notification.desktop_notification:Sending desktop notification using 'notify2'
[4.623s] DEBUG:colcon.colcon_core.event_reactor:joined thread
[4.623s] INFO:colcon.colcon_core.shell:Creating prefix script '/home/darren/Servo_Controllers/install/local_setup.ps1'
[4.624s] INFO:colcon.colcon_core.shell:Creating prefix util module '/home/darren/Servo_Controllers/install/_local_setup_util_ps1.py'
[4.625s] INFO:colcon.colcon_core.shell:Creating prefix chain script '/home/darren/Servo_Controllers/install/setup.ps1'
[4.626s] INFO:colcon.colcon_core.shell:Creating prefix script '/home/darren/Servo_Controllers/install/local_setup.sh'
[4.626s] INFO:colcon.colcon_core.shell:Creating prefix util module '/home/darren/Servo_Controllers/install/_local_setup_util_sh.py'
[4.627s] INFO:colcon.colcon_core.shell:Creating prefix chain script '/home/darren/Servo_Controllers/install/setup.sh'
[4.628s] INFO:colcon.colcon_core.shell:Creating prefix script '/home/darren/Servo_Controllers/install/local_setup.bash'
[4.628s] INFO:colcon.colcon_core.shell:Creating prefix chain script '/home/darren/Servo_Controllers/install/setup.bash'
[4.629s] INFO:colcon.colcon_core.shell:Creating prefix script '/home/darren/Servo_Controllers/install/local_setup.zsh'
[4.630s] INFO:colcon.colcon_core.shell:Creating prefix chain script '/home/darren/Servo_Controllers/install/setup.zsh'
