[0.516s] Invoking command in '/home/darren/Servo_Controllers/src/servo_pkg': PYTHONPATH=/home/darren/Servo_Controllers/build/servo_pkg/prefix_override:/usr/lib/python3/dist-packages/colcon_core/task/python/colcon_distutils_commands:/home/darren/Servo_Controllers/install/servo_pkg/lib/python3.10/site-packages:${PYTHONPATH} /usr/bin/python3 -W ignore:setup.py install is deprecated setup.py egg_info --egg-base ../../build/servo_pkg build --build-base /home/darren/Servo_Controllers/build/servo_pkg/build install --record /home/darren/Servo_Controllers/build/servo_pkg/install.log --single-version-externally-managed install_data
[0.695s] running egg_info
[0.705s] writing ../../build/servo_pkg/servo_pkg.egg-info/PKG-INFO
[0.705s] writing dependency_links to ../../build/servo_pkg/servo_pkg.egg-info/dependency_links.txt
[0.706s] writing entry points to ../../build/servo_pkg/servo_pkg.egg-info/entry_points.txt
[0.706s] writing requirements to ../../build/servo_pkg/servo_pkg.egg-info/requires.txt
[0.706s] writing top-level names to ../../build/servo_pkg/servo_pkg.egg-info/top_level.txt
[0.731s] reading manifest file '../../build/servo_pkg/servo_pkg.egg-info/SOURCES.txt'
[0.732s] writing manifest file '../../build/servo_pkg/servo_pkg.egg-info/SOURCES.txt'
[0.732s] running build
[0.732s] running build_py
[0.732s] copying servo_pkg/__init__.py -> /home/darren/Servo_Controllers/build/servo_pkg/build/lib/servo_pkg
[0.732s] copying servo_pkg/maestro.py -> /home/darren/Servo_Controllers/build/servo_pkg/build/lib/servo_pkg
[0.732s] copying servo_pkg/maestro.py -> /home/darren/Servo_Controllers/build/servo_pkg/build/lib/servo_pkg
[0.732s] copying servo_pkg/USB_Servo.py -> /home/darren/Servo_Controllers/build/servo_pkg/build/lib/servo_pkg
[0.732s] copying servo_pkg/servo_client.py -> /home/darren/Servo_Controllers/build/servo_pkg/build/lib/servo_pkg
[0.732s] copying servo_pkg/__init__.py -> /home/darren/Servo_Controllers/build/servo_pkg/build/lib/servo_pkg
[0.732s] copying servo_pkg/i2c_Servo.py -> /home/darren/Servo_Controllers/build/servo_pkg/build/lib/servo_pkg
[0.733s] running install
[0.738s] running install_lib
[0.752s] running install_data
[0.752s] copying resource/servo_pkg -> /home/darren/Servo_Controllers/install/servo_pkg/share/ament_index/resource_index/packages
[0.752s] copying package.xml -> /home/darren/Servo_Controllers/install/servo_pkg/share/servo_pkg
[0.752s] running install_egg_info
[0.767s] removing '/home/darren/Servo_Controllers/install/servo_pkg/lib/python3.10/site-packages/servo_pkg-0.0.0-py3.10.egg-info' (and everything under it)
[0.767s] Copying ../../build/servo_pkg/servo_pkg.egg-info to /home/darren/Servo_Controllers/install/servo_pkg/lib/python3.10/site-packages/servo_pkg-0.0.0-py3.10.egg-info
[0.767s] running install_scripts
[0.859s] Installing i2c_servo_service script to /home/darren/Servo_Controllers/install/servo_pkg/lib/servo_pkg
[0.859s] Installing servo_client script to /home/darren/Servo_Controllers/install/servo_pkg/lib/servo_pkg
[0.859s] Installing usb_servo_service script to /home/darren/Servo_Controllers/install/servo_pkg/lib/servo_pkg
[0.859s] writing list of installed files to '/home/darren/Servo_Controllers/build/servo_pkg/install.log'
[0.879s] Invoked command in '/home/darren/Servo_Controllers/src/servo_pkg' returned '0': PYTHONPATH=/home/darren/Servo_Controllers/build/servo_pkg/prefix_override:/usr/lib/python3/dist-packages/colcon_core/task/python/colcon_distutils_commands:/home/darren/Servo_Controllers/install/servo_pkg/lib/python3.10/site-packages:${PYTHONPATH} /usr/bin/python3 -W ignore:setup.py install is deprecated setup.py egg_info --egg-base ../../build/servo_pkg build --build-base /home/darren/Servo_Controllers/build/servo_pkg/build install --record /home/darren/Servo_Controllers/build/servo_pkg/install.log --single-version-externally-managed install_data
