[0.008s] Invoking command in '/home/darren/Servo_Controllers/build/interfaces': CMAKE_PREFIX_PATH=${CMAKE_PREFIX_PATH}:/home/darren/Servo_Controllers/install/servo_pkg:/home/darren/ros2_ws/install/DW_DarrensController:/opt/ros/humble /usr/bin/cmake /home/darren/Servo_Controllers/src/interfaces -DCMAKE_INSTALL_PREFIX=/home/darren/Servo_Controllers/install/interfaces
[0.050s] -- The C compiler identification is GNU 11.4.0
[0.099s] -- The CXX compiler identification is GNU 11.4.0
[0.103s] -- Detecting C compiler ABI info
[0.162s] -- Detecting C compiler ABI info - done
[0.167s] -- Check for working C compiler: /usr/bin/cc - skipped
[0.167s] -- Detecting C compile features
[0.167s] -- Detecting C compile features - done
[0.169s] -- Detecting CXX compiler ABI info
[0.229s] -- Detecting CXX compiler ABI info - done
[0.236s] -- Check for working CXX compiler: /usr/bin/c++ - skipped
[0.236s] -- Detecting CXX compile features
[0.237s] -- Detecting CXX compile features - done
[0.239s] -- Found ament_cmake: 1.3.10 (/opt/ros/humble/share/ament_cmake/cmake)
[0.525s] -- Found Python3: /usr/bin/python3 (found version "3.10.12") found components: Interpreter 
[0.594s] -- Found rosidl_default_generators: 1.2.0 (/opt/ros/humble/share/rosidl_default_generators/cmake)
[0.596s] -- Using all available rosidl_typesupport_c: rosidl_typesupport_fastrtps_c;rosidl_typesupport_introspection_c
[0.600s] -- Found rosidl_adapter: 3.1.5 (/opt/ros/humble/share/rosidl_adapter/cmake)
[0.624s] -- Using all available rosidl_typesupport_cpp: rosidl_typesupport_fastrtps_cpp;rosidl_typesupport_introspection_cpp
[0.821s] -- Found ament_cmake_ros: 0.10.0 (/opt/ros/humble/share/ament_cmake_ros/cmake)
[0.951s] -- Using all available rosidl_typesupport_c: rosidl_typesupport_fastrtps_c;rosidl_typesupport_introspection_c
[1.125s] -- Using all available rosidl_typesupport_cpp: rosidl_typesupport_fastrtps_cpp;rosidl_typesupport_introspection_cpp
[1.142s] -- Found PythonInterp: /usr/bin/python3 (found suitable version "3.10.12", minimum required is "3.6") 
[1.143s] -- Found python_cmake_module: 0.10.0 (/opt/ros/humble/share/python_cmake_module/cmake)
[1.162s] -- Found PythonLibs: /usr/lib/x86_64-linux-gnu/libpython3.10.so (found suitable version "3.10.12", minimum required is "3.5") 
[1.162s] -- Using PYTHON_EXECUTABLE: /usr/bin/python3
[1.162s] -- Using PYTHON_INCLUDE_DIRS: /usr/include/python3.10
[1.162s] -- Using PYTHON_LIBRARIES: /usr/lib/x86_64-linux-gnu/libpython3.10.so
[1.178s] -- Found PythonExtra: .so  
[1.201s] -- Found ament_lint_auto: 0.12.11 (/opt/ros/humble/share/ament_lint_auto/cmake)
[1.211s] -- Added test 'lint_cmake' to check CMake code style
[1.212s] -- Added test 'xmllint' to check XML markup files
[1.214s] -- Configuring done
[1.234s] -- Generating done
[1.236s] -- Build files have been written to: /home/darren/Servo_Controllers/build/interfaces
[1.242s] Invoked command in '/home/darren/Servo_Controllers/build/interfaces' returned '0': CMAKE_PREFIX_PATH=${CMAKE_PREFIX_PATH}:/home/darren/Servo_Controllers/install/servo_pkg:/home/darren/ros2_ws/install/DW_DarrensController:/opt/ros/humble /usr/bin/cmake /home/darren/Servo_Controllers/src/interfaces -DCMAKE_INSTALL_PREFIX=/home/darren/Servo_Controllers/install/interfaces
[1.243s] Invoking command in '/home/darren/Servo_Controllers/build/interfaces': CMAKE_PREFIX_PATH=${CMAKE_PREFIX_PATH}:/home/darren/Servo_Controllers/install/servo_pkg:/home/darren/ros2_ws/install/DW_DarrensController:/opt/ros/humble /usr/bin/cmake --build /home/darren/Servo_Controllers/build/interfaces -- -j8 -l8
[1.272s] [  3%] [34m[1mGenerating C code for ROS interfaces[0m
[1.282s] [  6%] [34m[1mGenerating C++ code for ROS interfaces[0m
[1.290s] [  6%] Built target ament_cmake_python_copy_interfaces
[1.530s] running egg_info
[1.549s] creating interfaces.egg-info
[1.549s] writing interfaces.egg-info/PKG-INFO
[1.550s] writing dependency_links to interfaces.egg-info/dependency_links.txt
[1.550s] writing top-level names to interfaces.egg-info/top_level.txt
[1.550s] writing manifest file 'interfaces.egg-info/SOURCES.txt'
[1.607s] reading manifest file 'interfaces.egg-info/SOURCES.txt'
[1.608s] writing manifest file 'interfaces.egg-info/SOURCES.txt'
[1.623s] [  9%] [32mBuilding C object CMakeFiles/interfaces__rosidl_generator_c.dir/rosidl_generator_c/interfaces/srv/detail/move_servo__functions.c.o[0m
[1.624s] [  9%] Built target interfaces__cpp
[1.636s] [ 12%] [34m[1mGenerating C++ introspection for ROS interfaces[0m
[1.636s] [ 16%] [34m[1mGenerating C++ type support dispatch for ROS interfaces[0m
[1.641s] [ 19%] [34m[1mGenerating C++ type support for eProsima Fast-RTPS[0m
[1.645s] [ 19%] Built target ament_cmake_python_build_interfaces_egg
[1.693s] [ 22%] [32m[1mLinking C shared library libinterfaces__rosidl_generator_c.so[0m
[1.732s] [ 22%] Built target interfaces__rosidl_generator_c
[1.743s] [ 25%] [34m[1mGenerating C type support dispatch for ROS interfaces[0m
[1.746s] [ 29%] [34m[1mGenerating C introspection for ROS interfaces[0m
[1.748s] [ 32%] [34m[1mGenerating C type support for eProsima Fast-RTPS[0m
[2.081s] [ 35%] [32mBuilding CXX object CMakeFiles/interfaces__rosidl_typesupport_c.dir/rosidl_typesupport_c/interfaces/srv/move_servo__type_support.cpp.o[0m
[2.119s] [ 38%] [32m[1mLinking CXX shared library libinterfaces__rosidl_typesupport_c.so[0m
[2.126s] [ 41%] [32mBuilding CXX object CMakeFiles/interfaces__rosidl_typesupport_fastrtps_c.dir/rosidl_typesupport_fastrtps_c/interfaces/srv/detail/move_servo__type_support_c.cpp.o[0m
[2.148s] [ 45%] [32mBuilding CXX object CMakeFiles/interfaces__rosidl_typesupport_cpp.dir/rosidl_typesupport_cpp/interfaces/srv/move_servo__type_support.cpp.o[0m
[2.189s] [ 45%] Built target interfaces__rosidl_typesupport_c
[2.268s] [ 48%] [32mBuilding CXX object CMakeFiles/interfaces__rosidl_typesupport_introspection_cpp.dir/rosidl_typesupport_introspection_cpp/interfaces/srv/detail/move_servo__type_support.cpp.o[0m
[2.281s] [ 51%] [32mBuilding CXX object CMakeFiles/interfaces__rosidl_typesupport_fastrtps_cpp.dir/rosidl_typesupport_fastrtps_cpp/interfaces/srv/detail/dds_fastrtps/move_servo__type_support.cpp.o[0m
[2.310s] [ 54%] [32mBuilding C object CMakeFiles/interfaces__rosidl_typesupport_introspection_c.dir/rosidl_typesupport_introspection_c/interfaces/srv/detail/move_servo__type_support.c.o[0m
[2.374s] [ 58%] [32m[1mLinking C shared library libinterfaces__rosidl_typesupport_introspection_c.so[0m
[2.428s] [ 58%] Built target interfaces__rosidl_typesupport_introspection_c
[2.508s] [ 61%] [32m[1mLinking CXX shared library libinterfaces__rosidl_typesupport_cpp.so[0m
[2.557s] [ 61%] Built target interfaces__rosidl_typesupport_cpp
[2.576s] [ 64%] [32m[1mLinking CXX shared library libinterfaces__rosidl_typesupport_fastrtps_c.so[0m
[2.651s] [ 64%] Built target interfaces__rosidl_typesupport_fastrtps_c
[2.715s] [ 67%] [32m[1mLinking CXX shared library libinterfaces__rosidl_typesupport_introspection_cpp.so[0m
[2.743s] [ 70%] [32m[1mLinking CXX shared library libinterfaces__rosidl_typesupport_fastrtps_cpp.so[0m
[2.772s] [ 70%] Built target interfaces__rosidl_typesupport_introspection_cpp
[2.805s] [ 70%] Built target interfaces__rosidl_typesupport_fastrtps_cpp
[2.819s] [ 70%] Built target interfaces
[2.836s] [ 74%] [34m[1mGenerating Python code for ROS interfaces[0m
[3.121s] [ 74%] Built target interfaces__py
[3.136s] [ 77%] [32mBuilding C object CMakeFiles/interfaces__rosidl_generator_py.dir/rosidl_generator_py/interfaces/srv/_move_servo_s.c.o[0m
[3.209s] [ 80%] [32m[1mLinking C shared library rosidl_generator_py/interfaces/libinterfaces__rosidl_generator_py.so[0m
[3.238s] [ 80%] Built target interfaces__rosidl_generator_py
[3.257s] [ 90%] [32mBuilding C object CMakeFiles/interfaces__rosidl_typesupport_fastrtps_c__pyext.dir/rosidl_generator_py/interfaces/_interfaces_s.ep.rosidl_typesupport_fastrtps_c.c.o[0m
[3.257s] [ 90%] [32mBuilding C object CMakeFiles/interfaces__rosidl_typesupport_c__pyext.dir/rosidl_generator_py/interfaces/_interfaces_s.ep.rosidl_typesupport_c.c.o[0m
[3.257s] [ 90%] [32mBuilding C object CMakeFiles/interfaces__rosidl_typesupport_introspection_c__pyext.dir/rosidl_generator_py/interfaces/_interfaces_s.ep.rosidl_typesupport_introspection_c.c.o[0m
[3.351s] [ 96%] [32m[1mLinking C shared library rosidl_generator_py/interfaces/interfaces_s__rosidl_typesupport_c.cpython-310-x86_64-linux-gnu.so[0m
[3.351s] [ 96%] [32m[1mLinking C shared library rosidl_generator_py/interfaces/interfaces_s__rosidl_typesupport_introspection_c.cpython-310-x86_64-linux-gnu.so[0m
[3.355s] [100%] [32m[1mLinking C shared library rosidl_generator_py/interfaces/interfaces_s__rosidl_typesupport_fastrtps_c.cpython-310-x86_64-linux-gnu.so[0m
[3.384s] [100%] Built target interfaces__rosidl_typesupport_introspection_c__pyext
[3.385s] [100%] Built target interfaces__rosidl_typesupport_c__pyext
[3.388s] [100%] Built target interfaces__rosidl_typesupport_fastrtps_c__pyext
[3.397s] Invoked command in '/home/darren/Servo_Controllers/build/interfaces' returned '0': CMAKE_PREFIX_PATH=${CMAKE_PREFIX_PATH}:/home/darren/Servo_Controllers/install/servo_pkg:/home/darren/ros2_ws/install/DW_DarrensController:/opt/ros/humble /usr/bin/cmake --build /home/darren/Servo_Controllers/build/interfaces -- -j8 -l8
[3.444s] Invoking command in '/home/darren/Servo_Controllers/build/interfaces': CMAKE_PREFIX_PATH=${CMAKE_PREFIX_PATH}:/home/darren/Servo_Controllers/install/servo_pkg:/home/darren/ros2_ws/install/DW_DarrensController:/opt/ros/humble /usr/bin/cmake --install /home/darren/Servo_Controllers/build/interfaces
[3.450s] -- Install configuration: ""
[3.450s] -- Installing: /home/darren/Servo_Controllers/install/interfaces/share/ament_index/resource_index/rosidl_interfaces/interfaces
[3.450s] -- Installing: /home/darren/Servo_Controllers/install/interfaces/include/interfaces/interfaces
[3.450s] -- Installing: /home/darren/Servo_Controllers/install/interfaces/include/interfaces/interfaces/msg
[3.450s] -- Installing: /home/darren/Servo_Controllers/install/interfaces/include/interfaces/interfaces/msg/rosidl_generator_c__visibility_control.h
[3.450s] -- Installing: /home/darren/Servo_Controllers/install/interfaces/include/interfaces/interfaces/srv
[3.450s] -- Installing: /home/darren/Servo_Controllers/install/interfaces/include/interfaces/interfaces/srv/move_servo.h
[3.450s] -- Installing: /home/darren/Servo_Controllers/install/interfaces/include/interfaces/interfaces/srv/detail
[3.451s] -- Installing: /home/darren/Servo_Controllers/install/interfaces/include/interfaces/interfaces/srv/detail/move_servo__functions.h
[3.451s] -- Installing: /home/darren/Servo_Controllers/install/interfaces/include/interfaces/interfaces/srv/detail/move_servo__functions.c
[3.451s] -- Installing: /home/darren/Servo_Controllers/install/interfaces/include/interfaces/interfaces/srv/detail/move_servo__struct.h
[3.451s] -- Installing: /home/darren/Servo_Controllers/install/interfaces/include/interfaces/interfaces/srv/detail/move_servo__type_support.h
[3.451s] -- Installing: /home/darren/Servo_Controllers/install/interfaces/share/interfaces/environment/library_path.sh
[3.451s] -- Installing: /home/darren/Servo_Controllers/install/interfaces/share/interfaces/environment/library_path.dsv
[3.451s] -- Installing: /home/darren/Servo_Controllers/install/interfaces/lib/libinterfaces__rosidl_generator_c.so
[3.451s] -- Set runtime path of "/home/darren/Servo_Controllers/install/interfaces/lib/libinterfaces__rosidl_generator_c.so" to ""
[3.451s] -- Up-to-date: /home/darren/Servo_Controllers/install/interfaces/include/interfaces/interfaces
[3.451s] -- Up-to-date: /home/darren/Servo_Controllers/install/interfaces/include/interfaces/interfaces/msg
[3.451s] -- Installing: /home/darren/Servo_Controllers/install/interfaces/include/interfaces/interfaces/msg/rosidl_typesupport_fastrtps_c__visibility_control.h
[3.451s] -- Up-to-date: /home/darren/Servo_Controllers/install/interfaces/include/interfaces/interfaces/srv
[3.452s] -- Up-to-date: /home/darren/Servo_Controllers/install/interfaces/include/interfaces/interfaces/srv/detail
[3.452s] -- Installing: /home/darren/Servo_Controllers/install/interfaces/include/interfaces/interfaces/srv/detail/move_servo__rosidl_typesupport_fastrtps_c.h
[3.452s] -- Installing: /home/darren/Servo_Controllers/install/interfaces/lib/libinterfaces__rosidl_typesupport_fastrtps_c.so
[3.452s] -- Set runtime path of "/home/darren/Servo_Controllers/install/interfaces/lib/libinterfaces__rosidl_typesupport_fastrtps_c.so" to ""
[3.452s] -- Up-to-date: /home/darren/Servo_Controllers/install/interfaces/include/interfaces/interfaces
[3.452s] -- Up-to-date: /home/darren/Servo_Controllers/install/interfaces/include/interfaces/interfaces/msg
[3.452s] -- Installing: /home/darren/Servo_Controllers/install/interfaces/include/interfaces/interfaces/msg/rosidl_typesupport_introspection_c__visibility_control.h
[3.452s] -- Up-to-date: /home/darren/Servo_Controllers/install/interfaces/include/interfaces/interfaces/srv
[3.452s] -- Up-to-date: /home/darren/Servo_Controllers/install/interfaces/include/interfaces/interfaces/srv/detail
[3.452s] -- Installing: /home/darren/Servo_Controllers/install/interfaces/include/interfaces/interfaces/srv/detail/move_servo__rosidl_typesupport_introspection_c.h
[3.452s] -- Installing: /home/darren/Servo_Controllers/install/interfaces/include/interfaces/interfaces/srv/detail/move_servo__type_support.c
[3.452s] -- Installing: /home/darren/Servo_Controllers/install/interfaces/lib/libinterfaces__rosidl_typesupport_introspection_c.so
[3.453s] -- Set runtime path of "/home/darren/Servo_Controllers/install/interfaces/lib/libinterfaces__rosidl_typesupport_introspection_c.so" to ""
[3.453s] -- Installing: /home/darren/Servo_Controllers/install/interfaces/lib/libinterfaces__rosidl_typesupport_c.so
[3.453s] -- Set runtime path of "/home/darren/Servo_Controllers/install/interfaces/lib/libinterfaces__rosidl_typesupport_c.so" to ""
[3.453s] -- Up-to-date: /home/darren/Servo_Controllers/install/interfaces/include/interfaces/interfaces
[3.453s] -- Up-to-date: /home/darren/Servo_Controllers/install/interfaces/include/interfaces/interfaces/srv
[3.453s] -- Installing: /home/darren/Servo_Controllers/install/interfaces/include/interfaces/interfaces/srv/move_servo.hpp
[3.453s] -- Up-to-date: /home/darren/Servo_Controllers/install/interfaces/include/interfaces/interfaces/srv/detail
[3.453s] -- Installing: /home/darren/Servo_Controllers/install/interfaces/include/interfaces/interfaces/srv/detail/move_servo__struct.hpp
[3.453s] -- Installing: /home/darren/Servo_Controllers/install/interfaces/include/interfaces/interfaces/srv/detail/move_servo__builder.hpp
[3.453s] -- Installing: /home/darren/Servo_Controllers/install/interfaces/include/interfaces/interfaces/srv/detail/move_servo__traits.hpp
[3.453s] -- Up-to-date: /home/darren/Servo_Controllers/install/interfaces/include/interfaces/interfaces
[3.454s] -- Up-to-date: /home/darren/Servo_Controllers/install/interfaces/include/interfaces/interfaces/msg
[3.454s] -- Installing: /home/darren/Servo_Controllers/install/interfaces/include/interfaces/interfaces/msg/rosidl_typesupport_fastrtps_cpp__visibility_control.h
[3.454s] -- Up-to-date: /home/darren/Servo_Controllers/install/interfaces/include/interfaces/interfaces/srv
[3.454s] -- Up-to-date: /home/darren/Servo_Controllers/install/interfaces/include/interfaces/interfaces/srv/detail
[3.454s] -- Installing: /home/darren/Servo_Controllers/install/interfaces/include/interfaces/interfaces/srv/detail/move_servo__rosidl_typesupport_fastrtps_cpp.hpp
[3.454s] -- Installing: /home/darren/Servo_Controllers/install/interfaces/include/interfaces/interfaces/srv/detail/dds_fastrtps
[3.454s] -- Installing: /home/darren/Servo_Controllers/install/interfaces/lib/libinterfaces__rosidl_typesupport_fastrtps_cpp.so
[3.454s] -- Set runtime path of "/home/darren/Servo_Controllers/install/interfaces/lib/libinterfaces__rosidl_typesupport_fastrtps_cpp.so" to ""
[3.454s] -- Up-to-date: /home/darren/Servo_Controllers/install/interfaces/include/interfaces/interfaces
[3.454s] -- Up-to-date: /home/darren/Servo_Controllers/install/interfaces/include/interfaces/interfaces/srv
[3.454s] -- Up-to-date: /home/darren/Servo_Controllers/install/interfaces/include/interfaces/interfaces/srv/detail
[3.454s] -- Installing: /home/darren/Servo_Controllers/install/interfaces/include/interfaces/interfaces/srv/detail/move_servo__type_support.cpp
[3.454s] -- Installing: /home/darren/Servo_Controllers/install/interfaces/include/interfaces/interfaces/srv/detail/move_servo__rosidl_typesupport_introspection_cpp.hpp
[3.454s] -- Installing: /home/darren/Servo_Controllers/install/interfaces/lib/libinterfaces__rosidl_typesupport_introspection_cpp.so
[3.454s] -- Set runtime path of "/home/darren/Servo_Controllers/install/interfaces/lib/libinterfaces__rosidl_typesupport_introspection_cpp.so" to ""
[3.455s] -- Installing: /home/darren/Servo_Controllers/install/interfaces/lib/libinterfaces__rosidl_typesupport_cpp.so
[3.455s] -- Set runtime path of "/home/darren/Servo_Controllers/install/interfaces/lib/libinterfaces__rosidl_typesupport_cpp.so" to ""
[3.455s] -- Installing: /home/darren/Servo_Controllers/install/interfaces/share/interfaces/environment/pythonpath.sh
[3.455s] -- Installing: /home/darren/Servo_Controllers/install/interfaces/share/interfaces/environment/pythonpath.dsv
[3.455s] -- Installing: /home/darren/Servo_Controllers/install/interfaces/local/lib/python3.10/dist-packages/interfaces-0.0.0-py3.10.egg-info
[3.455s] -- Installing: /home/darren/Servo_Controllers/install/interfaces/local/lib/python3.10/dist-packages/interfaces-0.0.0-py3.10.egg-info/top_level.txt
[3.455s] -- Installing: /home/darren/Servo_Controllers/install/interfaces/local/lib/python3.10/dist-packages/interfaces-0.0.0-py3.10.egg-info/dependency_links.txt
[3.455s] -- Installing: /home/darren/Servo_Controllers/install/interfaces/local/lib/python3.10/dist-packages/interfaces-0.0.0-py3.10.egg-info/SOURCES.txt
[3.455s] -- Installing: /home/darren/Servo_Controllers/install/interfaces/local/lib/python3.10/dist-packages/interfaces-0.0.0-py3.10.egg-info/PKG-INFO
[3.455s] -- Installing: /home/darren/Servo_Controllers/install/interfaces/local/lib/python3.10/dist-packages/interfaces
[3.455s] -- Installing: /home/darren/Servo_Controllers/install/interfaces/local/lib/python3.10/dist-packages/interfaces/interfaces_s__rosidl_typesupport_c.cpython-310-x86_64-linux-gnu.so
[3.456s] -- Installing: /home/darren/Servo_Controllers/install/interfaces/local/lib/python3.10/dist-packages/interfaces/interfaces_s__rosidl_typesupport_introspection_c.cpython-310-x86_64-linux-gnu.so
[3.456s] -- Installing: /home/darren/Servo_Controllers/install/interfaces/local/lib/python3.10/dist-packages/interfaces/libinterfaces__rosidl_generator_py.so
[3.456s] -- Installing: /home/darren/Servo_Controllers/install/interfaces/local/lib/python3.10/dist-packages/interfaces/_interfaces_s.ep.rosidl_typesupport_introspection_c.c
[3.456s] -- Installing: /home/darren/Servo_Controllers/install/interfaces/local/lib/python3.10/dist-packages/interfaces/_interfaces_s.ep.rosidl_typesupport_c.c
[3.456s] -- Installing: /home/darren/Servo_Controllers/install/interfaces/local/lib/python3.10/dist-packages/interfaces/__init__.py
[3.456s] -- Installing: /home/darren/Servo_Controllers/install/interfaces/local/lib/python3.10/dist-packages/interfaces/srv
[3.456s] -- Installing: /home/darren/Servo_Controllers/install/interfaces/local/lib/python3.10/dist-packages/interfaces/srv/_move_servo_s.c
[3.456s] -- Installing: /home/darren/Servo_Controllers/install/interfaces/local/lib/python3.10/dist-packages/interfaces/srv/__init__.py
[3.456s] -- Installing: /home/darren/Servo_Controllers/install/interfaces/local/lib/python3.10/dist-packages/interfaces/srv/_move_servo.py
[3.456s] -- Installing: /home/darren/Servo_Controllers/install/interfaces/local/lib/python3.10/dist-packages/interfaces/_interfaces_s.ep.rosidl_typesupport_fastrtps_c.c
[3.456s] -- Installing: /home/darren/Servo_Controllers/install/interfaces/local/lib/python3.10/dist-packages/interfaces/interfaces_s__rosidl_typesupport_fastrtps_c.cpython-310-x86_64-linux-gnu.so
[3.485s] Listing '/home/darren/Servo_Controllers/install/interfaces/local/lib/python3.10/dist-packages/interfaces'...
[3.485s] Compiling '/home/darren/Servo_Controllers/install/interfaces/local/lib/python3.10/dist-packages/interfaces/__init__.py'...
[3.485s] Listing '/home/darren/Servo_Controllers/install/interfaces/local/lib/python3.10/dist-packages/interfaces/srv'...
[3.485s] Compiling '/home/darren/Servo_Controllers/install/interfaces/local/lib/python3.10/dist-packages/interfaces/srv/__init__.py'...
[3.485s] Compiling '/home/darren/Servo_Controllers/install/interfaces/local/lib/python3.10/dist-packages/interfaces/srv/_move_servo.py'...
[3.488s] -- Installing: /home/darren/Servo_Controllers/install/interfaces/local/lib/python3.10/dist-packages/interfaces/interfaces_s__rosidl_typesupport_fastrtps_c.cpython-310-x86_64-linux-gnu.so
[3.489s] -- Set runtime path of "/home/darren/Servo_Controllers/install/interfaces/local/lib/python3.10/dist-packages/interfaces/interfaces_s__rosidl_typesupport_fastrtps_c.cpython-310-x86_64-linux-gnu.so" to ""
[3.489s] -- Installing: /home/darren/Servo_Controllers/install/interfaces/local/lib/python3.10/dist-packages/interfaces/interfaces_s__rosidl_typesupport_introspection_c.cpython-310-x86_64-linux-gnu.so
[3.489s] -- Set runtime path of "/home/darren/Servo_Controllers/install/interfaces/local/lib/python3.10/dist-packages/interfaces/interfaces_s__rosidl_typesupport_introspection_c.cpython-310-x86_64-linux-gnu.so" to ""
[3.489s] -- Installing: /home/darren/Servo_Controllers/install/interfaces/local/lib/python3.10/dist-packages/interfaces/interfaces_s__rosidl_typesupport_c.cpython-310-x86_64-linux-gnu.so
[3.489s] -- Set runtime path of "/home/darren/Servo_Controllers/install/interfaces/local/lib/python3.10/dist-packages/interfaces/interfaces_s__rosidl_typesupport_c.cpython-310-x86_64-linux-gnu.so" to ""
[3.489s] -- Installing: /home/darren/Servo_Controllers/install/interfaces/lib/libinterfaces__rosidl_generator_py.so
[3.489s] -- Set runtime path of "/home/darren/Servo_Controllers/install/interfaces/lib/libinterfaces__rosidl_generator_py.so" to ""
[3.489s] -- Installing: /home/darren/Servo_Controllers/install/interfaces/share/interfaces/srv/MoveServo.idl
[3.489s] -- Installing: /home/darren/Servo_Controllers/install/interfaces/share/interfaces/srv/MoveServo.srv
[3.489s] -- Installing: /home/darren/Servo_Controllers/install/interfaces/share/interfaces/srv/MoveServo_Request.msg
[3.490s] -- Installing: /home/darren/Servo_Controllers/install/interfaces/share/interfaces/srv/MoveServo_Response.msg
[3.490s] -- Installing: /home/darren/Servo_Controllers/install/interfaces/share/ament_index/resource_index/package_run_dependencies/interfaces
[3.490s] -- Installing: /home/darren/Servo_Controllers/install/interfaces/share/ament_index/resource_index/parent_prefix_path/interfaces
[3.490s] -- Installing: /home/darren/Servo_Controllers/install/interfaces/share/interfaces/environment/ament_prefix_path.sh
[3.490s] -- Installing: /home/darren/Servo_Controllers/install/interfaces/share/interfaces/environment/ament_prefix_path.dsv
[3.490s] -- Installing: /home/darren/Servo_Controllers/install/interfaces/share/interfaces/environment/path.sh
[3.490s] -- Installing: /home/darren/Servo_Controllers/install/interfaces/share/interfaces/environment/path.dsv
[3.490s] -- Installing: /home/darren/Servo_Controllers/install/interfaces/share/interfaces/local_setup.bash
[3.490s] -- Installing: /home/darren/Servo_Controllers/install/interfaces/share/interfaces/local_setup.sh
[3.490s] -- Installing: /home/darren/Servo_Controllers/install/interfaces/share/interfaces/local_setup.zsh
[3.490s] -- Installing: /home/darren/Servo_Controllers/install/interfaces/share/interfaces/local_setup.dsv
[3.491s] -- Installing: /home/darren/Servo_Controllers/install/interfaces/share/interfaces/package.dsv
[3.491s] -- Installing: /home/darren/Servo_Controllers/install/interfaces/share/ament_index/resource_index/packages/interfaces
[3.491s] -- Installing: /home/darren/Servo_Controllers/install/interfaces/share/interfaces/cmake/export_interfaces__rosidl_generator_cExport.cmake
[3.491s] -- Installing: /home/darren/Servo_Controllers/install/interfaces/share/interfaces/cmake/export_interfaces__rosidl_generator_cExport-noconfig.cmake
[3.491s] -- Installing: /home/darren/Servo_Controllers/install/interfaces/share/interfaces/cmake/export_interfaces__rosidl_typesupport_fastrtps_cExport.cmake
[3.491s] -- Installing: /home/darren/Servo_Controllers/install/interfaces/share/interfaces/cmake/export_interfaces__rosidl_typesupport_fastrtps_cExport-noconfig.cmake
[3.491s] -- Installing: /home/darren/Servo_Controllers/install/interfaces/share/interfaces/cmake/interfaces__rosidl_typesupport_introspection_cExport.cmake
[3.491s] -- Installing: /home/darren/Servo_Controllers/install/interfaces/share/interfaces/cmake/interfaces__rosidl_typesupport_introspection_cExport-noconfig.cmake
[3.492s] -- Installing: /home/darren/Servo_Controllers/install/interfaces/share/interfaces/cmake/interfaces__rosidl_typesupport_cExport.cmake
[3.492s] -- Installing: /home/darren/Servo_Controllers/install/interfaces/share/interfaces/cmake/interfaces__rosidl_typesupport_cExport-noconfig.cmake
[3.492s] -- Installing: /home/darren/Servo_Controllers/install/interfaces/share/interfaces/cmake/export_interfaces__rosidl_generator_cppExport.cmake
[3.492s] -- Installing: /home/darren/Servo_Controllers/install/interfaces/share/interfaces/cmake/export_interfaces__rosidl_typesupport_fastrtps_cppExport.cmake
[3.492s] -- Installing: /home/darren/Servo_Controllers/install/interfaces/share/interfaces/cmake/export_interfaces__rosidl_typesupport_fastrtps_cppExport-noconfig.cmake
[3.492s] -- Installing: /home/darren/Servo_Controllers/install/interfaces/share/interfaces/cmake/interfaces__rosidl_typesupport_introspection_cppExport.cmake
[3.492s] -- Installing: /home/darren/Servo_Controllers/install/interfaces/share/interfaces/cmake/interfaces__rosidl_typesupport_introspection_cppExport-noconfig.cmake
[3.492s] -- Installing: /home/darren/Servo_Controllers/install/interfaces/share/interfaces/cmake/interfaces__rosidl_typesupport_cppExport.cmake
[3.492s] -- Installing: /home/darren/Servo_Controllers/install/interfaces/share/interfaces/cmake/interfaces__rosidl_typesupport_cppExport-noconfig.cmake
[3.493s] -- Installing: /home/darren/Servo_Controllers/install/interfaces/share/interfaces/cmake/export_interfaces__rosidl_generator_pyExport.cmake
[3.493s] -- Installing: /home/darren/Servo_Controllers/install/interfaces/share/interfaces/cmake/export_interfaces__rosidl_generator_pyExport-noconfig.cmake
[3.493s] -- Installing: /home/darren/Servo_Controllers/install/interfaces/share/interfaces/cmake/rosidl_cmake-extras.cmake
[3.493s] -- Installing: /home/darren/Servo_Controllers/install/interfaces/share/interfaces/cmake/ament_cmake_export_include_directories-extras.cmake
[3.493s] -- Installing: /home/darren/Servo_Controllers/install/interfaces/share/interfaces/cmake/ament_cmake_export_libraries-extras.cmake
[3.493s] -- Installing: /home/darren/Servo_Controllers/install/interfaces/share/interfaces/cmake/ament_cmake_export_targets-extras.cmake
[3.493s] -- Installing: /home/darren/Servo_Controllers/install/interfaces/share/interfaces/cmake/rosidl_cmake_export_typesupport_targets-extras.cmake
[3.493s] -- Installing: /home/darren/Servo_Controllers/install/interfaces/share/interfaces/cmake/ament_cmake_export_dependencies-extras.cmake
[3.493s] -- Installing: /home/darren/Servo_Controllers/install/interfaces/share/interfaces/cmake/rosidl_cmake_export_typesupport_libraries-extras.cmake
[3.493s] -- Installing: /home/darren/Servo_Controllers/install/interfaces/share/interfaces/cmake/interfacesConfig.cmake
[3.493s] -- Installing: /home/darren/Servo_Controllers/install/interfaces/share/interfaces/cmake/interfacesConfig-version.cmake
[3.494s] -- Installing: /home/darren/Servo_Controllers/install/interfaces/share/interfaces/package.xml
[3.496s] Invoked command in '/home/darren/Servo_Controllers/build/interfaces' returned '0': CMAKE_PREFIX_PATH=${CMAKE_PREFIX_PATH}:/home/darren/Servo_Controllers/install/servo_pkg:/home/darren/ros2_ws/install/DW_DarrensController:/opt/ros/humble /usr/bin/cmake --install /home/darren/Servo_Controllers/build/interfaces
