running egg_info
writing ../../build/servo_pkg/servo_pkg.egg-info/PKG-INFO
writing dependency_links to ../../build/servo_pkg/servo_pkg.egg-info/dependency_links.txt
writing entry points to ../../build/servo_pkg/servo_pkg.egg-info/entry_points.txt
writing requirements to ../../build/servo_pkg/servo_pkg.egg-info/requires.txt
writing top-level names to ../../build/servo_pkg/servo_pkg.egg-info/top_level.txt
reading manifest file '../../build/servo_pkg/servo_pkg.egg-info/SOURCES.txt'
writing manifest file '../../build/servo_pkg/servo_pkg.egg-info/SOURCES.txt'
running build
running build_py
copying servo_pkg/__init__.py -> /home/darren/servo_node/build/servo_pkg/build/lib/servo_pkg
copying servo_pkg/maestro.py -> /home/darren/servo_node/build/servo_pkg/build/lib/servo_pkg
copying servo_pkg/maestro.py -> /home/darren/servo_node/build/servo_pkg/build/lib/servo_pkg
copying servo_pkg/USB_Servo.py -> /home/darren/servo_node/build/servo_pkg/build/lib/servo_pkg
copying servo_pkg/USB_client.py -> /home/darren/servo_node/build/servo_pkg/build/lib/servo_pkg
copying servo_pkg/__init__.py -> /home/darren/servo_node/build/servo_pkg/build/lib/servo_pkg
copying servo_pkg/i2c_Servo.py -> /home/darren/servo_node/build/servo_pkg/build/lib/servo_pkg
running install
running install_lib
copying /home/darren/servo_node/build/servo_pkg/build/lib/servo_pkg/USB_Servo.py -> /home/darren/servo_node/install/servo_pkg/lib/python3.10/site-packages/servo_pkg
copying /home/darren/servo_node/build/servo_pkg/build/lib/servo_pkg/USB_client.py -> /home/darren/servo_node/install/servo_pkg/lib/python3.10/site-packages/servo_pkg
byte-compiling /home/darren/servo_node/install/servo_pkg/lib/python3.10/site-packages/servo_pkg/USB_Servo.py to USB_Servo.cpython-310.pyc
byte-compiling /home/darren/servo_node/install/servo_pkg/lib/python3.10/site-packages/servo_pkg/USB_client.py to USB_client.cpython-310.pyc
running install_data
copying resource/servo_pkg -> /home/darren/servo_node/install/servo_pkg/share/ament_index/resource_index/packages
copying package.xml -> /home/darren/servo_node/install/servo_pkg/share/servo_pkg
running install_egg_info
removing '/home/darren/servo_node/install/servo_pkg/lib/python3.10/site-packages/servo_pkg-0.0.0-py3.10.egg-info' (and everything under it)
Copying ../../build/servo_pkg/servo_pkg.egg-info to /home/darren/servo_node/install/servo_pkg/lib/python3.10/site-packages/servo_pkg-0.0.0-py3.10.egg-info
running install_scripts
Installing client script to /home/darren/servo_node/install/servo_pkg/lib/servo_pkg
Installing service script to /home/darren/servo_node/install/servo_pkg/lib/servo_pkg
writing list of installed files to '/home/darren/servo_node/build/servo_pkg/install.log'
