[0.009s] Invoking command in '/home/darren/servo_node/build/interfaces': CMAKE_PREFIX_PATH=${CMAKE_PREFIX_PATH}:/home/darren/servo_node/install/servo_pkg:/home/darren/ros2_ws/install/DW_DarrensController:/opt/ros/humble /usr/bin/cmake --build /home/darren/servo_node/build/interfaces -- -j8 -l8
[0.028s] -- Found ament_cmake: 1.3.10 (/opt/ros/humble/share/ament_cmake/cmake)
[0.125s] -- Found rosidl_default_generators: 1.2.0 (/opt/ros/humble/share/rosidl_default_generators/cmake)
[0.126s] -- Using all available rosidl_typesupport_c: rosidl_typesupport_fastrtps_c;rosidl_typesupport_introspection_c
[0.128s] -- Found rosidl_adapter: 3.1.5 (/opt/ros/humble/share/rosidl_adapter/cmake)
[0.154s] -- Using all available rosidl_typesupport_cpp: rosidl_typesupport_fastrtps_cpp;rosidl_typesupport_introspection_cpp
[0.370s] -- Found ament_cmake_ros: 0.10.0 (/opt/ros/humble/share/ament_cmake_ros/cmake)
[0.521s] -- Using all available rosidl_typesupport_c: rosidl_typesupport_fastrtps_c;rosidl_typesupport_introspection_c
[0.711s] -- Using all available rosidl_typesupport_cpp: rosidl_typesupport_fastrtps_cpp;rosidl_typesupport_introspection_cpp
[0.729s] -- Found python_cmake_module: 0.10.0 (/opt/ros/humble/share/python_cmake_module/cmake)
[0.747s] -- Using PYTHON_EXECUTABLE: /usr/bin/python3
[0.747s] -- Using PYTHON_INCLUDE_DIRS: /usr/include/python3.10
[0.747s] -- Using PYTHON_LIBRARIES: /usr/lib/x86_64-linux-gnu/libpython3.10.so
[0.756s] -- Found ament_lint_auto: 0.12.11 (/opt/ros/humble/share/ament_lint_auto/cmake)
[0.762s] -- Added test 'lint_cmake' to check CMake code style
[0.763s] -- Added test 'xmllint' to check XML markup files
[0.765s] -- Configuring done
[0.787s] -- Generating done
[0.790s] -- Build files have been written to: /home/darren/servo_node/build/interfaces
[0.813s] [35m[1mConsolidate compiler generated dependencies of target interfaces__rosidl_generator_c[0m
[0.825s] [  3%] Built target interfaces__cpp
[0.826s] [ 12%] Built target interfaces__rosidl_generator_c
[0.846s] [35m[1mConsolidate compiler generated dependencies of target interfaces__rosidl_typesupport_cpp[0m
[0.848s] [ 12%] Built target ament_cmake_python_copy_interfaces
[0.848s] [35m[1mConsolidate compiler generated dependencies of target interfaces__rosidl_typesupport_introspection_cpp[0m
[0.848s] [35m[1mConsolidate compiler generated dependencies of target interfaces__rosidl_typesupport_fastrtps_c[0m
[0.848s] [35m[1mConsolidate compiler generated dependencies of target interfaces__rosidl_typesupport_introspection_c[0m
[0.848s] [35m[1mConsolidate compiler generated dependencies of target interfaces__rosidl_typesupport_fastrtps_cpp[0m
[0.851s] [35m[1mConsolidate compiler generated dependencies of target interfaces__rosidl_typesupport_c[0m
[0.869s] [ 22%] Built target interfaces__rosidl_typesupport_introspection_c
[0.870s] [ 32%] Built target interfaces__rosidl_typesupport_cpp
[0.873s] [ 51%] Built target interfaces__rosidl_typesupport_fastrtps_c
[0.873s] [ 51%] Built target interfaces__rosidl_typesupport_c
[0.873s] [ 61%] Built target interfaces__rosidl_typesupport_introspection_cpp
[0.879s] [ 70%] Built target interfaces__rosidl_typesupport_fastrtps_cpp
[0.901s] [ 70%] Built target interfaces
[0.924s] [ 74%] Built target interfaces__py
[0.935s] [35m[1mConsolidate compiler generated dependencies of target interfaces__rosidl_generator_py[0m
[0.947s] [ 80%] Built target interfaces__rosidl_generator_py
[0.962s] [35m[1mConsolidate compiler generated dependencies of target interfaces__rosidl_typesupport_introspection_c__pyext[0m
[0.962s] [35m[1mConsolidate compiler generated dependencies of target interfaces__rosidl_typesupport_c__pyext[0m
[0.966s] [35m[1mConsolidate compiler generated dependencies of target interfaces__rosidl_typesupport_fastrtps_c__pyext[0m
[0.979s] [ 87%] Built target interfaces__rosidl_typesupport_introspection_c__pyext
[0.980s] [ 93%] Built target interfaces__rosidl_typesupport_c__pyext
[0.987s] [100%] Built target interfaces__rosidl_typesupport_fastrtps_c__pyext
[1.100s] running egg_info
[1.114s] writing interfaces.egg-info/PKG-INFO
[1.115s] writing dependency_links to interfaces.egg-info/dependency_links.txt
[1.115s] writing top-level names to interfaces.egg-info/top_level.txt
[1.163s] reading manifest file 'interfaces.egg-info/SOURCES.txt'
[1.164s] writing manifest file 'interfaces.egg-info/SOURCES.txt'
[1.191s] [100%] Built target ament_cmake_python_build_interfaces_egg
[1.202s] Invoked command in '/home/darren/servo_node/build/interfaces' returned '0': CMAKE_PREFIX_PATH=${CMAKE_PREFIX_PATH}:/home/darren/servo_node/install/servo_pkg:/home/darren/ros2_ws/install/DW_DarrensController:/opt/ros/humble /usr/bin/cmake --build /home/darren/servo_node/build/interfaces -- -j8 -l8
[1.260s] Invoking command in '/home/darren/servo_node/build/interfaces': CMAKE_PREFIX_PATH=${CMAKE_PREFIX_PATH}:/home/darren/servo_node/install/servo_pkg:/home/darren/ros2_ws/install/DW_DarrensController:/opt/ros/humble /usr/bin/cmake --install /home/darren/servo_node/build/interfaces
[1.267s] -- Install configuration: ""
[1.267s] -- Up-to-date: /home/darren/servo_node/install/interfaces/share/ament_index/resource_index/rosidl_interfaces/interfaces
[1.267s] -- Up-to-date: /home/darren/servo_node/install/interfaces/include/interfaces/interfaces
[1.267s] -- Up-to-date: /home/darren/servo_node/install/interfaces/include/interfaces/interfaces/msg
[1.267s] -- Up-to-date: /home/darren/servo_node/install/interfaces/include/interfaces/interfaces/msg/rosidl_generator_c__visibility_control.h
[1.267s] -- Up-to-date: /home/darren/servo_node/install/interfaces/include/interfaces/interfaces/srv
[1.267s] -- Up-to-date: /home/darren/servo_node/install/interfaces/include/interfaces/interfaces/srv/move_servo.h
[1.267s] -- Up-to-date: /home/darren/servo_node/install/interfaces/include/interfaces/interfaces/srv/detail
[1.267s] -- Up-to-date: /home/darren/servo_node/install/interfaces/include/interfaces/interfaces/srv/detail/move_servo__functions.h
[1.267s] -- Up-to-date: /home/darren/servo_node/install/interfaces/include/interfaces/interfaces/srv/detail/move_servo__functions.c
[1.267s] -- Up-to-date: /home/darren/servo_node/install/interfaces/include/interfaces/interfaces/srv/detail/move_servo__struct.h
[1.267s] -- Up-to-date: /home/darren/servo_node/install/interfaces/include/interfaces/interfaces/srv/detail/move_servo__type_support.h
[1.267s] -- Up-to-date: /home/darren/servo_node/install/interfaces/share/interfaces/environment/library_path.sh
[1.267s] -- Installing: /home/darren/servo_node/install/interfaces/share/interfaces/environment/library_path.dsv
[1.267s] -- Up-to-date: /home/darren/servo_node/install/interfaces/lib/libinterfaces__rosidl_generator_c.so
[1.267s] -- Up-to-date: /home/darren/servo_node/install/interfaces/include/interfaces/interfaces
[1.267s] -- Up-to-date: /home/darren/servo_node/install/interfaces/include/interfaces/interfaces/msg
[1.267s] -- Up-to-date: /home/darren/servo_node/install/interfaces/include/interfaces/interfaces/msg/rosidl_typesupport_fastrtps_c__visibility_control.h
[1.267s] -- Up-to-date: /home/darren/servo_node/install/interfaces/include/interfaces/interfaces/srv
[1.268s] -- Up-to-date: /home/darren/servo_node/install/interfaces/include/interfaces/interfaces/srv/detail
[1.268s] -- Up-to-date: /home/darren/servo_node/install/interfaces/include/interfaces/interfaces/srv/detail/move_servo__rosidl_typesupport_fastrtps_c.h
[1.268s] -- Up-to-date: /home/darren/servo_node/install/interfaces/lib/libinterfaces__rosidl_typesupport_fastrtps_c.so
[1.268s] -- Up-to-date: /home/darren/servo_node/install/interfaces/include/interfaces/interfaces
[1.268s] -- Up-to-date: /home/darren/servo_node/install/interfaces/include/interfaces/interfaces/msg
[1.268s] -- Up-to-date: /home/darren/servo_node/install/interfaces/include/interfaces/interfaces/msg/rosidl_typesupport_introspection_c__visibility_control.h
[1.268s] -- Up-to-date: /home/darren/servo_node/install/interfaces/include/interfaces/interfaces/srv
[1.268s] -- Up-to-date: /home/darren/servo_node/install/interfaces/include/interfaces/interfaces/srv/detail
[1.268s] -- Up-to-date: /home/darren/servo_node/install/interfaces/include/interfaces/interfaces/srv/detail/move_servo__rosidl_typesupport_introspection_c.h
[1.268s] -- Up-to-date: /home/darren/servo_node/install/interfaces/include/interfaces/interfaces/srv/detail/move_servo__type_support.c
[1.268s] -- Up-to-date: /home/darren/servo_node/install/interfaces/lib/libinterfaces__rosidl_typesupport_introspection_c.so
[1.268s] -- Up-to-date: /home/darren/servo_node/install/interfaces/lib/libinterfaces__rosidl_typesupport_c.so
[1.268s] -- Up-to-date: /home/darren/servo_node/install/interfaces/include/interfaces/interfaces
[1.269s] -- Up-to-date: /home/darren/servo_node/install/interfaces/include/interfaces/interfaces/srv
[1.269s] -- Up-to-date: /home/darren/servo_node/install/interfaces/include/interfaces/interfaces/srv/move_servo.hpp
[1.269s] -- Up-to-date: /home/darren/servo_node/install/interfaces/include/interfaces/interfaces/srv/detail
[1.269s] -- Up-to-date: /home/darren/servo_node/install/interfaces/include/interfaces/interfaces/srv/detail/move_servo__struct.hpp
[1.269s] -- Up-to-date: /home/darren/servo_node/install/interfaces/include/interfaces/interfaces/srv/detail/move_servo__builder.hpp
[1.269s] -- Up-to-date: /home/darren/servo_node/install/interfaces/include/interfaces/interfaces/srv/detail/move_servo__traits.hpp
[1.269s] -- Up-to-date: /home/darren/servo_node/install/interfaces/include/interfaces/interfaces
[1.269s] -- Up-to-date: /home/darren/servo_node/install/interfaces/include/interfaces/interfaces/msg
[1.269s] -- Up-to-date: /home/darren/servo_node/install/interfaces/include/interfaces/interfaces/msg/rosidl_typesupport_fastrtps_cpp__visibility_control.h
[1.269s] -- Up-to-date: /home/darren/servo_node/install/interfaces/include/interfaces/interfaces/srv
[1.269s] -- Up-to-date: /home/darren/servo_node/install/interfaces/include/interfaces/interfaces/srv/detail
[1.269s] -- Up-to-date: /home/darren/servo_node/install/interfaces/include/interfaces/interfaces/srv/detail/move_servo__rosidl_typesupport_fastrtps_cpp.hpp
[1.269s] -- Up-to-date: /home/darren/servo_node/install/interfaces/include/interfaces/interfaces/srv/detail/dds_fastrtps
[1.270s] -- Up-to-date: /home/darren/servo_node/install/interfaces/lib/libinterfaces__rosidl_typesupport_fastrtps_cpp.so
[1.270s] -- Up-to-date: /home/darren/servo_node/install/interfaces/include/interfaces/interfaces
[1.270s] -- Up-to-date: /home/darren/servo_node/install/interfaces/include/interfaces/interfaces/srv
[1.270s] -- Up-to-date: /home/darren/servo_node/install/interfaces/include/interfaces/interfaces/srv/detail
[1.270s] -- Up-to-date: /home/darren/servo_node/install/interfaces/include/interfaces/interfaces/srv/detail/move_servo__type_support.cpp
[1.270s] -- Up-to-date: /home/darren/servo_node/install/interfaces/include/interfaces/interfaces/srv/detail/move_servo__rosidl_typesupport_introspection_cpp.hpp
[1.270s] -- Up-to-date: /home/darren/servo_node/install/interfaces/lib/libinterfaces__rosidl_typesupport_introspection_cpp.so
[1.270s] -- Up-to-date: /home/darren/servo_node/install/interfaces/lib/libinterfaces__rosidl_typesupport_cpp.so
[1.270s] -- Up-to-date: /home/darren/servo_node/install/interfaces/share/interfaces/environment/pythonpath.sh
[1.270s] -- Installing: /home/darren/servo_node/install/interfaces/share/interfaces/environment/pythonpath.dsv
[1.270s] -- Up-to-date: /home/darren/servo_node/install/interfaces/local/lib/python3.10/dist-packages/interfaces-0.0.0-py3.10.egg-info
[1.270s] -- Installing: /home/darren/servo_node/install/interfaces/local/lib/python3.10/dist-packages/interfaces-0.0.0-py3.10.egg-info/top_level.txt
[1.270s] -- Installing: /home/darren/servo_node/install/interfaces/local/lib/python3.10/dist-packages/interfaces-0.0.0-py3.10.egg-info/dependency_links.txt
[1.270s] -- Installing: /home/darren/servo_node/install/interfaces/local/lib/python3.10/dist-packages/interfaces-0.0.0-py3.10.egg-info/SOURCES.txt
[1.271s] -- Installing: /home/darren/servo_node/install/interfaces/local/lib/python3.10/dist-packages/interfaces-0.0.0-py3.10.egg-info/PKG-INFO
[1.271s] -- Up-to-date: /home/darren/servo_node/install/interfaces/local/lib/python3.10/dist-packages/interfaces
[1.271s] -- Up-to-date: /home/darren/servo_node/install/interfaces/local/lib/python3.10/dist-packages/interfaces/interfaces_s__rosidl_typesupport_c.cpython-310-x86_64-linux-gnu.so
[1.271s] -- Up-to-date: /home/darren/servo_node/install/interfaces/local/lib/python3.10/dist-packages/interfaces/interfaces_s__rosidl_typesupport_introspection_c.cpython-310-x86_64-linux-gnu.so
[1.271s] -- Up-to-date: /home/darren/servo_node/install/interfaces/local/lib/python3.10/dist-packages/interfaces/libinterfaces__rosidl_generator_py.so
[1.271s] -- Up-to-date: /home/darren/servo_node/install/interfaces/local/lib/python3.10/dist-packages/interfaces/_interfaces_s.ep.rosidl_typesupport_introspection_c.c
[1.271s] -- Up-to-date: /home/darren/servo_node/install/interfaces/local/lib/python3.10/dist-packages/interfaces/_interfaces_s.ep.rosidl_typesupport_c.c
[1.271s] -- Installing: /home/darren/servo_node/install/interfaces/local/lib/python3.10/dist-packages/interfaces/__init__.py
[1.271s] -- Up-to-date: /home/darren/servo_node/install/interfaces/local/lib/python3.10/dist-packages/interfaces/srv
[1.271s] -- Up-to-date: /home/darren/servo_node/install/interfaces/local/lib/python3.10/dist-packages/interfaces/srv/_move_servo_s.c
[1.271s] -- Up-to-date: /home/darren/servo_node/install/interfaces/local/lib/python3.10/dist-packages/interfaces/srv/__init__.py
[1.271s] -- Up-to-date: /home/darren/servo_node/install/interfaces/local/lib/python3.10/dist-packages/interfaces/srv/_move_servo.py
[1.271s] -- Up-to-date: /home/darren/servo_node/install/interfaces/local/lib/python3.10/dist-packages/interfaces/_interfaces_s.ep.rosidl_typesupport_fastrtps_c.c
[1.271s] -- Up-to-date: /home/darren/servo_node/install/interfaces/local/lib/python3.10/dist-packages/interfaces/interfaces_s__rosidl_typesupport_fastrtps_c.cpython-310-x86_64-linux-gnu.so
[1.300s] Listing '/home/darren/servo_node/install/interfaces/local/lib/python3.10/dist-packages/interfaces'...
[1.300s] Compiling '/home/darren/servo_node/install/interfaces/local/lib/python3.10/dist-packages/interfaces/__init__.py'...
[1.300s] Listing '/home/darren/servo_node/install/interfaces/local/lib/python3.10/dist-packages/interfaces/srv'...
[1.304s] -- Up-to-date: /home/darren/servo_node/install/interfaces/local/lib/python3.10/dist-packages/interfaces/interfaces_s__rosidl_typesupport_fastrtps_c.cpython-310-x86_64-linux-gnu.so
[1.304s] -- Up-to-date: /home/darren/servo_node/install/interfaces/local/lib/python3.10/dist-packages/interfaces/interfaces_s__rosidl_typesupport_introspection_c.cpython-310-x86_64-linux-gnu.so
[1.304s] -- Up-to-date: /home/darren/servo_node/install/interfaces/local/lib/python3.10/dist-packages/interfaces/interfaces_s__rosidl_typesupport_c.cpython-310-x86_64-linux-gnu.so
[1.304s] -- Up-to-date: /home/darren/servo_node/install/interfaces/lib/libinterfaces__rosidl_generator_py.so
[1.304s] -- Up-to-date: /home/darren/servo_node/install/interfaces/share/interfaces/srv/MoveServo.idl
[1.305s] -- Up-to-date: /home/darren/servo_node/install/interfaces/share/interfaces/srv/MoveServo.srv
[1.305s] -- Up-to-date: /home/darren/servo_node/install/interfaces/share/interfaces/srv/MoveServo_Request.msg
[1.305s] -- Up-to-date: /home/darren/servo_node/install/interfaces/share/interfaces/srv/MoveServo_Response.msg
[1.305s] -- Up-to-date: /home/darren/servo_node/install/interfaces/share/ament_index/resource_index/package_run_dependencies/interfaces
[1.305s] -- Installing: /home/darren/servo_node/install/interfaces/share/ament_index/resource_index/parent_prefix_path/interfaces
[1.305s] -- Up-to-date: /home/darren/servo_node/install/interfaces/share/interfaces/environment/ament_prefix_path.sh
[1.305s] -- Installing: /home/darren/servo_node/install/interfaces/share/interfaces/environment/ament_prefix_path.dsv
[1.305s] -- Up-to-date: /home/darren/servo_node/install/interfaces/share/interfaces/environment/path.sh
[1.305s] -- Installing: /home/darren/servo_node/install/interfaces/share/interfaces/environment/path.dsv
[1.306s] -- Up-to-date: /home/darren/servo_node/install/interfaces/share/interfaces/local_setup.bash
[1.306s] -- Up-to-date: /home/darren/servo_node/install/interfaces/share/interfaces/local_setup.sh
[1.306s] -- Up-to-date: /home/darren/servo_node/install/interfaces/share/interfaces/local_setup.zsh
[1.306s] -- Installing: /home/darren/servo_node/install/interfaces/share/interfaces/local_setup.dsv
[1.306s] -- Installing: /home/darren/servo_node/install/interfaces/share/interfaces/package.dsv
[1.306s] -- Up-to-date: /home/darren/servo_node/install/interfaces/share/ament_index/resource_index/packages/interfaces
[1.306s] -- Up-to-date: /home/darren/servo_node/install/interfaces/share/interfaces/cmake/export_interfaces__rosidl_generator_cExport.cmake
[1.307s] -- Up-to-date: /home/darren/servo_node/install/interfaces/share/interfaces/cmake/export_interfaces__rosidl_generator_cExport-noconfig.cmake
[1.307s] -- Up-to-date: /home/darren/servo_node/install/interfaces/share/interfaces/cmake/export_interfaces__rosidl_typesupport_fastrtps_cExport.cmake
[1.307s] -- Up-to-date: /home/darren/servo_node/install/interfaces/share/interfaces/cmake/export_interfaces__rosidl_typesupport_fastrtps_cExport-noconfig.cmake
[1.307s] -- Up-to-date: /home/darren/servo_node/install/interfaces/share/interfaces/cmake/interfaces__rosidl_typesupport_introspection_cExport.cmake
[1.307s] -- Up-to-date: /home/darren/servo_node/install/interfaces/share/interfaces/cmake/interfaces__rosidl_typesupport_introspection_cExport-noconfig.cmake
[1.307s] -- Up-to-date: /home/darren/servo_node/install/interfaces/share/interfaces/cmake/interfaces__rosidl_typesupport_cExport.cmake
[1.307s] -- Up-to-date: /home/darren/servo_node/install/interfaces/share/interfaces/cmake/interfaces__rosidl_typesupport_cExport-noconfig.cmake
[1.308s] -- Up-to-date: /home/darren/servo_node/install/interfaces/share/interfaces/cmake/export_interfaces__rosidl_generator_cppExport.cmake
[1.308s] -- Up-to-date: /home/darren/servo_node/install/interfaces/share/interfaces/cmake/export_interfaces__rosidl_typesupport_fastrtps_cppExport.cmake
[1.308s] -- Up-to-date: /home/darren/servo_node/install/interfaces/share/interfaces/cmake/export_interfaces__rosidl_typesupport_fastrtps_cppExport-noconfig.cmake
[1.308s] -- Up-to-date: /home/darren/servo_node/install/interfaces/share/interfaces/cmake/interfaces__rosidl_typesupport_introspection_cppExport.cmake
[1.308s] -- Up-to-date: /home/darren/servo_node/install/interfaces/share/interfaces/cmake/interfaces__rosidl_typesupport_introspection_cppExport-noconfig.cmake
[1.308s] -- Up-to-date: /home/darren/servo_node/install/interfaces/share/interfaces/cmake/interfaces__rosidl_typesupport_cppExport.cmake
[1.308s] -- Up-to-date: /home/darren/servo_node/install/interfaces/share/interfaces/cmake/interfaces__rosidl_typesupport_cppExport-noconfig.cmake
[1.308s] -- Up-to-date: /home/darren/servo_node/install/interfaces/share/interfaces/cmake/export_interfaces__rosidl_generator_pyExport.cmake
[1.309s] -- Up-to-date: /home/darren/servo_node/install/interfaces/share/interfaces/cmake/export_interfaces__rosidl_generator_pyExport-noconfig.cmake
[1.309s] -- Up-to-date: /home/darren/servo_node/install/interfaces/share/interfaces/cmake/rosidl_cmake-extras.cmake
[1.309s] -- Up-to-date: /home/darren/servo_node/install/interfaces/share/interfaces/cmake/ament_cmake_export_include_directories-extras.cmake
[1.309s] -- Up-to-date: /home/darren/servo_node/install/interfaces/share/interfaces/cmake/ament_cmake_export_libraries-extras.cmake
[1.309s] -- Up-to-date: /home/darren/servo_node/install/interfaces/share/interfaces/cmake/ament_cmake_export_targets-extras.cmake
[1.309s] -- Up-to-date: /home/darren/servo_node/install/interfaces/share/interfaces/cmake/rosidl_cmake_export_typesupport_targets-extras.cmake
[1.309s] -- Up-to-date: /home/darren/servo_node/install/interfaces/share/interfaces/cmake/ament_cmake_export_dependencies-extras.cmake
[1.309s] -- Up-to-date: /home/darren/servo_node/install/interfaces/share/interfaces/cmake/rosidl_cmake_export_typesupport_libraries-extras.cmake
[1.309s] -- Up-to-date: /home/darren/servo_node/install/interfaces/share/interfaces/cmake/interfacesConfig.cmake
[1.309s] -- Up-to-date: /home/darren/servo_node/install/interfaces/share/interfaces/cmake/interfacesConfig-version.cmake
[1.310s] -- Up-to-date: /home/darren/servo_node/install/interfaces/share/interfaces/package.xml
[1.312s] Invoked command in '/home/darren/servo_node/build/interfaces' returned '0': CMAKE_PREFIX_PATH=${CMAKE_PREFIX_PATH}:/home/darren/servo_node/install/servo_pkg:/home/darren/ros2_ws/install/DW_DarrensController:/opt/ros/humble /usr/bin/cmake --install /home/darren/servo_node/build/interfaces
