[0.008s] Invoking command in '/home/darren/servo_node/build/interfaces': CMAKE_PREFIX_PATH=/home/darren/servo_node/install/servo_pkg:/opt/ros/humble /usr/bin/cmake --build /home/darren/servo_node/build/interfaces -- -j8 -l8
[0.028s] -- Found ament_cmake: 1.3.10 (/opt/ros/humble/share/ament_cmake/cmake)
[0.125s] -- Found rosidl_default_generators: 1.2.0 (/opt/ros/humble/share/rosidl_default_generators/cmake)
[0.126s] -- Using all available rosidl_typesupport_c: rosidl_typesupport_fastrtps_c;rosidl_typesupport_introspection_c
[0.129s] -- Found rosidl_adapter: 3.1.5 (/opt/ros/humble/share/rosidl_adapter/cmake)
[0.152s] -- Using all available rosidl_typesupport_cpp: rosidl_typesupport_fastrtps_cpp;rosidl_typesupport_introspection_cpp
[0.364s] -- Found ament_cmake_ros: 0.10.0 (/opt/ros/humble/share/ament_cmake_ros/cmake)
[0.514s] -- Using all available rosidl_typesupport_c: rosidl_typesupport_fastrtps_c;rosidl_typesupport_introspection_c
[0.711s] -- Using all available rosidl_typesupport_cpp: rosidl_typesupport_fastrtps_cpp;rosidl_typesupport_introspection_cpp
[0.730s] -- Found PythonInterp: /usr/bin/python3 (found suitable version "3.10.12", minimum required is "3.6") 
[0.732s] -- Found python_cmake_module: 0.10.0 (/opt/ros/humble/share/python_cmake_module/cmake)
[0.754s] -- Found PythonLibs: /usr/lib/x86_64-linux-gnu/libpython3.10.so (found suitable version "3.10.12", minimum required is "3.5") 
[0.754s] -- Using PYTHON_EXECUTABLE: /usr/bin/python3
[0.755s] -- Using PYTHON_INCLUDE_DIRS: /usr/include/python3.10
[0.755s] -- Using PYTHON_LIBRARIES: /usr/lib/x86_64-linux-gnu/libpython3.10.so
[0.772s] -- Found PythonExtra: .so  
[0.795s] -- Found ament_lint_auto: 0.12.11 (/opt/ros/humble/share/ament_lint_auto/cmake)
[0.804s] -- Added test 'lint_cmake' to check CMake code style
[0.805s] -- Added test 'xmllint' to check XML markup files
[0.806s] -- Configuring done
[0.828s] -- Generating done
[0.832s] -- Build files have been written to: /home/darren/servo_node/build/interfaces
[0.855s] [  3%] [34m[1mGenerating C code for ROS interfaces[0m
[0.865s] [  6%] [34m[1mGenerating C++ code for ROS interfaces[0m
[0.873s] [  6%] Built target ament_cmake_python_copy_interfaces
[1.128s] running egg_info
[1.151s] creating interfaces.egg-info
[1.151s] writing interfaces.egg-info/PKG-INFO
[1.152s] writing dependency_links to interfaces.egg-info/dependency_links.txt
[1.152s] writing top-level names to interfaces.egg-info/top_level.txt
[1.152s] writing manifest file 'interfaces.egg-info/SOURCES.txt'
[1.214s] reading manifest file 'interfaces.egg-info/SOURCES.txt'
[1.215s] writing manifest file 'interfaces.egg-info/SOURCES.txt'
[1.230s] [  6%] Built target interfaces__cpp
[1.240s] [  9%] [32mBuilding C object CMakeFiles/interfaces__rosidl_generator_c.dir/rosidl_generator_c/interfaces/srv/detail/move_servo__functions.c.o[0m
[1.245s] [ 12%] [34m[1mGenerating C++ type support dispatch for ROS interfaces[0m
[1.245s] [ 16%] [34m[1mGenerating C++ introspection for ROS interfaces[0m
[1.246s] [ 19%] [34m[1mGenerating C++ type support for eProsima Fast-RTPS[0m
[1.259s] [ 19%] Built target ament_cmake_python_build_interfaces_egg
[1.333s] [ 22%] [32m[1mLinking C shared library libinterfaces__rosidl_generator_c.so[0m
[1.380s] [ 22%] Built target interfaces__rosidl_generator_c
[1.399s] [ 25%] [34m[1mGenerating C type support for eProsima Fast-RTPS[0m
[1.399s] [ 29%] [34m[1mGenerating C type support dispatch for ROS interfaces[0m
[1.399s] [ 32%] [34m[1mGenerating C introspection for ROS interfaces[0m
[1.662s] [ 35%] [32mBuilding CXX object CMakeFiles/interfaces__rosidl_typesupport_cpp.dir/rosidl_typesupport_cpp/interfaces/srv/move_servo__type_support.cpp.o[0m
[1.828s] [ 38%] [32mBuilding CXX object CMakeFiles/interfaces__rosidl_typesupport_introspection_cpp.dir/rosidl_typesupport_introspection_cpp/interfaces/srv/detail/move_servo__type_support.cpp.o[0m
[1.921s] [ 41%] [32mBuilding CXX object CMakeFiles/interfaces__rosidl_typesupport_fastrtps_cpp.dir/rosidl_typesupport_fastrtps_cpp/interfaces/srv/detail/dds_fastrtps/move_servo__type_support.cpp.o[0m
[1.932s] [ 45%] [32mBuilding CXX object CMakeFiles/interfaces__rosidl_typesupport_fastrtps_c.dir/rosidl_typesupport_fastrtps_c/interfaces/srv/detail/move_servo__type_support_c.cpp.o[0m
[1.996s] [ 48%] [32mBuilding CXX object CMakeFiles/interfaces__rosidl_typesupport_c.dir/rosidl_typesupport_c/interfaces/srv/move_servo__type_support.cpp.o[0m
[2.039s] [ 51%] [32mBuilding C object CMakeFiles/interfaces__rosidl_typesupport_introspection_c.dir/rosidl_typesupport_introspection_c/interfaces/srv/detail/move_servo__type_support.c.o[0m
[2.043s] [ 54%] [32m[1mLinking CXX shared library libinterfaces__rosidl_typesupport_c.so[0m
[2.102s] [ 58%] [32m[1mLinking C shared library libinterfaces__rosidl_typesupport_introspection_c.so[0m
[2.115s] [ 58%] Built target interfaces__rosidl_typesupport_c
[2.165s] [ 58%] Built target interfaces__rosidl_typesupport_introspection_c
[2.208s] [ 61%] [32m[1mLinking CXX shared library libinterfaces__rosidl_typesupport_cpp.so[0m
[2.257s] [ 61%] Built target interfaces__rosidl_typesupport_cpp
[2.403s] [ 64%] [32m[1mLinking CXX shared library libinterfaces__rosidl_typesupport_introspection_cpp.so[0m
[2.454s] [ 67%] [32m[1mLinking CXX shared library libinterfaces__rosidl_typesupport_fastrtps_c.so[0m
[2.478s] [ 67%] Built target interfaces__rosidl_typesupport_introspection_cpp
[2.504s] [ 70%] [32m[1mLinking CXX shared library libinterfaces__rosidl_typesupport_fastrtps_cpp.so[0m
[2.528s] [ 70%] Built target interfaces__rosidl_typesupport_fastrtps_c
[2.570s] [ 70%] Built target interfaces__rosidl_typesupport_fastrtps_cpp
[2.584s] [ 70%] Built target interfaces
[2.599s] [ 74%] [34m[1mGenerating Python code for ROS interfaces[0m
[2.920s] [ 74%] Built target interfaces__py
[2.933s] [ 77%] [32mBuilding C object CMakeFiles/interfaces__rosidl_generator_py.dir/rosidl_generator_py/interfaces/srv/_move_servo_s.c.o[0m
[3.030s] [ 80%] [32m[1mLinking C shared library rosidl_generator_py/interfaces/libinterfaces__rosidl_generator_py.so[0m
[3.063s] [ 80%] Built target interfaces__rosidl_generator_py
[3.083s] [ 90%] [32mBuilding C object CMakeFiles/interfaces__rosidl_typesupport_fastrtps_c__pyext.dir/rosidl_generator_py/interfaces/_interfaces_s.ep.rosidl_typesupport_fastrtps_c.c.o[0m
[3.083s] [ 90%] [32mBuilding C object CMakeFiles/interfaces__rosidl_typesupport_introspection_c__pyext.dir/rosidl_generator_py/interfaces/_interfaces_s.ep.rosidl_typesupport_introspection_c.c.o[0m
[3.083s] [ 90%] [32mBuilding C object CMakeFiles/interfaces__rosidl_typesupport_c__pyext.dir/rosidl_generator_py/interfaces/_interfaces_s.ep.rosidl_typesupport_c.c.o[0m
[3.181s] [ 93%] [32m[1mLinking C shared library rosidl_generator_py/interfaces/interfaces_s__rosidl_typesupport_c.cpython-310-x86_64-linux-gnu.so[0m
[3.186s] [100%] [32m[1mLinking C shared library rosidl_generator_py/interfaces/interfaces_s__rosidl_typesupport_introspection_c.cpython-310-x86_64-linux-gnu.so[0m
[3.186s] [100%] [32m[1mLinking C shared library rosidl_generator_py/interfaces/interfaces_s__rosidl_typesupport_fastrtps_c.cpython-310-x86_64-linux-gnu.so[0m
[3.216s] [100%] Built target interfaces__rosidl_typesupport_c__pyext
[3.219s] [100%] Built target interfaces__rosidl_typesupport_fastrtps_c__pyext
[3.219s] [100%] Built target interfaces__rosidl_typesupport_introspection_c__pyext
[3.229s] Invoked command in '/home/darren/servo_node/build/interfaces' returned '0': CMAKE_PREFIX_PATH=/home/darren/servo_node/install/servo_pkg:/opt/ros/humble /usr/bin/cmake --build /home/darren/servo_node/build/interfaces -- -j8 -l8
[3.280s] Invoking command in '/home/darren/servo_node/build/interfaces': CMAKE_PREFIX_PATH=/home/darren/servo_node/install/servo_pkg:/opt/ros/humble /usr/bin/cmake --install /home/darren/servo_node/build/interfaces
[3.286s] -- Install configuration: ""
[3.286s] -- Installing: /home/darren/servo_node/install/interfaces/share/ament_index/resource_index/rosidl_interfaces/interfaces
[3.286s] -- Installing: /home/darren/servo_node/install/interfaces/include/interfaces/interfaces
[3.287s] -- Installing: /home/darren/servo_node/install/interfaces/include/interfaces/interfaces/msg
[3.287s] -- Installing: /home/darren/servo_node/install/interfaces/include/interfaces/interfaces/msg/rosidl_generator_c__visibility_control.h
[3.287s] -- Installing: /home/darren/servo_node/install/interfaces/include/interfaces/interfaces/srv
[3.287s] -- Installing: /home/darren/servo_node/install/interfaces/include/interfaces/interfaces/srv/move_servo.h
[3.287s] -- Installing: /home/darren/servo_node/install/interfaces/include/interfaces/interfaces/srv/detail
[3.287s] -- Installing: /home/darren/servo_node/install/interfaces/include/interfaces/interfaces/srv/detail/move_servo__functions.h
[3.287s] -- Installing: /home/darren/servo_node/install/interfaces/include/interfaces/interfaces/srv/detail/move_servo__functions.c
[3.287s] -- Installing: /home/darren/servo_node/install/interfaces/include/interfaces/interfaces/srv/detail/move_servo__struct.h
[3.287s] -- Installing: /home/darren/servo_node/install/interfaces/include/interfaces/interfaces/srv/detail/move_servo__type_support.h
[3.287s] -- Installing: /home/darren/servo_node/install/interfaces/share/interfaces/environment/library_path.sh
[3.288s] -- Installing: /home/darren/servo_node/install/interfaces/share/interfaces/environment/library_path.dsv
[3.288s] -- Installing: /home/darren/servo_node/install/interfaces/lib/libinterfaces__rosidl_generator_c.so
[3.288s] -- Set runtime path of "/home/darren/servo_node/install/interfaces/lib/libinterfaces__rosidl_generator_c.so" to ""
[3.288s] -- Up-to-date: /home/darren/servo_node/install/interfaces/include/interfaces/interfaces
[3.288s] -- Up-to-date: /home/darren/servo_node/install/interfaces/include/interfaces/interfaces/msg
[3.289s] -- Installing: /home/darren/servo_node/install/interfaces/include/interfaces/interfaces/msg/rosidl_typesupport_fastrtps_c__visibility_control.h
[3.289s] -- Up-to-date: /home/darren/servo_node/install/interfaces/include/interfaces/interfaces/srv
[3.289s] -- Up-to-date: /home/darren/servo_node/install/interfaces/include/interfaces/interfaces/srv/detail
[3.289s] -- Installing: /home/darren/servo_node/install/interfaces/include/interfaces/interfaces/srv/detail/move_servo__rosidl_typesupport_fastrtps_c.h
[3.289s] -- Installing: /home/darren/servo_node/install/interfaces/lib/libinterfaces__rosidl_typesupport_fastrtps_c.so
[3.289s] -- Set runtime path of "/home/darren/servo_node/install/interfaces/lib/libinterfaces__rosidl_typesupport_fastrtps_c.so" to ""
[3.289s] -- Up-to-date: /home/darren/servo_node/install/interfaces/include/interfaces/interfaces
[3.289s] -- Up-to-date: /home/darren/servo_node/install/interfaces/include/interfaces/interfaces/msg
[3.289s] -- Installing: /home/darren/servo_node/install/interfaces/include/interfaces/interfaces/msg/rosidl_typesupport_introspection_c__visibility_control.h
[3.290s] -- Up-to-date: /home/darren/servo_node/install/interfaces/include/interfaces/interfaces/srv
[3.290s] -- Up-to-date: /home/darren/servo_node/install/interfaces/include/interfaces/interfaces/srv/detail
[3.290s] -- Installing: /home/darren/servo_node/install/interfaces/include/interfaces/interfaces/srv/detail/move_servo__rosidl_typesupport_introspection_c.h
[3.290s] -- Installing: /home/darren/servo_node/install/interfaces/include/interfaces/interfaces/srv/detail/move_servo__type_support.c
[3.290s] -- Installing: /home/darren/servo_node/install/interfaces/lib/libinterfaces__rosidl_typesupport_introspection_c.so
[3.290s] -- Set runtime path of "/home/darren/servo_node/install/interfaces/lib/libinterfaces__rosidl_typesupport_introspection_c.so" to ""
[3.290s] -- Installing: /home/darren/servo_node/install/interfaces/lib/libinterfaces__rosidl_typesupport_c.so
[3.291s] -- Set runtime path of "/home/darren/servo_node/install/interfaces/lib/libinterfaces__rosidl_typesupport_c.so" to ""
[3.291s] -- Up-to-date: /home/darren/servo_node/install/interfaces/include/interfaces/interfaces
[3.291s] -- Up-to-date: /home/darren/servo_node/install/interfaces/include/interfaces/interfaces/srv
[3.291s] -- Installing: /home/darren/servo_node/install/interfaces/include/interfaces/interfaces/srv/move_servo.hpp
[3.291s] -- Up-to-date: /home/darren/servo_node/install/interfaces/include/interfaces/interfaces/srv/detail
[3.291s] -- Installing: /home/darren/servo_node/install/interfaces/include/interfaces/interfaces/srv/detail/move_servo__struct.hpp
[3.291s] -- Installing: /home/darren/servo_node/install/interfaces/include/interfaces/interfaces/srv/detail/move_servo__builder.hpp
[3.291s] -- Installing: /home/darren/servo_node/install/interfaces/include/interfaces/interfaces/srv/detail/move_servo__traits.hpp
[3.292s] -- Up-to-date: /home/darren/servo_node/install/interfaces/include/interfaces/interfaces
[3.292s] -- Up-to-date: /home/darren/servo_node/install/interfaces/include/interfaces/interfaces/msg
[3.292s] -- Installing: /home/darren/servo_node/install/interfaces/include/interfaces/interfaces/msg/rosidl_typesupport_fastrtps_cpp__visibility_control.h
[3.292s] -- Up-to-date: /home/darren/servo_node/install/interfaces/include/interfaces/interfaces/srv
[3.292s] -- Up-to-date: /home/darren/servo_node/install/interfaces/include/interfaces/interfaces/srv/detail
[3.292s] -- Installing: /home/darren/servo_node/install/interfaces/include/interfaces/interfaces/srv/detail/move_servo__rosidl_typesupport_fastrtps_cpp.hpp
[3.292s] -- Installing: /home/darren/servo_node/install/interfaces/include/interfaces/interfaces/srv/detail/dds_fastrtps
[3.292s] -- Installing: /home/darren/servo_node/install/interfaces/lib/libinterfaces__rosidl_typesupport_fastrtps_cpp.so
[3.293s] -- Set runtime path of "/home/darren/servo_node/install/interfaces/lib/libinterfaces__rosidl_typesupport_fastrtps_cpp.so" to ""
[3.293s] -- Up-to-date: /home/darren/servo_node/install/interfaces/include/interfaces/interfaces
[3.293s] -- Up-to-date: /home/darren/servo_node/install/interfaces/include/interfaces/interfaces/srv
[3.293s] -- Up-to-date: /home/darren/servo_node/install/interfaces/include/interfaces/interfaces/srv/detail
[3.293s] -- Installing: /home/darren/servo_node/install/interfaces/include/interfaces/interfaces/srv/detail/move_servo__type_support.cpp
[3.293s] -- Installing: /home/darren/servo_node/install/interfaces/include/interfaces/interfaces/srv/detail/move_servo__rosidl_typesupport_introspection_cpp.hpp
[3.293s] -- Installing: /home/darren/servo_node/install/interfaces/lib/libinterfaces__rosidl_typesupport_introspection_cpp.so
[3.293s] -- Set runtime path of "/home/darren/servo_node/install/interfaces/lib/libinterfaces__rosidl_typesupport_introspection_cpp.so" to ""
[3.294s] -- Installing: /home/darren/servo_node/install/interfaces/lib/libinterfaces__rosidl_typesupport_cpp.so
[3.294s] -- Set runtime path of "/home/darren/servo_node/install/interfaces/lib/libinterfaces__rosidl_typesupport_cpp.so" to ""
[3.294s] -- Installing: /home/darren/servo_node/install/interfaces/share/interfaces/environment/pythonpath.sh
[3.294s] -- Installing: /home/darren/servo_node/install/interfaces/share/interfaces/environment/pythonpath.dsv
[3.294s] -- Installing: /home/darren/servo_node/install/interfaces/local/lib/python3.10/dist-packages/interfaces-0.0.0-py3.10.egg-info
[3.294s] -- Installing: /home/darren/servo_node/install/interfaces/local/lib/python3.10/dist-packages/interfaces-0.0.0-py3.10.egg-info/top_level.txt
[3.295s] -- Installing: /home/darren/servo_node/install/interfaces/local/lib/python3.10/dist-packages/interfaces-0.0.0-py3.10.egg-info/dependency_links.txt
[3.295s] -- Installing: /home/darren/servo_node/install/interfaces/local/lib/python3.10/dist-packages/interfaces-0.0.0-py3.10.egg-info/SOURCES.txt
[3.295s] -- Installing: /home/darren/servo_node/install/interfaces/local/lib/python3.10/dist-packages/interfaces-0.0.0-py3.10.egg-info/PKG-INFO
[3.295s] -- Installing: /home/darren/servo_node/install/interfaces/local/lib/python3.10/dist-packages/interfaces
[3.295s] -- Installing: /home/darren/servo_node/install/interfaces/local/lib/python3.10/dist-packages/interfaces/interfaces_s__rosidl_typesupport_c.cpython-310-x86_64-linux-gnu.so
[3.295s] -- Installing: /home/darren/servo_node/install/interfaces/local/lib/python3.10/dist-packages/interfaces/interfaces_s__rosidl_typesupport_introspection_c.cpython-310-x86_64-linux-gnu.so
[3.295s] -- Installing: /home/darren/servo_node/install/interfaces/local/lib/python3.10/dist-packages/interfaces/libinterfaces__rosidl_generator_py.so
[3.296s] -- Installing: /home/darren/servo_node/install/interfaces/local/lib/python3.10/dist-packages/interfaces/_interfaces_s.ep.rosidl_typesupport_introspection_c.c
[3.296s] -- Installing: /home/darren/servo_node/install/interfaces/local/lib/python3.10/dist-packages/interfaces/_interfaces_s.ep.rosidl_typesupport_c.c
[3.296s] -- Installing: /home/darren/servo_node/install/interfaces/local/lib/python3.10/dist-packages/interfaces/__init__.py
[3.296s] -- Installing: /home/darren/servo_node/install/interfaces/local/lib/python3.10/dist-packages/interfaces/srv
[3.296s] -- Installing: /home/darren/servo_node/install/interfaces/local/lib/python3.10/dist-packages/interfaces/srv/_move_servo_s.c
[3.296s] -- Installing: /home/darren/servo_node/install/interfaces/local/lib/python3.10/dist-packages/interfaces/srv/__init__.py
[3.296s] -- Installing: /home/darren/servo_node/install/interfaces/local/lib/python3.10/dist-packages/interfaces/srv/_move_servo.py
[3.296s] -- Installing: /home/darren/servo_node/install/interfaces/local/lib/python3.10/dist-packages/interfaces/_interfaces_s.ep.rosidl_typesupport_fastrtps_c.c
[3.297s] -- Installing: /home/darren/servo_node/install/interfaces/local/lib/python3.10/dist-packages/interfaces/interfaces_s__rosidl_typesupport_fastrtps_c.cpython-310-x86_64-linux-gnu.so
[3.326s] Listing '/home/darren/servo_node/install/interfaces/local/lib/python3.10/dist-packages/interfaces'...
[3.326s] Compiling '/home/darren/servo_node/install/interfaces/local/lib/python3.10/dist-packages/interfaces/__init__.py'...
[3.326s] Listing '/home/darren/servo_node/install/interfaces/local/lib/python3.10/dist-packages/interfaces/srv'...
[3.326s] Compiling '/home/darren/servo_node/install/interfaces/local/lib/python3.10/dist-packages/interfaces/srv/__init__.py'...
[3.326s] Compiling '/home/darren/servo_node/install/interfaces/local/lib/python3.10/dist-packages/interfaces/srv/_move_servo.py'...
[3.330s] -- Installing: /home/darren/servo_node/install/interfaces/local/lib/python3.10/dist-packages/interfaces/interfaces_s__rosidl_typesupport_fastrtps_c.cpython-310-x86_64-linux-gnu.so
[3.330s] -- Set runtime path of "/home/darren/servo_node/install/interfaces/local/lib/python3.10/dist-packages/interfaces/interfaces_s__rosidl_typesupport_fastrtps_c.cpython-310-x86_64-linux-gnu.so" to ""
[3.330s] -- Installing: /home/darren/servo_node/install/interfaces/local/lib/python3.10/dist-packages/interfaces/interfaces_s__rosidl_typesupport_introspection_c.cpython-310-x86_64-linux-gnu.so
[3.330s] -- Set runtime path of "/home/darren/servo_node/install/interfaces/local/lib/python3.10/dist-packages/interfaces/interfaces_s__rosidl_typesupport_introspection_c.cpython-310-x86_64-linux-gnu.so" to ""
[3.331s] -- Installing: /home/darren/servo_node/install/interfaces/local/lib/python3.10/dist-packages/interfaces/interfaces_s__rosidl_typesupport_c.cpython-310-x86_64-linux-gnu.so
[3.331s] -- Set runtime path of "/home/darren/servo_node/install/interfaces/local/lib/python3.10/dist-packages/interfaces/interfaces_s__rosidl_typesupport_c.cpython-310-x86_64-linux-gnu.so" to ""
[3.331s] -- Installing: /home/darren/servo_node/install/interfaces/lib/libinterfaces__rosidl_generator_py.so
[3.331s] -- Set runtime path of "/home/darren/servo_node/install/interfaces/lib/libinterfaces__rosidl_generator_py.so" to ""
[3.331s] -- Installing: /home/darren/servo_node/install/interfaces/share/interfaces/srv/MoveServo.idl
[3.331s] -- Installing: /home/darren/servo_node/install/interfaces/share/interfaces/srv/MoveServo.srv
[3.332s] -- Installing: /home/darren/servo_node/install/interfaces/share/interfaces/srv/MoveServo_Request.msg
[3.332s] -- Installing: /home/darren/servo_node/install/interfaces/share/interfaces/srv/MoveServo_Response.msg
[3.332s] -- Installing: /home/darren/servo_node/install/interfaces/share/ament_index/resource_index/package_run_dependencies/interfaces
[3.332s] -- Up-to-date: /home/darren/servo_node/install/interfaces/share/ament_index/resource_index/parent_prefix_path/interfaces
[3.332s] -- Up-to-date: /home/darren/servo_node/install/interfaces/share/interfaces/environment/ament_prefix_path.sh
[3.333s] -- Installing: /home/darren/servo_node/install/interfaces/share/interfaces/environment/ament_prefix_path.dsv
[3.333s] -- Up-to-date: /home/darren/servo_node/install/interfaces/share/interfaces/environment/path.sh
[3.333s] -- Installing: /home/darren/servo_node/install/interfaces/share/interfaces/environment/path.dsv
[3.333s] -- Up-to-date: /home/darren/servo_node/install/interfaces/share/interfaces/local_setup.bash
[3.333s] -- Installing: /home/darren/servo_node/install/interfaces/share/interfaces/local_setup.sh
[3.333s] -- Up-to-date: /home/darren/servo_node/install/interfaces/share/interfaces/local_setup.zsh
[3.333s] -- Installing: /home/darren/servo_node/install/interfaces/share/interfaces/local_setup.dsv
[3.334s] -- Installing: /home/darren/servo_node/install/interfaces/share/interfaces/package.dsv
[3.334s] -- Up-to-date: /home/darren/servo_node/install/interfaces/share/ament_index/resource_index/packages/interfaces
[3.334s] -- Installing: /home/darren/servo_node/install/interfaces/share/interfaces/cmake/export_interfaces__rosidl_generator_cExport.cmake
[3.334s] -- Installing: /home/darren/servo_node/install/interfaces/share/interfaces/cmake/export_interfaces__rosidl_generator_cExport-noconfig.cmake
[3.334s] -- Installing: /home/darren/servo_node/install/interfaces/share/interfaces/cmake/export_interfaces__rosidl_typesupport_fastrtps_cExport.cmake
[3.334s] -- Installing: /home/darren/servo_node/install/interfaces/share/interfaces/cmake/export_interfaces__rosidl_typesupport_fastrtps_cExport-noconfig.cmake
[3.335s] -- Installing: /home/darren/servo_node/install/interfaces/share/interfaces/cmake/interfaces__rosidl_typesupport_introspection_cExport.cmake
[3.335s] -- Installing: /home/darren/servo_node/install/interfaces/share/interfaces/cmake/interfaces__rosidl_typesupport_introspection_cExport-noconfig.cmake
[3.335s] -- Installing: /home/darren/servo_node/install/interfaces/share/interfaces/cmake/interfaces__rosidl_typesupport_cExport.cmake
[3.335s] -- Installing: /home/darren/servo_node/install/interfaces/share/interfaces/cmake/interfaces__rosidl_typesupport_cExport-noconfig.cmake
[3.335s] -- Installing: /home/darren/servo_node/install/interfaces/share/interfaces/cmake/export_interfaces__rosidl_generator_cppExport.cmake
[3.336s] -- Installing: /home/darren/servo_node/install/interfaces/share/interfaces/cmake/export_interfaces__rosidl_typesupport_fastrtps_cppExport.cmake
[3.336s] -- Installing: /home/darren/servo_node/install/interfaces/share/interfaces/cmake/export_interfaces__rosidl_typesupport_fastrtps_cppExport-noconfig.cmake
[3.336s] -- Installing: /home/darren/servo_node/install/interfaces/share/interfaces/cmake/interfaces__rosidl_typesupport_introspection_cppExport.cmake
[3.336s] -- Installing: /home/darren/servo_node/install/interfaces/share/interfaces/cmake/interfaces__rosidl_typesupport_introspection_cppExport-noconfig.cmake
[3.336s] -- Installing: /home/darren/servo_node/install/interfaces/share/interfaces/cmake/interfaces__rosidl_typesupport_cppExport.cmake
[3.336s] -- Installing: /home/darren/servo_node/install/interfaces/share/interfaces/cmake/interfaces__rosidl_typesupport_cppExport-noconfig.cmake
[3.337s] -- Installing: /home/darren/servo_node/install/interfaces/share/interfaces/cmake/export_interfaces__rosidl_generator_pyExport.cmake
[3.337s] -- Installing: /home/darren/servo_node/install/interfaces/share/interfaces/cmake/export_interfaces__rosidl_generator_pyExport-noconfig.cmake
[3.337s] -- Installing: /home/darren/servo_node/install/interfaces/share/interfaces/cmake/rosidl_cmake-extras.cmake
[3.337s] -- Installing: /home/darren/servo_node/install/interfaces/share/interfaces/cmake/ament_cmake_export_include_directories-extras.cmake
[3.337s] -- Installing: /home/darren/servo_node/install/interfaces/share/interfaces/cmake/ament_cmake_export_libraries-extras.cmake
[3.338s] -- Installing: /home/darren/servo_node/install/interfaces/share/interfaces/cmake/ament_cmake_export_targets-extras.cmake
[3.338s] -- Installing: /home/darren/servo_node/install/interfaces/share/interfaces/cmake/rosidl_cmake_export_typesupport_targets-extras.cmake
[3.338s] -- Installing: /home/darren/servo_node/install/interfaces/share/interfaces/cmake/ament_cmake_export_dependencies-extras.cmake
[3.338s] -- Installing: /home/darren/servo_node/install/interfaces/share/interfaces/cmake/rosidl_cmake_export_typesupport_libraries-extras.cmake
[3.339s] -- Installing: /home/darren/servo_node/install/interfaces/share/interfaces/cmake/interfacesConfig.cmake
[3.339s] -- Up-to-date: /home/darren/servo_node/install/interfaces/share/interfaces/cmake/interfacesConfig-version.cmake
[3.339s] -- Installing: /home/darren/servo_node/install/interfaces/share/interfaces/package.xml
[3.342s] Invoked command in '/home/darren/servo_node/build/interfaces' returned '0': CMAKE_PREFIX_PATH=/home/darren/servo_node/install/servo_pkg:/opt/ros/humble /usr/bin/cmake --install /home/darren/servo_node/build/interfaces
