[0.647s] Invoking command in '/home/darren/servo_node/src/servo_pkg': PYTHONPATH=/home/darren/servo_node/build/servo_pkg/prefix_override:/usr/lib/python3/dist-packages/colcon_core/task/python/colcon_distutils_commands:/home/darren/servo_node/install/servo_pkg/lib/python3.10/site-packages:${PYTHONPATH} /usr/bin/python3 -W ignore:setup.py install is deprecated setup.py egg_info --egg-base ../../build/servo_pkg build --build-base /home/darren/servo_node/build/servo_pkg/build install --record /home/darren/servo_node/build/servo_pkg/install.log --single-version-externally-managed install_data
[0.759s] /home/darren/.local/lib/python3.10/site-packages/setuptools/_distutils/dist.py:261: UserWarning: Unknown distribution option: 'tests_require'
[0.759s]   warnings.warn(msg)
[0.825s] running egg_info
[0.838s] writing ../../build/servo_pkg/servo_pkg.egg-info/PKG-INFO
[0.838s] writing dependency_links to ../../build/servo_pkg/servo_pkg.egg-info/dependency_links.txt
[0.839s] writing entry points to ../../build/servo_pkg/servo_pkg.egg-info/entry_points.txt
[0.839s] writing requirements to ../../build/servo_pkg/servo_pkg.egg-info/requires.txt
[0.839s] writing top-level names to ../../build/servo_pkg/servo_pkg.egg-info/top_level.txt
[0.853s] file servo_pkg/maestro.py (for module servo_pkg.maestro) not found
[0.865s] reading manifest file '../../build/servo_pkg/servo_pkg.egg-info/SOURCES.txt'
[0.867s] writing manifest file '../../build/servo_pkg/servo_pkg.egg-info/SOURCES.txt'
[0.867s] running build
[0.867s] running build_py
[0.867s] file servo_pkg/maestro.py (for module servo_pkg.maestro) not found
[0.867s] copying servo_pkg/__init__.py -> /home/darren/servo_node/build/servo_pkg/build/lib/servo_pkg
[0.867s] copying servo_pkg/USB_Servo.py -> /home/darren/servo_node/build/servo_pkg/build/lib/servo_pkg
[0.867s] copying servo_pkg/USB_client.py -> /home/darren/servo_node/build/servo_pkg/build/lib/servo_pkg
[0.867s] copying servo_pkg/__init__.py -> /home/darren/servo_node/build/servo_pkg/build/lib/servo_pkg
[0.867s] copying servo_pkg/i2c_Servo.py -> /home/darren/servo_node/build/servo_pkg/build/lib/servo_pkg
[0.867s] file servo_pkg/maestro.py (for module servo_pkg.maestro) not found
[0.868s] running install
[0.873s] running install_lib
[0.886s] running install_data
[0.886s] copying resource/servo_pkg -> /home/darren/servo_node/install/servo_pkg/share/ament_index/resource_index/packages
[0.886s] copying package.xml -> /home/darren/servo_node/install/servo_pkg/share/servo_pkg
[0.886s] running install_egg_info
[0.899s] removing '/home/darren/servo_node/install/servo_pkg/lib/python3.10/site-packages/servo_pkg-0.0.0-py3.10.egg-info' (and everything under it)
[0.899s] Copying ../../build/servo_pkg/servo_pkg.egg-info to /home/darren/servo_node/install/servo_pkg/lib/python3.10/site-packages/servo_pkg-0.0.0-py3.10.egg-info
[0.900s] running install_scripts
[0.994s] Installing client script to /home/darren/servo_node/install/servo_pkg/lib/servo_pkg
[0.995s] Installing service script to /home/darren/servo_node/install/servo_pkg/lib/servo_pkg
[0.995s] file servo_pkg/maestro.py (for module servo_pkg.maestro) not found
[0.995s] writing list of installed files to '/home/darren/servo_node/build/servo_pkg/install.log'
[1.015s] Invoked command in '/home/darren/servo_node/src/servo_pkg' returned '0': PYTHONPATH=/home/darren/servo_node/build/servo_pkg/prefix_override:/usr/lib/python3/dist-packages/colcon_core/task/python/colcon_distutils_commands:/home/darren/servo_node/install/servo_pkg/lib/python3.10/site-packages:${PYTHONPATH} /usr/bin/python3 -W ignore:setup.py install is deprecated setup.py egg_info --egg-base ../../build/servo_pkg build --build-base /home/darren/servo_node/build/servo_pkg/build install --record /home/darren/servo_node/build/servo_pkg/install.log --single-version-externally-managed install_data
