[0.009s] Invoking command in '/home/darren/servo_node/build/interfaces': CMAKE_PREFIX_PATH=/home/darren/servo_node/install/servo_pkg:/home/darren/ros2_ws/install/DW_DarrensController:/opt/ros/humble /usr/bin/cmake --build /home/darren/servo_node/build/interfaces -- -j8 -l8
[0.028s] -- Found ament_cmake: 1.3.10 (/opt/ros/humble/share/ament_cmake/cmake)
[0.124s] -- Found rosidl_default_generators: 1.2.0 (/opt/ros/humble/share/rosidl_default_generators/cmake)
[0.125s] -- Using all available rosidl_typesupport_c: rosidl_typesupport_fastrtps_c;rosidl_typesupport_introspection_c
[0.127s] -- Found rosidl_adapter: 3.1.5 (/opt/ros/humble/share/rosidl_adapter/cmake)
[0.152s] -- Using all available rosidl_typesupport_cpp: rosidl_typesupport_fastrtps_cpp;rosidl_typesupport_introspection_cpp
[0.360s] -- Found ament_cmake_ros: 0.10.0 (/opt/ros/humble/share/ament_cmake_ros/cmake)
[0.504s] -- Using all available rosidl_typesupport_c: rosidl_typesupport_fastrtps_c;rosidl_typesupport_introspection_c
[0.696s] -- Using all available rosidl_typesupport_cpp: rosidl_typesupport_fastrtps_cpp;rosidl_typesupport_introspection_cpp
[0.713s] -- Found python_cmake_module: 0.10.0 (/opt/ros/humble/share/python_cmake_module/cmake)
[0.731s] -- Using PYTHON_EXECUTABLE: /usr/bin/python3
[0.731s] -- Using PYTHON_INCLUDE_DIRS: /usr/include/python3.10
[0.731s] -- Using PYTHON_LIBRARIES: /usr/lib/x86_64-linux-gnu/libpython3.10.so
[0.740s] -- Found ament_lint_auto: 0.12.11 (/opt/ros/humble/share/ament_lint_auto/cmake)
[0.746s] -- Added test 'lint_cmake' to check CMake code style
[0.747s] -- Added test 'xmllint' to check XML markup files
[0.748s] -- Configuring done
[0.770s] -- Generating done
[0.772s] -- Build files have been written to: /home/darren/servo_node/build/interfaces
[0.794s] [35m[1mConsolidate compiler generated dependencies of target interfaces__rosidl_generator_c[0m
[0.805s] [  3%] Built target interfaces__cpp
[0.806s] [ 12%] Built target interfaces__rosidl_generator_c
[0.820s] [35m[1mConsolidate compiler generated dependencies of target interfaces__rosidl_typesupport_fastrtps_cpp[0m
[0.821s] [ 12%] Built target ament_cmake_python_copy_interfaces
[0.825s] [35m[1mConsolidate compiler generated dependencies of target interfaces__rosidl_typesupport_introspection_cpp[0m
[0.825s] [35m[1mConsolidate compiler generated dependencies of target interfaces__rosidl_typesupport_introspection_c[0m
[0.825s] [35m[1mConsolidate compiler generated dependencies of target interfaces__rosidl_typesupport_c[0m
[0.825s] [35m[1mConsolidate compiler generated dependencies of target interfaces__rosidl_typesupport_fastrtps_c[0m
[0.825s] [35m[1mConsolidate compiler generated dependencies of target interfaces__rosidl_typesupport_cpp[0m
[0.847s] [ 22%] Built target interfaces__rosidl_typesupport_introspection_c
[0.847s] [ 41%] Built target interfaces__rosidl_typesupport_fastrtps_cpp
[0.847s] [ 41%] Built target interfaces__rosidl_typesupport_c
[0.848s] [ 51%] Built target interfaces__rosidl_typesupport_introspection_cpp
[0.849s] [ 61%] Built target interfaces__rosidl_typesupport_fastrtps_c
[0.849s] [ 70%] Built target interfaces__rosidl_typesupport_cpp
[0.871s] [ 70%] Built target interfaces
[0.891s] [ 74%] Built target interfaces__py
[0.900s] [35m[1mConsolidate compiler generated dependencies of target interfaces__rosidl_generator_py[0m
[0.912s] [ 80%] Built target interfaces__rosidl_generator_py
[0.924s] [35m[1mConsolidate compiler generated dependencies of target interfaces__rosidl_typesupport_introspection_c__pyext[0m
[0.925s] [35m[1mConsolidate compiler generated dependencies of target interfaces__rosidl_typesupport_c__pyext[0m
[0.928s] [35m[1mConsolidate compiler generated dependencies of target interfaces__rosidl_typesupport_fastrtps_c__pyext[0m
[0.947s] [ 87%] Built target interfaces__rosidl_typesupport_introspection_c__pyext
[0.948s] [ 93%] Built target interfaces__rosidl_typesupport_c__pyext
[0.955s] [100%] Built target interfaces__rosidl_typesupport_fastrtps_c__pyext
[1.069s] running egg_info
[1.083s] writing interfaces.egg-info/PKG-INFO
[1.084s] writing dependency_links to interfaces.egg-info/dependency_links.txt
[1.084s] writing top-level names to interfaces.egg-info/top_level.txt
[1.127s] reading manifest file 'interfaces.egg-info/SOURCES.txt'
[1.128s] writing manifest file 'interfaces.egg-info/SOURCES.txt'
[1.157s] [100%] Built target ament_cmake_python_build_interfaces_egg
[1.166s] Invoked command in '/home/darren/servo_node/build/interfaces' returned '0': CMAKE_PREFIX_PATH=/home/darren/servo_node/install/servo_pkg:/home/darren/ros2_ws/install/DW_DarrensController:/opt/ros/humble /usr/bin/cmake --build /home/darren/servo_node/build/interfaces -- -j8 -l8
[1.219s] Invoking command in '/home/darren/servo_node/build/interfaces': CMAKE_PREFIX_PATH=/home/darren/servo_node/install/servo_pkg:/home/darren/ros2_ws/install/DW_DarrensController:/opt/ros/humble /usr/bin/cmake --install /home/darren/servo_node/build/interfaces
[1.226s] -- Install configuration: ""
[1.226s] -- Up-to-date: /home/darren/servo_node/install/interfaces/share/ament_index/resource_index/rosidl_interfaces/interfaces
[1.226s] -- Up-to-date: /home/darren/servo_node/install/interfaces/include/interfaces/interfaces
[1.226s] -- Up-to-date: /home/darren/servo_node/install/interfaces/include/interfaces/interfaces/msg
[1.226s] -- Up-to-date: /home/darren/servo_node/install/interfaces/include/interfaces/interfaces/msg/rosidl_generator_c__visibility_control.h
[1.226s] -- Up-to-date: /home/darren/servo_node/install/interfaces/include/interfaces/interfaces/srv
[1.226s] -- Up-to-date: /home/darren/servo_node/install/interfaces/include/interfaces/interfaces/srv/move_servo.h
[1.226s] -- Up-to-date: /home/darren/servo_node/install/interfaces/include/interfaces/interfaces/srv/detail
[1.226s] -- Up-to-date: /home/darren/servo_node/install/interfaces/include/interfaces/interfaces/srv/detail/move_servo__functions.h
[1.226s] -- Up-to-date: /home/darren/servo_node/install/interfaces/include/interfaces/interfaces/srv/detail/move_servo__functions.c
[1.226s] -- Up-to-date: /home/darren/servo_node/install/interfaces/include/interfaces/interfaces/srv/detail/move_servo__struct.h
[1.226s] -- Up-to-date: /home/darren/servo_node/install/interfaces/include/interfaces/interfaces/srv/detail/move_servo__type_support.h
[1.226s] -- Up-to-date: /home/darren/servo_node/install/interfaces/share/interfaces/environment/library_path.sh
[1.226s] -- Installing: /home/darren/servo_node/install/interfaces/share/interfaces/environment/library_path.dsv
[1.227s] -- Up-to-date: /home/darren/servo_node/install/interfaces/lib/libinterfaces__rosidl_generator_c.so
[1.227s] -- Up-to-date: /home/darren/servo_node/install/interfaces/include/interfaces/interfaces
[1.227s] -- Up-to-date: /home/darren/servo_node/install/interfaces/include/interfaces/interfaces/msg
[1.227s] -- Up-to-date: /home/darren/servo_node/install/interfaces/include/interfaces/interfaces/msg/rosidl_typesupport_fastrtps_c__visibility_control.h
[1.227s] -- Up-to-date: /home/darren/servo_node/install/interfaces/include/interfaces/interfaces/srv
[1.227s] -- Up-to-date: /home/darren/servo_node/install/interfaces/include/interfaces/interfaces/srv/detail
[1.227s] -- Up-to-date: /home/darren/servo_node/install/interfaces/include/interfaces/interfaces/srv/detail/move_servo__rosidl_typesupport_fastrtps_c.h
[1.227s] -- Up-to-date: /home/darren/servo_node/install/interfaces/lib/libinterfaces__rosidl_typesupport_fastrtps_c.so
[1.228s] -- Up-to-date: /home/darren/servo_node/install/interfaces/include/interfaces/interfaces
[1.228s] -- Up-to-date: /home/darren/servo_node/install/interfaces/include/interfaces/interfaces/msg
[1.228s] -- Up-to-date: /home/darren/servo_node/install/interfaces/include/interfaces/interfaces/msg/rosidl_typesupport_introspection_c__visibility_control.h
[1.228s] -- Up-to-date: /home/darren/servo_node/install/interfaces/include/interfaces/interfaces/srv
[1.228s] -- Up-to-date: /home/darren/servo_node/install/interfaces/include/interfaces/interfaces/srv/detail
[1.229s] -- Up-to-date: /home/darren/servo_node/install/interfaces/include/interfaces/interfaces/srv/detail/move_servo__rosidl_typesupport_introspection_c.h
[1.229s] -- Up-to-date: /home/darren/servo_node/install/interfaces/include/interfaces/interfaces/srv/detail/move_servo__type_support.c
[1.229s] -- Up-to-date: /home/darren/servo_node/install/interfaces/lib/libinterfaces__rosidl_typesupport_introspection_c.so
[1.229s] -- Up-to-date: /home/darren/servo_node/install/interfaces/lib/libinterfaces__rosidl_typesupport_c.so
[1.229s] -- Up-to-date: /home/darren/servo_node/install/interfaces/include/interfaces/interfaces
[1.229s] -- Up-to-date: /home/darren/servo_node/install/interfaces/include/interfaces/interfaces/srv
[1.230s] -- Up-to-date: /home/darren/servo_node/install/interfaces/include/interfaces/interfaces/srv/move_servo.hpp
[1.230s] -- Up-to-date: /home/darren/servo_node/install/interfaces/include/interfaces/interfaces/srv/detail
[1.230s] -- Up-to-date: /home/darren/servo_node/install/interfaces/include/interfaces/interfaces/srv/detail/move_servo__struct.hpp
[1.230s] -- Up-to-date: /home/darren/servo_node/install/interfaces/include/interfaces/interfaces/srv/detail/move_servo__builder.hpp
[1.230s] -- Up-to-date: /home/darren/servo_node/install/interfaces/include/interfaces/interfaces/srv/detail/move_servo__traits.hpp
[1.230s] -- Up-to-date: /home/darren/servo_node/install/interfaces/include/interfaces/interfaces
[1.230s] -- Up-to-date: /home/darren/servo_node/install/interfaces/include/interfaces/interfaces/msg
[1.230s] -- Up-to-date: /home/darren/servo_node/install/interfaces/include/interfaces/interfaces/msg/rosidl_typesupport_fastrtps_cpp__visibility_control.h
[1.230s] -- Up-to-date: /home/darren/servo_node/install/interfaces/include/interfaces/interfaces/srv
[1.231s] -- Up-to-date: /home/darren/servo_node/install/interfaces/include/interfaces/interfaces/srv/detail
[1.231s] -- Up-to-date: /home/darren/servo_node/install/interfaces/include/interfaces/interfaces/srv/detail/move_servo__rosidl_typesupport_fastrtps_cpp.hpp
[1.231s] -- Up-to-date: /home/darren/servo_node/install/interfaces/include/interfaces/interfaces/srv/detail/dds_fastrtps
[1.231s] -- Up-to-date: /home/darren/servo_node/install/interfaces/lib/libinterfaces__rosidl_typesupport_fastrtps_cpp.so
[1.231s] -- Up-to-date: /home/darren/servo_node/install/interfaces/include/interfaces/interfaces
[1.231s] -- Up-to-date: /home/darren/servo_node/install/interfaces/include/interfaces/interfaces/srv
[1.231s] -- Up-to-date: /home/darren/servo_node/install/interfaces/include/interfaces/interfaces/srv/detail
[1.231s] -- Up-to-date: /home/darren/servo_node/install/interfaces/include/interfaces/interfaces/srv/detail/move_servo__type_support.cpp
[1.231s] -- Up-to-date: /home/darren/servo_node/install/interfaces/include/interfaces/interfaces/srv/detail/move_servo__rosidl_typesupport_introspection_cpp.hpp
[1.231s] -- Up-to-date: /home/darren/servo_node/install/interfaces/lib/libinterfaces__rosidl_typesupport_introspection_cpp.so
[1.232s] -- Up-to-date: /home/darren/servo_node/install/interfaces/lib/libinterfaces__rosidl_typesupport_cpp.so
[1.232s] -- Up-to-date: /home/darren/servo_node/install/interfaces/share/interfaces/environment/pythonpath.sh
[1.232s] -- Installing: /home/darren/servo_node/install/interfaces/share/interfaces/environment/pythonpath.dsv
[1.232s] -- Up-to-date: /home/darren/servo_node/install/interfaces/local/lib/python3.10/dist-packages/interfaces-0.0.0-py3.10.egg-info
[1.232s] -- Installing: /home/darren/servo_node/install/interfaces/local/lib/python3.10/dist-packages/interfaces-0.0.0-py3.10.egg-info/top_level.txt
[1.232s] -- Installing: /home/darren/servo_node/install/interfaces/local/lib/python3.10/dist-packages/interfaces-0.0.0-py3.10.egg-info/dependency_links.txt
[1.232s] -- Installing: /home/darren/servo_node/install/interfaces/local/lib/python3.10/dist-packages/interfaces-0.0.0-py3.10.egg-info/SOURCES.txt
[1.232s] -- Installing: /home/darren/servo_node/install/interfaces/local/lib/python3.10/dist-packages/interfaces-0.0.0-py3.10.egg-info/PKG-INFO
[1.232s] -- Up-to-date: /home/darren/servo_node/install/interfaces/local/lib/python3.10/dist-packages/interfaces
[1.232s] -- Up-to-date: /home/darren/servo_node/install/interfaces/local/lib/python3.10/dist-packages/interfaces/interfaces_s__rosidl_typesupport_c.cpython-310-x86_64-linux-gnu.so
[1.232s] -- Up-to-date: /home/darren/servo_node/install/interfaces/local/lib/python3.10/dist-packages/interfaces/interfaces_s__rosidl_typesupport_introspection_c.cpython-310-x86_64-linux-gnu.so
[1.232s] -- Up-to-date: /home/darren/servo_node/install/interfaces/local/lib/python3.10/dist-packages/interfaces/libinterfaces__rosidl_generator_py.so
[1.232s] -- Up-to-date: /home/darren/servo_node/install/interfaces/local/lib/python3.10/dist-packages/interfaces/_interfaces_s.ep.rosidl_typesupport_introspection_c.c
[1.232s] -- Up-to-date: /home/darren/servo_node/install/interfaces/local/lib/python3.10/dist-packages/interfaces/_interfaces_s.ep.rosidl_typesupport_c.c
[1.232s] -- Installing: /home/darren/servo_node/install/interfaces/local/lib/python3.10/dist-packages/interfaces/__init__.py
[1.233s] -- Up-to-date: /home/darren/servo_node/install/interfaces/local/lib/python3.10/dist-packages/interfaces/srv
[1.233s] -- Up-to-date: /home/darren/servo_node/install/interfaces/local/lib/python3.10/dist-packages/interfaces/srv/_move_servo_s.c
[1.233s] -- Up-to-date: /home/darren/servo_node/install/interfaces/local/lib/python3.10/dist-packages/interfaces/srv/__init__.py
[1.233s] -- Up-to-date: /home/darren/servo_node/install/interfaces/local/lib/python3.10/dist-packages/interfaces/srv/_move_servo.py
[1.233s] -- Up-to-date: /home/darren/servo_node/install/interfaces/local/lib/python3.10/dist-packages/interfaces/_interfaces_s.ep.rosidl_typesupport_fastrtps_c.c
[1.233s] -- Up-to-date: /home/darren/servo_node/install/interfaces/local/lib/python3.10/dist-packages/interfaces/interfaces_s__rosidl_typesupport_fastrtps_c.cpython-310-x86_64-linux-gnu.so
[1.262s] Listing '/home/darren/servo_node/install/interfaces/local/lib/python3.10/dist-packages/interfaces'...
[1.262s] Compiling '/home/darren/servo_node/install/interfaces/local/lib/python3.10/dist-packages/interfaces/__init__.py'...
[1.262s] Listing '/home/darren/servo_node/install/interfaces/local/lib/python3.10/dist-packages/interfaces/srv'...
[1.266s] -- Up-to-date: /home/darren/servo_node/install/interfaces/local/lib/python3.10/dist-packages/interfaces/interfaces_s__rosidl_typesupport_fastrtps_c.cpython-310-x86_64-linux-gnu.so
[1.266s] -- Up-to-date: /home/darren/servo_node/install/interfaces/local/lib/python3.10/dist-packages/interfaces/interfaces_s__rosidl_typesupport_introspection_c.cpython-310-x86_64-linux-gnu.so
[1.266s] -- Up-to-date: /home/darren/servo_node/install/interfaces/local/lib/python3.10/dist-packages/interfaces/interfaces_s__rosidl_typesupport_c.cpython-310-x86_64-linux-gnu.so
[1.266s] -- Up-to-date: /home/darren/servo_node/install/interfaces/lib/libinterfaces__rosidl_generator_py.so
[1.266s] -- Up-to-date: /home/darren/servo_node/install/interfaces/share/interfaces/srv/MoveServo.idl
[1.266s] -- Up-to-date: /home/darren/servo_node/install/interfaces/share/interfaces/srv/MoveServo.srv
[1.266s] -- Up-to-date: /home/darren/servo_node/install/interfaces/share/interfaces/srv/MoveServo_Request.msg
[1.266s] -- Up-to-date: /home/darren/servo_node/install/interfaces/share/interfaces/srv/MoveServo_Response.msg
[1.266s] -- Up-to-date: /home/darren/servo_node/install/interfaces/share/ament_index/resource_index/package_run_dependencies/interfaces
[1.266s] -- Up-to-date: /home/darren/servo_node/install/interfaces/share/ament_index/resource_index/parent_prefix_path/interfaces
[1.266s] -- Up-to-date: /home/darren/servo_node/install/interfaces/share/interfaces/environment/ament_prefix_path.sh
[1.266s] -- Installing: /home/darren/servo_node/install/interfaces/share/interfaces/environment/ament_prefix_path.dsv
[1.267s] -- Up-to-date: /home/darren/servo_node/install/interfaces/share/interfaces/environment/path.sh
[1.267s] -- Installing: /home/darren/servo_node/install/interfaces/share/interfaces/environment/path.dsv
[1.267s] -- Up-to-date: /home/darren/servo_node/install/interfaces/share/interfaces/local_setup.bash
[1.267s] -- Up-to-date: /home/darren/servo_node/install/interfaces/share/interfaces/local_setup.sh
[1.267s] -- Up-to-date: /home/darren/servo_node/install/interfaces/share/interfaces/local_setup.zsh
[1.267s] -- Installing: /home/darren/servo_node/install/interfaces/share/interfaces/local_setup.dsv
[1.267s] -- Installing: /home/darren/servo_node/install/interfaces/share/interfaces/package.dsv
[1.267s] -- Up-to-date: /home/darren/servo_node/install/interfaces/share/ament_index/resource_index/packages/interfaces
[1.267s] -- Up-to-date: /home/darren/servo_node/install/interfaces/share/interfaces/cmake/export_interfaces__rosidl_generator_cExport.cmake
[1.267s] -- Up-to-date: /home/darren/servo_node/install/interfaces/share/interfaces/cmake/export_interfaces__rosidl_generator_cExport-noconfig.cmake
[1.267s] -- Up-to-date: /home/darren/servo_node/install/interfaces/share/interfaces/cmake/export_interfaces__rosidl_typesupport_fastrtps_cExport.cmake
[1.267s] -- Up-to-date: /home/darren/servo_node/install/interfaces/share/interfaces/cmake/export_interfaces__rosidl_typesupport_fastrtps_cExport-noconfig.cmake
[1.267s] -- Up-to-date: /home/darren/servo_node/install/interfaces/share/interfaces/cmake/interfaces__rosidl_typesupport_introspection_cExport.cmake
[1.268s] -- Up-to-date: /home/darren/servo_node/install/interfaces/share/interfaces/cmake/interfaces__rosidl_typesupport_introspection_cExport-noconfig.cmake
[1.268s] -- Up-to-date: /home/darren/servo_node/install/interfaces/share/interfaces/cmake/interfaces__rosidl_typesupport_cExport.cmake
[1.268s] -- Up-to-date: /home/darren/servo_node/install/interfaces/share/interfaces/cmake/interfaces__rosidl_typesupport_cExport-noconfig.cmake
[1.268s] -- Up-to-date: /home/darren/servo_node/install/interfaces/share/interfaces/cmake/export_interfaces__rosidl_generator_cppExport.cmake
[1.268s] -- Up-to-date: /home/darren/servo_node/install/interfaces/share/interfaces/cmake/export_interfaces__rosidl_typesupport_fastrtps_cppExport.cmake
[1.268s] -- Up-to-date: /home/darren/servo_node/install/interfaces/share/interfaces/cmake/export_interfaces__rosidl_typesupport_fastrtps_cppExport-noconfig.cmake
[1.268s] -- Up-to-date: /home/darren/servo_node/install/interfaces/share/interfaces/cmake/interfaces__rosidl_typesupport_introspection_cppExport.cmake
[1.268s] -- Up-to-date: /home/darren/servo_node/install/interfaces/share/interfaces/cmake/interfaces__rosidl_typesupport_introspection_cppExport-noconfig.cmake
[1.268s] -- Up-to-date: /home/darren/servo_node/install/interfaces/share/interfaces/cmake/interfaces__rosidl_typesupport_cppExport.cmake
[1.269s] -- Up-to-date: /home/darren/servo_node/install/interfaces/share/interfaces/cmake/interfaces__rosidl_typesupport_cppExport-noconfig.cmake
[1.269s] -- Up-to-date: /home/darren/servo_node/install/interfaces/share/interfaces/cmake/export_interfaces__rosidl_generator_pyExport.cmake
[1.269s] -- Up-to-date: /home/darren/servo_node/install/interfaces/share/interfaces/cmake/export_interfaces__rosidl_generator_pyExport-noconfig.cmake
[1.269s] -- Up-to-date: /home/darren/servo_node/install/interfaces/share/interfaces/cmake/rosidl_cmake-extras.cmake
[1.269s] -- Up-to-date: /home/darren/servo_node/install/interfaces/share/interfaces/cmake/ament_cmake_export_include_directories-extras.cmake
[1.269s] -- Up-to-date: /home/darren/servo_node/install/interfaces/share/interfaces/cmake/ament_cmake_export_libraries-extras.cmake
[1.269s] -- Up-to-date: /home/darren/servo_node/install/interfaces/share/interfaces/cmake/ament_cmake_export_targets-extras.cmake
[1.269s] -- Up-to-date: /home/darren/servo_node/install/interfaces/share/interfaces/cmake/rosidl_cmake_export_typesupport_targets-extras.cmake
[1.269s] -- Up-to-date: /home/darren/servo_node/install/interfaces/share/interfaces/cmake/ament_cmake_export_dependencies-extras.cmake
[1.269s] -- Up-to-date: /home/darren/servo_node/install/interfaces/share/interfaces/cmake/rosidl_cmake_export_typesupport_libraries-extras.cmake
[1.269s] -- Up-to-date: /home/darren/servo_node/install/interfaces/share/interfaces/cmake/interfacesConfig.cmake
[1.269s] -- Up-to-date: /home/darren/servo_node/install/interfaces/share/interfaces/cmake/interfacesConfig-version.cmake
[1.269s] -- Installing: /home/darren/servo_node/install/interfaces/share/interfaces/package.xml
[1.271s] Invoked command in '/home/darren/servo_node/build/interfaces' returned '0': CMAKE_PREFIX_PATH=/home/darren/servo_node/install/servo_pkg:/home/darren/ros2_ws/install/DW_DarrensController:/opt/ros/humble /usr/bin/cmake --install /home/darren/servo_node/build/interfaces
