[0.012s] Invoking command in '/home/darren/servo_node/build/interfaces': CMAKE_PREFIX_PATH=/home/darren/servo_node/install/servo_pkg:/opt/ros/humble /usr/bin/cmake --build /home/darren/servo_node/build/interfaces -- -j8 -l8
[0.193s] Invoked command in '/home/darren/servo_node/build/interfaces' returned '0': CMAKE_PREFIX_PATH=/home/darren/servo_node/install/servo_pkg:/opt/ros/humble /usr/bin/cmake --build /home/darren/servo_node/build/interfaces -- -j8 -l8
[0.220s] Invoking command in '/home/darren/servo_node/build/interfaces': CMAKE_PREFIX_PATH=/home/darren/servo_node/install/servo_pkg:/opt/ros/humble /usr/bin/cmake --install /home/darren/servo_node/build/interfaces
[0.228s] -- Install configuration: ""
[0.228s] -- Up-to-date: /home/darren/servo_node/install/interfaces/share/ament_index/resource_index/package_run_dependencies/interfaces
[0.229s] -- Up-to-date: /home/darren/servo_node/install/interfaces/share/ament_index/resource_index/parent_prefix_path/interfaces
[0.229s] -- Up-to-date: /home/darren/servo_node/install/interfaces/share/interfaces/environment/ament_prefix_path.sh
[0.229s] -- Up-to-date: /home/darren/servo_node/install/interfaces/share/interfaces/environment/ament_prefix_path.dsv
[0.229s] -- Up-to-date: /home/darren/servo_node/install/interfaces/share/interfaces/environment/path.sh
[0.229s] -- Up-to-date: /home/darren/servo_node/install/interfaces/share/interfaces/environment/path.dsv
[0.229s] -- Up-to-date: /home/darren/servo_node/install/interfaces/share/interfaces/local_setup.bash
[0.230s] -- Up-to-date: /home/darren/servo_node/install/interfaces/share/interfaces/local_setup.sh
[0.230s] -- Up-to-date: /home/darren/servo_node/install/interfaces/share/interfaces/local_setup.zsh
[0.230s] -- Up-to-date: /home/darren/servo_node/install/interfaces/share/interfaces/local_setup.dsv
[0.230s] -- Up-to-date: /home/darren/servo_node/install/interfaces/share/interfaces/package.dsv
[0.230s] -- Up-to-date: /home/darren/servo_node/install/interfaces/share/ament_index/resource_index/packages/interfaces
[0.230s] -- Up-to-date: /home/darren/servo_node/install/interfaces/share/interfaces/cmake/interfacesConfig.cmake
[0.230s] -- Up-to-date: /home/darren/servo_node/install/interfaces/share/interfaces/cmake/interfacesConfig-version.cmake
[0.231s] -- Up-to-date: /home/darren/servo_node/install/interfaces/share/interfaces/package.xml
[0.233s] Invoked command in '/home/darren/servo_node/build/interfaces' returned '0': CMAKE_PREFIX_PATH=/home/darren/servo_node/install/servo_pkg:/opt/ros/humble /usr/bin/cmake --install /home/darren/servo_node/build/interfaces
