-- Found ament_cmake: 1.3.10 (/opt/ros/humble/share/ament_cmake/cmake)
-- Found ament_lint_auto: 0.12.11 (/opt/ros/humble/share/ament_lint_auto/cmake)
-- Added test 'lint_cmake' to check CMake code style
-- Added test 'xmllint' to check XML markup files
-- Configuring done
-- Generating done
-- Build files have been written to: /home/darren/servo_node/build/interfaces
-- Install configuration: ""
-- Installing: /home/darren/servo_node/install/interfaces/share/ament_index/resource_index/package_run_dependencies/interfaces
-- Installing: /home/darren/servo_node/install/interfaces/share/ament_index/resource_index/parent_prefix_path/interfaces
-- Installing: /home/darren/servo_node/install/interfaces/share/interfaces/environment/ament_prefix_path.sh
-- Installing: /home/darren/servo_node/install/interfaces/share/interfaces/environment/ament_prefix_path.dsv
-- Installing: /home/darren/servo_node/install/interfaces/share/interfaces/environment/path.sh
-- Installing: /home/darren/servo_node/install/interfaces/share/interfaces/environment/path.dsv
-- Installing: /home/darren/servo_node/install/interfaces/share/interfaces/local_setup.bash
-- Installing: /home/darren/servo_node/install/interfaces/share/interfaces/local_setup.sh
-- Installing: /home/darren/servo_node/install/interfaces/share/interfaces/local_setup.zsh
-- Installing: /home/darren/servo_node/install/interfaces/share/interfaces/local_setup.dsv
-- Installing: /home/darren/servo_node/install/interfaces/share/interfaces/package.dsv
-- Installing: /home/darren/servo_node/install/interfaces/share/ament_index/resource_index/packages/interfaces
-- Installing: /home/darren/servo_node/install/interfaces/share/interfaces/cmake/interfacesConfig.cmake
-- Installing: /home/darren/servo_node/install/interfaces/share/interfaces/cmake/interfacesConfig-version.cmake
-- Installing: /home/darren/servo_node/install/interfaces/share/interfaces/package.xml
