[0.011s] Invoking command in '/home/darren/servo_node/build/interfaces': CMAKE_PREFIX_PATH=/home/darren/servo_node/install/servo_pkg:/opt/ros/humble /usr/bin/cmake /home/darren/servo_node/src/interfaces -DCMAKE_INSTALL_PREFIX=/home/darren/servo_node/install/interfaces
[0.024s] -- Found ament_cmake: 1.3.10 (/opt/ros/humble/share/ament_cmake/cmake)
[0.153s] -- Found ament_lint_auto: 0.12.11 (/opt/ros/humble/share/ament_lint_auto/cmake)
[0.229s] -- Added test 'lint_cmake' to check CMake code style
[0.231s] -- Added test 'xmllint' to check XML markup files
[0.233s] -- Configuring done
[0.238s] -- Generating done
[0.239s] -- Build files have been written to: /home/darren/servo_node/build/interfaces
[0.244s] Invoked command in '/home/darren/servo_node/build/interfaces' returned '0': CMAKE_PREFIX_PATH=/home/darren/servo_node/install/servo_pkg:/opt/ros/humble /usr/bin/cmake /home/darren/servo_node/src/interfaces -DCMAKE_INSTALL_PREFIX=/home/darren/servo_node/install/interfaces
[0.245s] Invoking command in '/home/darren/servo_node/build/interfaces': CMAKE_PREFIX_PATH=/home/darren/servo_node/install/servo_pkg:/opt/ros/humble /usr/bin/cmake --build /home/darren/servo_node/build/interfaces -- -j8 -l8
[0.279s] Invoked command in '/home/darren/servo_node/build/interfaces' returned '0': CMAKE_PREFIX_PATH=/home/darren/servo_node/install/servo_pkg:/opt/ros/humble /usr/bin/cmake --build /home/darren/servo_node/build/interfaces -- -j8 -l8
[0.304s] Invoking command in '/home/darren/servo_node/build/interfaces': CMAKE_PREFIX_PATH=/home/darren/servo_node/install/servo_pkg:/opt/ros/humble /usr/bin/cmake --install /home/darren/servo_node/build/interfaces
[0.311s] -- Install configuration: ""
[0.311s] -- Installing: /home/darren/servo_node/install/interfaces/share/ament_index/resource_index/package_run_dependencies/interfaces
[0.311s] -- Installing: /home/darren/servo_node/install/interfaces/share/ament_index/resource_index/parent_prefix_path/interfaces
[0.311s] -- Installing: /home/darren/servo_node/install/interfaces/share/interfaces/environment/ament_prefix_path.sh
[0.311s] -- Installing: /home/darren/servo_node/install/interfaces/share/interfaces/environment/ament_prefix_path.dsv
[0.311s] -- Installing: /home/darren/servo_node/install/interfaces/share/interfaces/environment/path.sh
[0.311s] -- Installing: /home/darren/servo_node/install/interfaces/share/interfaces/environment/path.dsv
[0.311s] -- Installing: /home/darren/servo_node/install/interfaces/share/interfaces/local_setup.bash
[0.312s] -- Installing: /home/darren/servo_node/install/interfaces/share/interfaces/local_setup.sh
[0.312s] -- Installing: /home/darren/servo_node/install/interfaces/share/interfaces/local_setup.zsh
[0.312s] -- Installing: /home/darren/servo_node/install/interfaces/share/interfaces/local_setup.dsv
[0.312s] -- Installing: /home/darren/servo_node/install/interfaces/share/interfaces/package.dsv
[0.312s] -- Installing: /home/darren/servo_node/install/interfaces/share/ament_index/resource_index/packages/interfaces
[0.312s] -- Installing: /home/darren/servo_node/install/interfaces/share/interfaces/cmake/interfacesConfig.cmake
[0.312s] -- Installing: /home/darren/servo_node/install/interfaces/share/interfaces/cmake/interfacesConfig-version.cmake
[0.313s] -- Installing: /home/darren/servo_node/install/interfaces/share/interfaces/package.xml
[0.315s] Invoked command in '/home/darren/servo_node/build/interfaces' returned '0': CMAKE_PREFIX_PATH=/home/darren/servo_node/install/servo_pkg:/opt/ros/humble /usr/bin/cmake --install /home/darren/servo_node/build/interfaces
