/home/darren/servo_node/install/servo_pkg/lib/python3.10/site-packages/servo_pkg/__init__.py
/home/darren/servo_node/install/servo_pkg/lib/python3.10/site-packages/servo_pkg/maestro.py
/home/darren/servo_node/install/servo_pkg/lib/python3.10/site-packages/servo_pkg/USB_Servo.py
/home/darren/servo_node/install/servo_pkg/lib/python3.10/site-packages/servo_pkg/USB_client.py
/home/darren/servo_node/install/servo_pkg/lib/python3.10/site-packages/servo_pkg/i2c_Servo.py
/home/darren/servo_node/install/servo_pkg/lib/python3.10/site-packages/servo_pkg/__pycache__/__init__.cpython-310.pyc
/home/darren/servo_node/install/servo_pkg/lib/python3.10/site-packages/servo_pkg/__pycache__/maestro.cpython-310.pyc
/home/darren/servo_node/install/servo_pkg/lib/python3.10/site-packages/servo_pkg/__pycache__/USB_Servo.cpython-310.pyc
/home/darren/servo_node/install/servo_pkg/lib/python3.10/site-packages/servo_pkg/__pycache__/USB_client.cpython-310.pyc
/home/darren/servo_node/install/servo_pkg/lib/python3.10/site-packages/servo_pkg/__pycache__/i2c_Servo.cpython-310.pyc
/home/darren/servo_node/install/servo_pkg/share/ament_index/resource_index/packages/servo_pkg
/home/darren/servo_node/install/servo_pkg/share/servo_pkg/package.xml
/home/darren/servo_node/install/servo_pkg/lib/python3.10/site-packages/servo_pkg-0.0.0-py3.10.egg-info/top_level.txt
/home/darren/servo_node/install/servo_pkg/lib/python3.10/site-packages/servo_pkg-0.0.0-py3.10.egg-info/entry_points.txt
/home/darren/servo_node/install/servo_pkg/lib/python3.10/site-packages/servo_pkg-0.0.0-py3.10.egg-info/requires.txt
/home/darren/servo_node/install/servo_pkg/lib/python3.10/site-packages/servo_pkg-0.0.0-py3.10.egg-info/dependency_links.txt
/home/darren/servo_node/install/servo_pkg/lib/python3.10/site-packages/servo_pkg-0.0.0-py3.10.egg-info/SOURCES.txt
/home/darren/servo_node/install/servo_pkg/lib/python3.10/site-packages/servo_pkg-0.0.0-py3.10.egg-info/PKG-INFO
/home/darren/servo_node/install/servo_pkg/lib/python3.10/site-packages/servo_pkg-0.0.0-py3.10.egg-info/zip-safe
/home/darren/servo_node/install/servo_pkg/lib/servo_pkg/usb_client
/home/darren/servo_node/install/servo_pkg/lib/servo_pkg/usb_servo_service
