[0.730s] Invoking command in '/home/darren/servo_node/src/servo_pkg': PYTHONPATH=/home/darren/servo_node/build/servo_pkg/prefix_override:/usr/lib/python3/dist-packages/colcon_core/task/python/colcon_distutils_commands:/home/darren/servo_node/install/servo_pkg/lib/python3.10/site-packages:${PYTHONPATH} /usr/bin/python3 -W ignore:setup.py install is deprecated setup.py egg_info --egg-base ../../build/servo_pkg build --build-base /home/darren/servo_node/build/servo_pkg/build install --record /home/darren/servo_node/build/servo_pkg/install.log --single-version-externally-managed install_data
[0.869s] /home/darren/.local/lib/python3.10/site-packages/setuptools/_distutils/dist.py:261: UserWarning: Unknown distribution option: 'tests_require'
[0.869s]   warnings.warn(msg)
[0.957s] running egg_info
[0.972s] writing ../../build/servo_pkg/servo_pkg.egg-info/PKG-INFO
[0.972s] writing dependency_links to ../../build/servo_pkg/servo_pkg.egg-info/dependency_links.txt
[0.972s] writing entry points to ../../build/servo_pkg/servo_pkg.egg-info/entry_points.txt
[0.972s] writing requirements to ../../build/servo_pkg/servo_pkg.egg-info/requires.txt
[0.973s] writing top-level names to ../../build/servo_pkg/servo_pkg.egg-info/top_level.txt
[1.004s] reading manifest file '../../build/servo_pkg/servo_pkg.egg-info/SOURCES.txt'
[1.006s] writing manifest file '../../build/servo_pkg/servo_pkg.egg-info/SOURCES.txt'
[1.006s] running build
[1.006s] running build_py
[1.006s] copying servo_pkg/__init__.py -> /home/darren/servo_node/build/servo_pkg/build/lib/servo_pkg
[1.006s] copying servo_pkg/maestro.py -> /home/darren/servo_node/build/servo_pkg/build/lib/servo_pkg
[1.006s] copying servo_pkg/maestro.py -> /home/darren/servo_node/build/servo_pkg/build/lib/servo_pkg
[1.007s] copying servo_pkg/USB_Servo.py -> /home/darren/servo_node/build/servo_pkg/build/lib/servo_pkg
[1.007s] copying servo_pkg/USB_client.py -> /home/darren/servo_node/build/servo_pkg/build/lib/servo_pkg
[1.007s] copying servo_pkg/__init__.py -> /home/darren/servo_node/build/servo_pkg/build/lib/servo_pkg
[1.007s] copying servo_pkg/i2c_Servo.py -> /home/darren/servo_node/build/servo_pkg/build/lib/servo_pkg
[1.008s] running install
[1.015s] running install_lib
[1.031s] copying /home/darren/servo_node/build/servo_pkg/build/lib/servo_pkg/USB_Servo.py -> /home/darren/servo_node/install/servo_pkg/lib/python3.10/site-packages/servo_pkg
[1.031s] byte-compiling /home/darren/servo_node/install/servo_pkg/lib/python3.10/site-packages/servo_pkg/USB_Servo.py to USB_Servo.cpython-310.pyc
[1.032s] running install_data
[1.033s] copying resource/servo_pkg -> /home/darren/servo_node/install/servo_pkg/share/ament_index/resource_index/packages
[1.033s] copying package.xml -> /home/darren/servo_node/install/servo_pkg/share/servo_pkg
[1.033s] running install_egg_info
[1.050s] removing '/home/darren/servo_node/install/servo_pkg/lib/python3.10/site-packages/servo_pkg-0.0.0-py3.10.egg-info' (and everything under it)
[1.050s] Copying ../../build/servo_pkg/servo_pkg.egg-info to /home/darren/servo_node/install/servo_pkg/lib/python3.10/site-packages/servo_pkg-0.0.0-py3.10.egg-info
[1.051s] running install_scripts
[1.214s] Installing usb_client script to /home/darren/servo_node/install/servo_pkg/lib/servo_pkg
[1.216s] Installing usb_servo_service script to /home/darren/servo_node/install/servo_pkg/lib/servo_pkg
[1.216s] writing list of installed files to '/home/darren/servo_node/build/servo_pkg/install.log'
[1.252s] Invoked command in '/home/darren/servo_node/src/servo_pkg' returned '0': PYTHONPATH=/home/darren/servo_node/build/servo_pkg/prefix_override:/usr/lib/python3/dist-packages/colcon_core/task/python/colcon_distutils_commands:/home/darren/servo_node/install/servo_pkg/lib/python3.10/site-packages:${PYTHONPATH} /usr/bin/python3 -W ignore:setup.py install is deprecated setup.py egg_info --egg-base ../../build/servo_pkg build --build-base /home/darren/servo_node/build/servo_pkg/build install --record /home/darren/servo_node/build/servo_pkg/install.log --single-version-externally-managed install_data
