[0.535s] Invoking command in '/home/darren/servo_node/src/servo_pkg': PYTHONPATH=/home/darren/servo_node/build/servo_pkg/prefix_override:/usr/lib/python3/dist-packages/colcon_core/task/python/colcon_distutils_commands:/home/darren/servo_node/install/servo_pkg/lib/python3.10/site-packages:${PYTHONPATH} /usr/bin/python3 -W ignore:setup.py install is deprecated setup.py egg_info --egg-base ../../build/servo_pkg build --build-base /home/darren/servo_node/build/servo_pkg/build install --record /home/darren/servo_node/build/servo_pkg/install.log --single-version-externally-managed install_data
[0.650s] /home/darren/.local/lib/python3.10/site-packages/setuptools/_distutils/dist.py:261: UserWarning: Unknown distribution option: 'tests_require'
[0.650s]   warnings.warn(msg)
[0.722s] running egg_info
[0.734s] writing ../../build/servo_pkg/servo_pkg.egg-info/PKG-INFO
[0.734s] writing dependency_links to ../../build/servo_pkg/servo_pkg.egg-info/dependency_links.txt
[0.734s] writing entry points to ../../build/servo_pkg/servo_pkg.egg-info/entry_points.txt
[0.734s] writing requirements to ../../build/servo_pkg/servo_pkg.egg-info/requires.txt
[0.734s] writing top-level names to ../../build/servo_pkg/servo_pkg.egg-info/top_level.txt
[0.762s] reading manifest file '../../build/servo_pkg/servo_pkg.egg-info/SOURCES.txt'
[0.763s] writing manifest file '../../build/servo_pkg/servo_pkg.egg-info/SOURCES.txt'
[0.763s] running build
[0.763s] running build_py
[0.763s] copying servo_pkg/__init__.py -> /home/darren/servo_node/build/servo_pkg/build/lib/servo_pkg
[0.763s] copying servo_pkg/maestro.py -> /home/darren/servo_node/build/servo_pkg/build/lib/servo_pkg
[0.763s] copying servo_pkg/maestro.py -> /home/darren/servo_node/build/servo_pkg/build/lib/servo_pkg
[0.763s] copying servo_pkg/USB_Servo.py -> /home/darren/servo_node/build/servo_pkg/build/lib/servo_pkg
[0.763s] copying servo_pkg/USB_client.py -> /home/darren/servo_node/build/servo_pkg/build/lib/servo_pkg
[0.763s] copying servo_pkg/__init__.py -> /home/darren/servo_node/build/servo_pkg/build/lib/servo_pkg
[0.764s] copying servo_pkg/i2c_Servo.py -> /home/darren/servo_node/build/servo_pkg/build/lib/servo_pkg
[0.764s] running install
[0.769s] running install_lib
[0.781s] copying /home/darren/servo_node/build/servo_pkg/build/lib/servo_pkg/USB_Servo.py -> /home/darren/servo_node/install/servo_pkg/lib/python3.10/site-packages/servo_pkg
[0.782s] byte-compiling /home/darren/servo_node/install/servo_pkg/lib/python3.10/site-packages/servo_pkg/USB_Servo.py to USB_Servo.cpython-310.pyc
[0.782s] running install_data
[0.782s] copying resource/servo_pkg -> /home/darren/servo_node/install/servo_pkg/share/ament_index/resource_index/packages
[0.782s] copying package.xml -> /home/darren/servo_node/install/servo_pkg/share/servo_pkg
[0.782s] running install_egg_info
[0.797s] removing '/home/darren/servo_node/install/servo_pkg/lib/python3.10/site-packages/servo_pkg-0.0.0-py3.10.egg-info' (and everything under it)
[0.797s] Copying ../../build/servo_pkg/servo_pkg.egg-info to /home/darren/servo_node/install/servo_pkg/lib/python3.10/site-packages/servo_pkg-0.0.0-py3.10.egg-info
[0.798s] running install_scripts
[0.894s] Installing client script to /home/darren/servo_node/install/servo_pkg/lib/servo_pkg
[0.894s] Installing service script to /home/darren/servo_node/install/servo_pkg/lib/servo_pkg
[0.895s] writing list of installed files to '/home/darren/servo_node/build/servo_pkg/install.log'
[0.916s] Invoked command in '/home/darren/servo_node/src/servo_pkg' returned '0': PYTHONPATH=/home/darren/servo_node/build/servo_pkg/prefix_override:/usr/lib/python3/dist-packages/colcon_core/task/python/colcon_distutils_commands:/home/darren/servo_node/install/servo_pkg/lib/python3.10/site-packages:${PYTHONPATH} /usr/bin/python3 -W ignore:setup.py install is deprecated setup.py egg_info --egg-base ../../build/servo_pkg build --build-base /home/darren/servo_node/build/servo_pkg/build install --record /home/darren/servo_node/build/servo_pkg/install.log --single-version-externally-managed install_data
