[0.013s] Invoking command in '/home/darren/servo_node/build/interfaces': CMAKE_PREFIX_PATH=/home/darren/servo_node/install/servo_pkg:/opt/ros/humble /usr/bin/cmake /home/darren/servo_node/src/interfaces -DCMAKE_INSTALL_PREFIX=/home/darren/servo_node/install/interfaces
[0.113s] -- The C compiler identification is GNU 11.4.0
[0.194s] -- The CXX compiler identification is GNU 11.4.0
[0.206s] -- Detecting C compiler ABI info
[0.277s] -- Detecting C compiler ABI info - done
[0.287s] -- Check for working C compiler: /usr/bin/cc - skipped
[0.287s] -- Detecting C compile features
[0.288s] -- Detecting C compile features - done
[0.292s] -- Detecting CXX compiler ABI info
[0.367s] -- Detecting CXX compiler ABI info - done
[0.374s] -- Check for working CXX compiler: /usr/bin/c++ - skipped
[0.374s] -- Detecting CXX compile features
[0.375s] -- Detecting CXX compile features - done
[0.387s] -- Found ament_cmake: 1.3.10 (/opt/ros/humble/share/ament_cmake/cmake)
[0.753s] -- Found Python3: /usr/bin/python3 (found version "3.10.12") found components: Interpreter 
[0.851s] -- Found ament_lint_auto: 0.12.11 (/opt/ros/humble/share/ament_lint_auto/cmake)
[0.924s] -- Found rosidl_default_generators: 1.2.0 (/opt/ros/humble/share/rosidl_default_generators/cmake)
[0.928s] -- Using all available rosidl_typesupport_c: rosidl_typesupport_fastrtps_c;rosidl_typesupport_introspection_c
[0.936s] -- Found rosidl_adapter: 3.1.5 (/opt/ros/humble/share/rosidl_adapter/cmake)
[0.982s] -- Using all available rosidl_typesupport_cpp: rosidl_typesupport_fastrtps_cpp;rosidl_typesupport_introspection_cpp
[1.156s] [31mCMake Error at /opt/ros/humble/share/rosidl_cmake/cmake/rosidl_generate_interfaces.cmake:162 (message):
[1.156s]   rosidl_generate_interfaces() the passed dependency 'geometry_msgs' has not
[1.156s]   been found before using find_package()
[1.156s] Call Stack (most recent call first):
[1.156s]   CMakeLists.txt:28 (rosidl_generate_interfaces)
[1.156s] 
[1.156s] [0m
[1.156s] -- Configuring incomplete, errors occurred!
[1.157s] See also "/home/darren/servo_node/build/interfaces/CMakeFiles/CMakeOutput.log".
[1.167s] Invoked command in '/home/darren/servo_node/build/interfaces' returned '1': CMAKE_PREFIX_PATH=/home/darren/servo_node/install/servo_pkg:/opt/ros/humble /usr/bin/cmake /home/darren/servo_node/src/interfaces -DCMAKE_INSTALL_PREFIX=/home/darren/servo_node/install/interfaces
