[0.184s] DEBUG:colcon:Command line arguments: ['/usr/bin/colcon', 'list', '-p', '--base-paths', '/home/darren/servo_node']
[0.184s] DEBUG:colcon:Parsed command line arguments: Namespace(log_base=None, log_level=None, verb_name='list', build_base='build', ignore_user_meta=False, metas=['./colcon.meta'], base_paths=['/home/darren/servo_node'], packages_ignore=None, packages_ignore_regex=None, paths=None, packages_up_to=None, packages_up_to_regex=None, packages_above=None, packages_above_and_dependencies=None, packages_above_depth=None, packages_select_by_dep=None, packages_skip_by_dep=None, packages_skip_up_to=None, packages_select_build_failed=False, packages_skip_build_finished=False, packages_select_test_failures=False, packages_skip_test_passed=False, packages_select=None, packages_skip=None, packages_select_regex=None, packages_skip_regex=None, packages_start=None, packages_end=None, allow_overriding=[], topological_order=False, names_only=False, paths_only=True, topological_graph=False, topological_graph_dot=False, topological_graph_density=False, topological_graph_legend=False, topological_graph_dot_cluster=False, topological_graph_dot_include_skipped=False, mixin_files=None, mixin=None, verb_parser=<colcon_mixin.mixin.mixin_argument.MixinArgumentDecorator object at 0x7ce63be4ab60>, verb_extension=<colcon_package_information.verb.list.ListVerb object at 0x7ce63be4a230>, main=<bound method ListVerb.main of <colcon_package_information.verb.list.ListVerb object at 0x7ce63be4a230>>, mixin_verb=('list',))
[0.266s] Level 1:colcon.colcon_core.package_discovery:discover_packages(colcon_meta) check parameters
[0.266s] Level 1:colcon.colcon_core.package_discovery:discover_packages(recursive) check parameters
[0.266s] Level 1:colcon.colcon_core.package_discovery:discover_packages(ignore) check parameters
[0.267s] Level 1:colcon.colcon_core.package_discovery:discover_packages(path) check parameters
[0.267s] Level 1:colcon.colcon_core.package_discovery:discover_packages(recursive) discover
[0.267s] INFO:colcon.colcon_core.package_discovery:Crawling recursively for packages in '/home/darren/servo_node'
[0.267s] Level 1:colcon.colcon_core.package_identification:_identify(/home/darren/servo_node) by extensions ['ignore', 'ignore_ament_install']
[0.267s] Level 1:colcon.colcon_core.package_identification:_identify(/home/darren/servo_node) by extension 'ignore'
[0.267s] Level 1:colcon.colcon_core.package_identification:_identify(/home/darren/servo_node) by extension 'ignore_ament_install'
[0.267s] Level 1:colcon.colcon_core.package_identification:_identify(/home/darren/servo_node) by extensions ['colcon_pkg']
[0.267s] Level 1:colcon.colcon_core.package_identification:_identify(/home/darren/servo_node) by extension 'colcon_pkg'
[0.267s] Level 1:colcon.colcon_core.package_identification:_identify(/home/darren/servo_node) by extensions ['colcon_meta']
[0.267s] Level 1:colcon.colcon_core.package_identification:_identify(/home/darren/servo_node) by extension 'colcon_meta'
[0.267s] Level 1:colcon.colcon_core.package_identification:_identify(/home/darren/servo_node) by extensions ['ros']
[0.267s] Level 1:colcon.colcon_core.package_identification:_identify(/home/darren/servo_node) by extension 'ros'
[0.271s] Level 1:colcon.colcon_core.package_identification:_identify(/home/darren/servo_node) by extensions ['cmake', 'python']
[0.272s] Level 1:colcon.colcon_core.package_identification:_identify(/home/darren/servo_node) by extension 'cmake'
[0.272s] Level 1:colcon.colcon_core.package_identification:_identify(/home/darren/servo_node) by extension 'python'
[0.272s] Level 1:colcon.colcon_core.package_identification:_identify(/home/darren/servo_node) by extensions ['python_setup_py']
[0.272s] Level 1:colcon.colcon_core.package_identification:_identify(/home/darren/servo_node) by extension 'python_setup_py'
[0.272s] Level 1:colcon.colcon_core.package_identification:_identify(/home/darren/servo_node/log) by extensions ['ignore', 'ignore_ament_install']
[0.272s] Level 1:colcon.colcon_core.package_identification:_identify(/home/darren/servo_node/log) by extension 'ignore'
[0.272s] Level 1:colcon.colcon_core.package_identification:_identify(/home/darren/servo_node/log) ignored
[0.272s] Level 1:colcon.colcon_core.package_identification:_identify(/home/darren/servo_node/src) by extensions ['ignore', 'ignore_ament_install']
[0.272s] Level 1:colcon.colcon_core.package_identification:_identify(/home/darren/servo_node/src) by extension 'ignore'
[0.272s] Level 1:colcon.colcon_core.package_identification:_identify(/home/darren/servo_node/src) by extension 'ignore_ament_install'
[0.272s] Level 1:colcon.colcon_core.package_identification:_identify(/home/darren/servo_node/src) by extensions ['colcon_pkg']
[0.272s] Level 1:colcon.colcon_core.package_identification:_identify(/home/darren/servo_node/src) by extension 'colcon_pkg'
[0.272s] Level 1:colcon.colcon_core.package_identification:_identify(/home/darren/servo_node/src) by extensions ['colcon_meta']
[0.273s] Level 1:colcon.colcon_core.package_identification:_identify(/home/darren/servo_node/src) by extension 'colcon_meta'
[0.273s] Level 1:colcon.colcon_core.package_identification:_identify(/home/darren/servo_node/src) by extensions ['ros']
[0.273s] Level 1:colcon.colcon_core.package_identification:_identify(/home/darren/servo_node/src) by extension 'ros'
[0.273s] Level 1:colcon.colcon_core.package_identification:_identify(/home/darren/servo_node/src) by extensions ['cmake', 'python']
[0.273s] Level 1:colcon.colcon_core.package_identification:_identify(/home/darren/servo_node/src) by extension 'cmake'
[0.273s] Level 1:colcon.colcon_core.package_identification:_identify(/home/darren/servo_node/src) by extension 'python'
[0.273s] Level 1:colcon.colcon_core.package_identification:_identify(/home/darren/servo_node/src) by extensions ['python_setup_py']
[0.273s] Level 1:colcon.colcon_core.package_identification:_identify(/home/darren/servo_node/src) by extension 'python_setup_py'
[0.273s] Level 1:colcon.colcon_core.package_identification:_identify(/home/darren/servo_node/src/build) by extensions ['ignore', 'ignore_ament_install']
[0.273s] Level 1:colcon.colcon_core.package_identification:_identify(/home/darren/servo_node/src/build) by extension 'ignore'
[0.273s] Level 1:colcon.colcon_core.package_identification:_identify(/home/darren/servo_node/src/build) ignored
[0.273s] Level 1:colcon.colcon_core.package_identification:_identify(/home/darren/servo_node/src/install) by extensions ['ignore', 'ignore_ament_install']
[0.273s] Level 1:colcon.colcon_core.package_identification:_identify(/home/darren/servo_node/src/install) by extension 'ignore'
[0.273s] Level 1:colcon.colcon_core.package_identification:_identify(/home/darren/servo_node/src/install) ignored
[0.274s] Level 1:colcon.colcon_core.package_identification:_identify(/home/darren/servo_node/src/log) by extensions ['ignore', 'ignore_ament_install']
[0.274s] Level 1:colcon.colcon_core.package_identification:_identify(/home/darren/servo_node/src/log) by extension 'ignore'
[0.274s] Level 1:colcon.colcon_core.package_identification:_identify(/home/darren/servo_node/src/log) ignored
[0.274s] Level 1:colcon.colcon_core.package_identification:_identify(/home/darren/servo_node/src/servo_pkg) by extensions ['ignore', 'ignore_ament_install']
[0.274s] Level 1:colcon.colcon_core.package_identification:_identify(/home/darren/servo_node/src/servo_pkg) by extension 'ignore'
[0.274s] Level 1:colcon.colcon_core.package_identification:_identify(/home/darren/servo_node/src/servo_pkg) by extension 'ignore_ament_install'
[0.274s] Level 1:colcon.colcon_core.package_identification:_identify(/home/darren/servo_node/src/servo_pkg) by extensions ['colcon_pkg']
[0.274s] Level 1:colcon.colcon_core.package_identification:_identify(/home/darren/servo_node/src/servo_pkg) by extension 'colcon_pkg'
[0.274s] Level 1:colcon.colcon_core.package_identification:_identify(/home/darren/servo_node/src/servo_pkg) by extensions ['colcon_meta']
[0.274s] Level 1:colcon.colcon_core.package_identification:_identify(/home/darren/servo_node/src/servo_pkg) by extension 'colcon_meta'
[0.274s] Level 1:colcon.colcon_core.package_identification:_identify(/home/darren/servo_node/src/servo_pkg) by extensions ['ros']
[0.274s] Level 1:colcon.colcon_core.package_identification:_identify(/home/darren/servo_node/src/servo_pkg) by extension 'ros'
[0.277s] DEBUG:colcon.colcon_core.package_identification:Package '/home/darren/servo_node/src/servo_pkg' with type 'ros.ament_python' and name 'servo_pkg'
[0.277s] Level 1:colcon.colcon_core.package_discovery:discover_packages(recursive) using defaults
