[0.013s] Invoking command in '/home/darren/servo_node/build/interfaces': CMAKE_PREFIX_PATH=/home/darren/servo_node/install/servo_pkg:/home/darren/ros2_ws/install/DW_DarrensController:/opt/ros/humble /usr/bin/cmake --build /home/darren/servo_node/build/interfaces -- -j8 -l8
[0.039s] -- Found ament_cmake: 1.3.10 (/opt/ros/humble/share/ament_cmake/cmake)
[0.159s] -- Found rosidl_default_generators: 1.2.0 (/opt/ros/humble/share/rosidl_default_generators/cmake)
[0.161s] -- Using all available rosidl_typesupport_c: rosidl_typesupport_fastrtps_c;rosidl_typesupport_introspection_c
[0.163s] -- Found rosidl_adapter: 3.1.5 (/opt/ros/humble/share/rosidl_adapter/cmake)
[0.193s] -- Using all available rosidl_typesupport_cpp: rosidl_typesupport_fastrtps_cpp;rosidl_typesupport_introspection_cpp
[0.472s] -- Found ament_cmake_ros: 0.10.0 (/opt/ros/humble/share/ament_cmake_ros/cmake)
[0.651s] -- Using all available rosidl_typesupport_c: rosidl_typesupport_fastrtps_c;rosidl_typesupport_introspection_c
[0.887s] -- Using all available rosidl_typesupport_cpp: rosidl_typesupport_fastrtps_cpp;rosidl_typesupport_introspection_cpp
[0.908s] -- Found python_cmake_module: 0.10.0 (/opt/ros/humble/share/python_cmake_module/cmake)
[0.929s] -- Using PYTHON_EXECUTABLE: /usr/bin/python3
[0.929s] -- Using PYTHON_INCLUDE_DIRS: /usr/include/python3.10
[0.929s] -- Using PYTHON_LIBRARIES: /usr/lib/x86_64-linux-gnu/libpython3.10.so
[0.938s] -- Found ament_lint_auto: 0.12.11 (/opt/ros/humble/share/ament_lint_auto/cmake)
[0.946s] -- Added test 'lint_cmake' to check CMake code style
[0.947s] -- Added test 'xmllint' to check XML markup files
[0.949s] -- Configuring done
[0.978s] -- Generating done
[0.981s] -- Build files have been written to: /home/darren/servo_node/build/interfaces
[1.012s] [  3%] [34m[1mGenerating C code for ROS interfaces[0m
[1.022s] [  6%] [34m[1mGenerating C++ code for ROS interfaces[0m
[1.041s] [  6%] Built target ament_cmake_python_copy_interfaces
[1.332s] running egg_info
[1.359s] writing interfaces.egg-info/PKG-INFO
[1.360s] writing dependency_links to interfaces.egg-info/dependency_links.txt
[1.360s] writing top-level names to interfaces.egg-info/top_level.txt
[1.430s] [35m[1mConsolidate compiler generated dependencies of target interfaces__rosidl_generator_c[0m
[1.434s] reading manifest file 'interfaces.egg-info/SOURCES.txt'
[1.436s] writing manifest file 'interfaces.egg-info/SOURCES.txt'
[1.437s] [  6%] Built target interfaces__cpp
[1.446s] [  9%] [32mBuilding C object CMakeFiles/interfaces__rosidl_generator_c.dir/rosidl_generator_c/interfaces/srv/detail/move_servo__functions.c.o[0m
[1.451s] [ 12%] [34m[1mGenerating C++ introspection for ROS interfaces[0m
[1.453s] [ 16%] [34m[1mGenerating C++ type support for eProsima Fast-RTPS[0m
[1.454s] [ 19%] [34m[1mGenerating C++ type support dispatch for ROS interfaces[0m
[1.478s] [ 19%] Built target ament_cmake_python_build_interfaces_egg
[1.515s] [ 22%] [32m[1mLinking C shared library libinterfaces__rosidl_generator_c.so[0m
[1.562s] [ 22%] Built target interfaces__rosidl_generator_c
[1.576s] [ 25%] [34m[1mGenerating C introspection for ROS interfaces[0m
[1.579s] [ 29%] [34m[1mGenerating C type support for eProsima Fast-RTPS[0m
[1.580s] [ 32%] [34m[1mGenerating C type support dispatch for ROS interfaces[0m
[1.872s] [35m[1mConsolidate compiler generated dependencies of target interfaces__rosidl_typesupport_introspection_cpp[0m
[1.889s] [ 35%] [32mBuilding CXX object CMakeFiles/interfaces__rosidl_typesupport_introspection_cpp.dir/rosidl_typesupport_introspection_cpp/interfaces/srv/detail/move_servo__type_support.cpp.o[0m
[2.001s] [35m[1mConsolidate compiler generated dependencies of target interfaces__rosidl_typesupport_introspection_c[0m
[2.017s] [ 38%] [32mBuilding C object CMakeFiles/interfaces__rosidl_typesupport_introspection_c.dir/rosidl_typesupport_introspection_c/interfaces/srv/detail/move_servo__type_support.c.o[0m
[2.043s] [35m[1mConsolidate compiler generated dependencies of target interfaces__rosidl_typesupport_cpp[0m
[2.068s] [ 41%] [32mBuilding CXX object CMakeFiles/interfaces__rosidl_typesupport_cpp.dir/rosidl_typesupport_cpp/interfaces/srv/move_servo__type_support.cpp.o[0m
[2.078s] [ 45%] [32m[1mLinking C shared library libinterfaces__rosidl_typesupport_introspection_c.so[0m
[2.098s] [35m[1mConsolidate compiler generated dependencies of target interfaces__rosidl_typesupport_fastrtps_cpp[0m
[2.121s] [ 48%] [32mBuilding CXX object CMakeFiles/interfaces__rosidl_typesupport_fastrtps_cpp.dir/rosidl_typesupport_fastrtps_cpp/interfaces/srv/detail/dds_fastrtps/move_servo__type_support.cpp.o[0m
[2.129s] [ 48%] Built target interfaces__rosidl_typesupport_introspection_c
[2.200s] [35m[1mConsolidate compiler generated dependencies of target interfaces__rosidl_typesupport_c[0m
[2.216s] [ 51%] [32mBuilding CXX object CMakeFiles/interfaces__rosidl_typesupport_c.dir/rosidl_typesupport_c/interfaces/srv/move_servo__type_support.cpp.o[0m
[2.228s] [35m[1mConsolidate compiler generated dependencies of target interfaces__rosidl_typesupport_fastrtps_c[0m
[2.248s] [ 54%] [32mBuilding CXX object CMakeFiles/interfaces__rosidl_typesupport_fastrtps_c.dir/rosidl_typesupport_fastrtps_c/interfaces/srv/detail/move_servo__type_support_c.cpp.o[0m
[2.282s] [ 58%] [32m[1mLinking CXX shared library libinterfaces__rosidl_typesupport_c.so[0m
[2.358s] [ 58%] Built target interfaces__rosidl_typesupport_c
[2.445s] [ 61%] [32m[1mLinking CXX shared library libinterfaces__rosidl_typesupport_introspection_cpp.so[0m
[2.490s] [ 64%] [32m[1mLinking CXX shared library libinterfaces__rosidl_typesupport_cpp.so[0m
[2.522s] [ 64%] Built target interfaces__rosidl_typesupport_introspection_cpp
[2.537s] [ 64%] Built target interfaces__rosidl_typesupport_cpp
[2.632s] [ 67%] [32m[1mLinking CXX shared library libinterfaces__rosidl_typesupport_fastrtps_cpp.so[0m
[2.655s] [ 70%] [32m[1mLinking CXX shared library libinterfaces__rosidl_typesupport_fastrtps_c.so[0m
[2.707s] [ 70%] Built target interfaces__rosidl_typesupport_fastrtps_cpp
[2.724s] [ 70%] Built target interfaces__rosidl_typesupport_fastrtps_c
[2.743s] [ 70%] Built target interfaces
[2.758s] [ 74%] [34m[1mGenerating Python code for ROS interfaces[0m
[3.068s] [ 74%] Built target interfaces__py
[3.075s] [35m[1mConsolidate compiler generated dependencies of target interfaces__rosidl_generator_py[0m
[3.086s] [ 77%] [32mBuilding C object CMakeFiles/interfaces__rosidl_generator_py.dir/rosidl_generator_py/interfaces/srv/_move_servo_s.c.o[0m
[3.162s] [ 80%] [32m[1mLinking C shared library rosidl_generator_py/interfaces/libinterfaces__rosidl_generator_py.so[0m
[3.192s] [ 80%] Built target interfaces__rosidl_generator_py
[3.201s] [35m[1mConsolidate compiler generated dependencies of target interfaces__rosidl_typesupport_c__pyext[0m
[3.201s] [35m[1mConsolidate compiler generated dependencies of target interfaces__rosidl_typesupport_fastrtps_c__pyext[0m
[3.201s] [35m[1mConsolidate compiler generated dependencies of target interfaces__rosidl_typesupport_introspection_c__pyext[0m
[3.216s] [ 87%] [32mBuilding C object CMakeFiles/interfaces__rosidl_typesupport_introspection_c__pyext.dir/rosidl_generator_py/interfaces/_interfaces_s.ep.rosidl_typesupport_introspection_c.c.o[0m
[3.216s] [ 87%] [32mBuilding C object CMakeFiles/interfaces__rosidl_typesupport_fastrtps_c__pyext.dir/rosidl_generator_py/interfaces/_interfaces_s.ep.rosidl_typesupport_fastrtps_c.c.o[0m
[3.216s] [ 90%] [32mBuilding C object CMakeFiles/interfaces__rosidl_typesupport_c__pyext.dir/rosidl_generator_py/interfaces/_interfaces_s.ep.rosidl_typesupport_c.c.o[0m
[3.331s] [ 93%] [32m[1mLinking C shared library rosidl_generator_py/interfaces/interfaces_s__rosidl_typesupport_c.cpython-310-x86_64-linux-gnu.so[0m
[3.332s] [ 96%] [32m[1mLinking C shared library rosidl_generator_py/interfaces/interfaces_s__rosidl_typesupport_introspection_c.cpython-310-x86_64-linux-gnu.so[0m
[3.334s] [100%] [32m[1mLinking C shared library rosidl_generator_py/interfaces/interfaces_s__rosidl_typesupport_fastrtps_c.cpython-310-x86_64-linux-gnu.so[0m
[3.373s] [100%] Built target interfaces__rosidl_typesupport_c__pyext
[3.374s] [100%] Built target interfaces__rosidl_typesupport_fastrtps_c__pyext
[3.374s] [100%] Built target interfaces__rosidl_typesupport_introspection_c__pyext
[3.385s] Invoked command in '/home/darren/servo_node/build/interfaces' returned '0': CMAKE_PREFIX_PATH=/home/darren/servo_node/install/servo_pkg:/home/darren/ros2_ws/install/DW_DarrensController:/opt/ros/humble /usr/bin/cmake --build /home/darren/servo_node/build/interfaces -- -j8 -l8
[3.442s] Invoking command in '/home/darren/servo_node/build/interfaces': CMAKE_PREFIX_PATH=/home/darren/servo_node/install/servo_pkg:/home/darren/ros2_ws/install/DW_DarrensController:/opt/ros/humble /usr/bin/cmake --install /home/darren/servo_node/build/interfaces
[3.448s] -- Install configuration: ""
[3.449s] -- Up-to-date: /home/darren/servo_node/install/interfaces/share/ament_index/resource_index/rosidl_interfaces/interfaces
[3.449s] -- Up-to-date: /home/darren/servo_node/install/interfaces/include/interfaces/interfaces
[3.449s] -- Up-to-date: /home/darren/servo_node/install/interfaces/include/interfaces/interfaces/msg
[3.449s] -- Up-to-date: /home/darren/servo_node/install/interfaces/include/interfaces/interfaces/msg/rosidl_generator_c__visibility_control.h
[3.449s] -- Up-to-date: /home/darren/servo_node/install/interfaces/include/interfaces/interfaces/srv
[3.449s] -- Installing: /home/darren/servo_node/install/interfaces/include/interfaces/interfaces/srv/move_servo.h
[3.449s] -- Up-to-date: /home/darren/servo_node/install/interfaces/include/interfaces/interfaces/srv/detail
[3.449s] -- Installing: /home/darren/servo_node/install/interfaces/include/interfaces/interfaces/srv/detail/move_servo__functions.h
[3.450s] -- Installing: /home/darren/servo_node/install/interfaces/include/interfaces/interfaces/srv/detail/move_servo__functions.c
[3.450s] -- Installing: /home/darren/servo_node/install/interfaces/include/interfaces/interfaces/srv/detail/move_servo__struct.h
[3.450s] -- Installing: /home/darren/servo_node/install/interfaces/include/interfaces/interfaces/srv/detail/move_servo__type_support.h
[3.450s] -- Up-to-date: /home/darren/servo_node/install/interfaces/share/interfaces/environment/library_path.sh
[3.450s] -- Installing: /home/darren/servo_node/install/interfaces/share/interfaces/environment/library_path.dsv
[3.450s] -- Installing: /home/darren/servo_node/install/interfaces/lib/libinterfaces__rosidl_generator_c.so
[3.450s] -- Set runtime path of "/home/darren/servo_node/install/interfaces/lib/libinterfaces__rosidl_generator_c.so" to ""
[3.451s] -- Up-to-date: /home/darren/servo_node/install/interfaces/include/interfaces/interfaces
[3.451s] -- Up-to-date: /home/darren/servo_node/install/interfaces/include/interfaces/interfaces/msg
[3.451s] -- Up-to-date: /home/darren/servo_node/install/interfaces/include/interfaces/interfaces/msg/rosidl_typesupport_fastrtps_c__visibility_control.h
[3.451s] -- Up-to-date: /home/darren/servo_node/install/interfaces/include/interfaces/interfaces/srv
[3.451s] -- Up-to-date: /home/darren/servo_node/install/interfaces/include/interfaces/interfaces/srv/detail
[3.451s] -- Installing: /home/darren/servo_node/install/interfaces/include/interfaces/interfaces/srv/detail/move_servo__rosidl_typesupport_fastrtps_c.h
[3.451s] -- Installing: /home/darren/servo_node/install/interfaces/lib/libinterfaces__rosidl_typesupport_fastrtps_c.so
[3.452s] -- Set runtime path of "/home/darren/servo_node/install/interfaces/lib/libinterfaces__rosidl_typesupport_fastrtps_c.so" to ""
[3.452s] -- Up-to-date: /home/darren/servo_node/install/interfaces/include/interfaces/interfaces
[3.452s] -- Up-to-date: /home/darren/servo_node/install/interfaces/include/interfaces/interfaces/msg
[3.452s] -- Up-to-date: /home/darren/servo_node/install/interfaces/include/interfaces/interfaces/msg/rosidl_typesupport_introspection_c__visibility_control.h
[3.452s] -- Up-to-date: /home/darren/servo_node/install/interfaces/include/interfaces/interfaces/srv
[3.452s] -- Up-to-date: /home/darren/servo_node/install/interfaces/include/interfaces/interfaces/srv/detail
[3.452s] -- Installing: /home/darren/servo_node/install/interfaces/include/interfaces/interfaces/srv/detail/move_servo__rosidl_typesupport_introspection_c.h
[3.452s] -- Installing: /home/darren/servo_node/install/interfaces/include/interfaces/interfaces/srv/detail/move_servo__type_support.c
[3.453s] -- Installing: /home/darren/servo_node/install/interfaces/lib/libinterfaces__rosidl_typesupport_introspection_c.so
[3.453s] -- Set runtime path of "/home/darren/servo_node/install/interfaces/lib/libinterfaces__rosidl_typesupport_introspection_c.so" to ""
[3.453s] -- Installing: /home/darren/servo_node/install/interfaces/lib/libinterfaces__rosidl_typesupport_c.so
[3.453s] -- Set runtime path of "/home/darren/servo_node/install/interfaces/lib/libinterfaces__rosidl_typesupport_c.so" to ""
[3.453s] -- Up-to-date: /home/darren/servo_node/install/interfaces/include/interfaces/interfaces
[3.453s] -- Up-to-date: /home/darren/servo_node/install/interfaces/include/interfaces/interfaces/srv
[3.453s] -- Installing: /home/darren/servo_node/install/interfaces/include/interfaces/interfaces/srv/move_servo.hpp
[3.453s] -- Up-to-date: /home/darren/servo_node/install/interfaces/include/interfaces/interfaces/srv/detail
[3.454s] -- Installing: /home/darren/servo_node/install/interfaces/include/interfaces/interfaces/srv/detail/move_servo__struct.hpp
[3.454s] -- Installing: /home/darren/servo_node/install/interfaces/include/interfaces/interfaces/srv/detail/move_servo__builder.hpp
[3.454s] -- Installing: /home/darren/servo_node/install/interfaces/include/interfaces/interfaces/srv/detail/move_servo__traits.hpp
[3.454s] -- Up-to-date: /home/darren/servo_node/install/interfaces/include/interfaces/interfaces
[3.454s] -- Up-to-date: /home/darren/servo_node/install/interfaces/include/interfaces/interfaces/msg
[3.454s] -- Up-to-date: /home/darren/servo_node/install/interfaces/include/interfaces/interfaces/msg/rosidl_typesupport_fastrtps_cpp__visibility_control.h
[3.454s] -- Up-to-date: /home/darren/servo_node/install/interfaces/include/interfaces/interfaces/srv
[3.454s] -- Up-to-date: /home/darren/servo_node/install/interfaces/include/interfaces/interfaces/srv/detail
[3.454s] -- Installing: /home/darren/servo_node/install/interfaces/include/interfaces/interfaces/srv/detail/move_servo__rosidl_typesupport_fastrtps_cpp.hpp
[3.454s] -- Up-to-date: /home/darren/servo_node/install/interfaces/include/interfaces/interfaces/srv/detail/dds_fastrtps
[3.455s] -- Installing: /home/darren/servo_node/install/interfaces/lib/libinterfaces__rosidl_typesupport_fastrtps_cpp.so
[3.455s] -- Set runtime path of "/home/darren/servo_node/install/interfaces/lib/libinterfaces__rosidl_typesupport_fastrtps_cpp.so" to ""
[3.455s] -- Up-to-date: /home/darren/servo_node/install/interfaces/include/interfaces/interfaces
[3.455s] -- Up-to-date: /home/darren/servo_node/install/interfaces/include/interfaces/interfaces/srv
[3.455s] -- Up-to-date: /home/darren/servo_node/install/interfaces/include/interfaces/interfaces/srv/detail
[3.455s] -- Installing: /home/darren/servo_node/install/interfaces/include/interfaces/interfaces/srv/detail/move_servo__type_support.cpp
[3.455s] -- Installing: /home/darren/servo_node/install/interfaces/include/interfaces/interfaces/srv/detail/move_servo__rosidl_typesupport_introspection_cpp.hpp
[3.455s] -- Installing: /home/darren/servo_node/install/interfaces/lib/libinterfaces__rosidl_typesupport_introspection_cpp.so
[3.455s] -- Set runtime path of "/home/darren/servo_node/install/interfaces/lib/libinterfaces__rosidl_typesupport_introspection_cpp.so" to ""
[3.455s] -- Installing: /home/darren/servo_node/install/interfaces/lib/libinterfaces__rosidl_typesupport_cpp.so
[3.456s] -- Set runtime path of "/home/darren/servo_node/install/interfaces/lib/libinterfaces__rosidl_typesupport_cpp.so" to ""
[3.456s] -- Up-to-date: /home/darren/servo_node/install/interfaces/share/interfaces/environment/pythonpath.sh
[3.456s] -- Installing: /home/darren/servo_node/install/interfaces/share/interfaces/environment/pythonpath.dsv
[3.456s] -- Up-to-date: /home/darren/servo_node/install/interfaces/local/lib/python3.10/dist-packages/interfaces-0.0.0-py3.10.egg-info
[3.456s] -- Installing: /home/darren/servo_node/install/interfaces/local/lib/python3.10/dist-packages/interfaces-0.0.0-py3.10.egg-info/top_level.txt
[3.456s] -- Installing: /home/darren/servo_node/install/interfaces/local/lib/python3.10/dist-packages/interfaces-0.0.0-py3.10.egg-info/dependency_links.txt
[3.456s] -- Installing: /home/darren/servo_node/install/interfaces/local/lib/python3.10/dist-packages/interfaces-0.0.0-py3.10.egg-info/SOURCES.txt
[3.456s] -- Installing: /home/darren/servo_node/install/interfaces/local/lib/python3.10/dist-packages/interfaces-0.0.0-py3.10.egg-info/PKG-INFO
[3.456s] -- Up-to-date: /home/darren/servo_node/install/interfaces/local/lib/python3.10/dist-packages/interfaces
[3.456s] -- Installing: /home/darren/servo_node/install/interfaces/local/lib/python3.10/dist-packages/interfaces/interfaces_s__rosidl_typesupport_c.cpython-310-x86_64-linux-gnu.so
[3.457s] -- Installing: /home/darren/servo_node/install/interfaces/local/lib/python3.10/dist-packages/interfaces/interfaces_s__rosidl_typesupport_introspection_c.cpython-310-x86_64-linux-gnu.so
[3.457s] -- Installing: /home/darren/servo_node/install/interfaces/local/lib/python3.10/dist-packages/interfaces/libinterfaces__rosidl_generator_py.so
[3.457s] -- Installing: /home/darren/servo_node/install/interfaces/local/lib/python3.10/dist-packages/interfaces/_interfaces_s.ep.rosidl_typesupport_introspection_c.c
[3.457s] -- Installing: /home/darren/servo_node/install/interfaces/local/lib/python3.10/dist-packages/interfaces/_interfaces_s.ep.rosidl_typesupport_c.c
[3.457s] -- Installing: /home/darren/servo_node/install/interfaces/local/lib/python3.10/dist-packages/interfaces/__init__.py
[3.457s] -- Up-to-date: /home/darren/servo_node/install/interfaces/local/lib/python3.10/dist-packages/interfaces/srv
[3.457s] -- Installing: /home/darren/servo_node/install/interfaces/local/lib/python3.10/dist-packages/interfaces/srv/_move_servo_s.c
[3.457s] -- Installing: /home/darren/servo_node/install/interfaces/local/lib/python3.10/dist-packages/interfaces/srv/__init__.py
[3.457s] -- Installing: /home/darren/servo_node/install/interfaces/local/lib/python3.10/dist-packages/interfaces/srv/_move_servo.py
[3.458s] -- Installing: /home/darren/servo_node/install/interfaces/local/lib/python3.10/dist-packages/interfaces/_interfaces_s.ep.rosidl_typesupport_fastrtps_c.c
[3.458s] -- Installing: /home/darren/servo_node/install/interfaces/local/lib/python3.10/dist-packages/interfaces/interfaces_s__rosidl_typesupport_fastrtps_c.cpython-310-x86_64-linux-gnu.so
[3.489s] Listing '/home/darren/servo_node/install/interfaces/local/lib/python3.10/dist-packages/interfaces'...
[3.489s] Compiling '/home/darren/servo_node/install/interfaces/local/lib/python3.10/dist-packages/interfaces/__init__.py'...
[3.489s] Listing '/home/darren/servo_node/install/interfaces/local/lib/python3.10/dist-packages/interfaces/srv'...
[3.489s] Compiling '/home/darren/servo_node/install/interfaces/local/lib/python3.10/dist-packages/interfaces/srv/__init__.py'...
[3.490s] Compiling '/home/darren/servo_node/install/interfaces/local/lib/python3.10/dist-packages/interfaces/srv/_move_servo.py'...
[3.493s] -- Installing: /home/darren/servo_node/install/interfaces/local/lib/python3.10/dist-packages/interfaces/interfaces_s__rosidl_typesupport_fastrtps_c.cpython-310-x86_64-linux-gnu.so
[3.494s] -- Set runtime path of "/home/darren/servo_node/install/interfaces/local/lib/python3.10/dist-packages/interfaces/interfaces_s__rosidl_typesupport_fastrtps_c.cpython-310-x86_64-linux-gnu.so" to ""
[3.494s] -- Installing: /home/darren/servo_node/install/interfaces/local/lib/python3.10/dist-packages/interfaces/interfaces_s__rosidl_typesupport_introspection_c.cpython-310-x86_64-linux-gnu.so
[3.494s] -- Set runtime path of "/home/darren/servo_node/install/interfaces/local/lib/python3.10/dist-packages/interfaces/interfaces_s__rosidl_typesupport_introspection_c.cpython-310-x86_64-linux-gnu.so" to ""
[3.494s] -- Installing: /home/darren/servo_node/install/interfaces/local/lib/python3.10/dist-packages/interfaces/interfaces_s__rosidl_typesupport_c.cpython-310-x86_64-linux-gnu.so
[3.494s] -- Set runtime path of "/home/darren/servo_node/install/interfaces/local/lib/python3.10/dist-packages/interfaces/interfaces_s__rosidl_typesupport_c.cpython-310-x86_64-linux-gnu.so" to ""
[3.494s] -- Installing: /home/darren/servo_node/install/interfaces/lib/libinterfaces__rosidl_generator_py.so
[3.495s] -- Set runtime path of "/home/darren/servo_node/install/interfaces/lib/libinterfaces__rosidl_generator_py.so" to ""
[3.495s] -- Installing: /home/darren/servo_node/install/interfaces/share/interfaces/srv/MoveServo.idl
[3.495s] -- Installing: /home/darren/servo_node/install/interfaces/share/interfaces/srv/MoveServo.srv
[3.495s] -- Installing: /home/darren/servo_node/install/interfaces/share/interfaces/srv/MoveServo_Request.msg
[3.495s] -- Installing: /home/darren/servo_node/install/interfaces/share/interfaces/srv/MoveServo_Response.msg
[3.495s] -- Up-to-date: /home/darren/servo_node/install/interfaces/share/ament_index/resource_index/package_run_dependencies/interfaces
[3.495s] -- Installing: /home/darren/servo_node/install/interfaces/share/ament_index/resource_index/parent_prefix_path/interfaces
[3.495s] -- Up-to-date: /home/darren/servo_node/install/interfaces/share/interfaces/environment/ament_prefix_path.sh
[3.496s] -- Installing: /home/darren/servo_node/install/interfaces/share/interfaces/environment/ament_prefix_path.dsv
[3.496s] -- Up-to-date: /home/darren/servo_node/install/interfaces/share/interfaces/environment/path.sh
[3.496s] -- Installing: /home/darren/servo_node/install/interfaces/share/interfaces/environment/path.dsv
[3.496s] -- Up-to-date: /home/darren/servo_node/install/interfaces/share/interfaces/local_setup.bash
[3.496s] -- Up-to-date: /home/darren/servo_node/install/interfaces/share/interfaces/local_setup.sh
[3.496s] -- Up-to-date: /home/darren/servo_node/install/interfaces/share/interfaces/local_setup.zsh
[3.496s] -- Installing: /home/darren/servo_node/install/interfaces/share/interfaces/local_setup.dsv
[3.496s] -- Installing: /home/darren/servo_node/install/interfaces/share/interfaces/package.dsv
[3.496s] -- Up-to-date: /home/darren/servo_node/install/interfaces/share/ament_index/resource_index/packages/interfaces
[3.497s] -- Up-to-date: /home/darren/servo_node/install/interfaces/share/interfaces/cmake/export_interfaces__rosidl_generator_cExport.cmake
[3.497s] -- Up-to-date: /home/darren/servo_node/install/interfaces/share/interfaces/cmake/export_interfaces__rosidl_generator_cExport-noconfig.cmake
[3.497s] -- Up-to-date: /home/darren/servo_node/install/interfaces/share/interfaces/cmake/export_interfaces__rosidl_typesupport_fastrtps_cExport.cmake
[3.497s] -- Up-to-date: /home/darren/servo_node/install/interfaces/share/interfaces/cmake/export_interfaces__rosidl_typesupport_fastrtps_cExport-noconfig.cmake
[3.497s] -- Up-to-date: /home/darren/servo_node/install/interfaces/share/interfaces/cmake/interfaces__rosidl_typesupport_introspection_cExport.cmake
[3.497s] -- Up-to-date: /home/darren/servo_node/install/interfaces/share/interfaces/cmake/interfaces__rosidl_typesupport_introspection_cExport-noconfig.cmake
[3.497s] -- Up-to-date: /home/darren/servo_node/install/interfaces/share/interfaces/cmake/interfaces__rosidl_typesupport_cExport.cmake
[3.497s] -- Up-to-date: /home/darren/servo_node/install/interfaces/share/interfaces/cmake/interfaces__rosidl_typesupport_cExport-noconfig.cmake
[3.497s] -- Up-to-date: /home/darren/servo_node/install/interfaces/share/interfaces/cmake/export_interfaces__rosidl_generator_cppExport.cmake
[3.497s] -- Up-to-date: /home/darren/servo_node/install/interfaces/share/interfaces/cmake/export_interfaces__rosidl_typesupport_fastrtps_cppExport.cmake
[3.498s] -- Up-to-date: /home/darren/servo_node/install/interfaces/share/interfaces/cmake/export_interfaces__rosidl_typesupport_fastrtps_cppExport-noconfig.cmake
[3.498s] -- Up-to-date: /home/darren/servo_node/install/interfaces/share/interfaces/cmake/interfaces__rosidl_typesupport_introspection_cppExport.cmake
[3.498s] -- Up-to-date: /home/darren/servo_node/install/interfaces/share/interfaces/cmake/interfaces__rosidl_typesupport_introspection_cppExport-noconfig.cmake
[3.498s] -- Up-to-date: /home/darren/servo_node/install/interfaces/share/interfaces/cmake/interfaces__rosidl_typesupport_cppExport.cmake
[3.498s] -- Up-to-date: /home/darren/servo_node/install/interfaces/share/interfaces/cmake/interfaces__rosidl_typesupport_cppExport-noconfig.cmake
[3.498s] -- Up-to-date: /home/darren/servo_node/install/interfaces/share/interfaces/cmake/export_interfaces__rosidl_generator_pyExport.cmake
[3.498s] -- Up-to-date: /home/darren/servo_node/install/interfaces/share/interfaces/cmake/export_interfaces__rosidl_generator_pyExport-noconfig.cmake
[3.498s] -- Up-to-date: /home/darren/servo_node/install/interfaces/share/interfaces/cmake/rosidl_cmake-extras.cmake
[3.498s] -- Up-to-date: /home/darren/servo_node/install/interfaces/share/interfaces/cmake/ament_cmake_export_include_directories-extras.cmake
[3.498s] -- Up-to-date: /home/darren/servo_node/install/interfaces/share/interfaces/cmake/ament_cmake_export_libraries-extras.cmake
[3.499s] -- Up-to-date: /home/darren/servo_node/install/interfaces/share/interfaces/cmake/ament_cmake_export_targets-extras.cmake
[3.499s] -- Up-to-date: /home/darren/servo_node/install/interfaces/share/interfaces/cmake/rosidl_cmake_export_typesupport_targets-extras.cmake
[3.499s] -- Up-to-date: /home/darren/servo_node/install/interfaces/share/interfaces/cmake/ament_cmake_export_dependencies-extras.cmake
[3.499s] -- Up-to-date: /home/darren/servo_node/install/interfaces/share/interfaces/cmake/rosidl_cmake_export_typesupport_libraries-extras.cmake
[3.499s] -- Up-to-date: /home/darren/servo_node/install/interfaces/share/interfaces/cmake/interfacesConfig.cmake
[3.499s] -- Up-to-date: /home/darren/servo_node/install/interfaces/share/interfaces/cmake/interfacesConfig-version.cmake
[3.499s] -- Up-to-date: /home/darren/servo_node/install/interfaces/share/interfaces/package.xml
[3.500s] Invoked command in '/home/darren/servo_node/build/interfaces' returned '0': CMAKE_PREFIX_PATH=/home/darren/servo_node/install/servo_pkg:/home/darren/ros2_ws/install/DW_DarrensController:/opt/ros/humble /usr/bin/cmake --install /home/darren/servo_node/build/interfaces
