[0.500s] Invoking command in '/home/darren/Servo_Controllers/src/servo_pkg': PYTHONPATH=/home/darren/Servo_Controllers/build/servo_pkg/prefix_override:/usr/lib/python3/dist-packages/colcon_core/task/python/colcon_distutils_commands:/home/darren/Servo_Controllers/install/servo_pkg/lib/python3.10/site-packages:${PYTHONPATH} /usr/bin/python3 -W ignore:setup.py install is deprecated setup.py egg_info --egg-base ../../build/servo_pkg build --build-base /home/darren/Servo_Controllers/build/servo_pkg/build install --record /home/darren/Servo_Controllers/build/servo_pkg/install.log --single-version-externally-managed install_data
[0.676s] running egg_info
[0.690s] creating ../../build/servo_pkg/servo_pkg.egg-info
[0.690s] writing ../../build/servo_pkg/servo_pkg.egg-info/PKG-INFO
[0.690s] writing dependency_links to ../../build/servo_pkg/servo_pkg.egg-info/dependency_links.txt
[0.690s] writing entry points to ../../build/servo_pkg/servo_pkg.egg-info/entry_points.txt
[0.690s] writing requirements to ../../build/servo_pkg/servo_pkg.egg-info/requires.txt
[0.690s] writing top-level names to ../../build/servo_pkg/servo_pkg.egg-info/top_level.txt
[0.690s] writing manifest file '../../build/servo_pkg/servo_pkg.egg-info/SOURCES.txt'
[0.718s] reading manifest file '../../build/servo_pkg/servo_pkg.egg-info/SOURCES.txt'
[0.719s] writing manifest file '../../build/servo_pkg/servo_pkg.egg-info/SOURCES.txt'
[0.719s] running build
[0.719s] running build_py
[0.719s] creating /home/darren/Servo_Controllers/build/servo_pkg/build/lib/servo_pkg
[0.719s] copying servo_pkg/__init__.py -> /home/darren/Servo_Controllers/build/servo_pkg/build/lib/servo_pkg
[0.720s] copying servo_pkg/maestro.py -> /home/darren/Servo_Controllers/build/servo_pkg/build/lib/servo_pkg
[0.720s] copying servo_pkg/maestro.py -> /home/darren/Servo_Controllers/build/servo_pkg/build/lib/servo_pkg
[0.720s] copying servo_pkg/USB_Servo.py -> /home/darren/Servo_Controllers/build/servo_pkg/build/lib/servo_pkg
[0.720s] copying servo_pkg/servo_client.py -> /home/darren/Servo_Controllers/build/servo_pkg/build/lib/servo_pkg
[0.720s] copying servo_pkg/__init__.py -> /home/darren/Servo_Controllers/build/servo_pkg/build/lib/servo_pkg
[0.720s] copying servo_pkg/i2c_Servo.py -> /home/darren/Servo_Controllers/build/servo_pkg/build/lib/servo_pkg
[0.720s] running install
[0.725s] running install_lib
[0.737s] creating /home/darren/Servo_Controllers/install/servo_pkg/lib/python3.10/site-packages/servo_pkg
[0.737s] copying /home/darren/Servo_Controllers/build/servo_pkg/build/lib/servo_pkg/maestro.py -> /home/darren/Servo_Controllers/install/servo_pkg/lib/python3.10/site-packages/servo_pkg
[0.737s] copying /home/darren/Servo_Controllers/build/servo_pkg/build/lib/servo_pkg/USB_Servo.py -> /home/darren/Servo_Controllers/install/servo_pkg/lib/python3.10/site-packages/servo_pkg
[0.737s] copying /home/darren/Servo_Controllers/build/servo_pkg/build/lib/servo_pkg/servo_client.py -> /home/darren/Servo_Controllers/install/servo_pkg/lib/python3.10/site-packages/servo_pkg
[0.737s] copying /home/darren/Servo_Controllers/build/servo_pkg/build/lib/servo_pkg/__init__.py -> /home/darren/Servo_Controllers/install/servo_pkg/lib/python3.10/site-packages/servo_pkg
[0.737s] copying /home/darren/Servo_Controllers/build/servo_pkg/build/lib/servo_pkg/i2c_Servo.py -> /home/darren/Servo_Controllers/install/servo_pkg/lib/python3.10/site-packages/servo_pkg
[0.738s] byte-compiling /home/darren/Servo_Controllers/install/servo_pkg/lib/python3.10/site-packages/servo_pkg/maestro.py to maestro.cpython-310.pyc
[0.739s] byte-compiling /home/darren/Servo_Controllers/install/servo_pkg/lib/python3.10/site-packages/servo_pkg/USB_Servo.py to USB_Servo.cpython-310.pyc
[0.739s] byte-compiling /home/darren/Servo_Controllers/install/servo_pkg/lib/python3.10/site-packages/servo_pkg/servo_client.py to servo_client.cpython-310.pyc
[0.740s] byte-compiling /home/darren/Servo_Controllers/install/servo_pkg/lib/python3.10/site-packages/servo_pkg/__init__.py to __init__.cpython-310.pyc
[0.740s] byte-compiling /home/darren/Servo_Controllers/install/servo_pkg/lib/python3.10/site-packages/servo_pkg/i2c_Servo.py to i2c_Servo.cpython-310.pyc
[0.740s] running install_data
[0.740s] creating /home/darren/Servo_Controllers/install/servo_pkg/share/ament_index/resource_index/packages
[0.740s] copying resource/servo_pkg -> /home/darren/Servo_Controllers/install/servo_pkg/share/ament_index/resource_index/packages
[0.741s] copying package.xml -> /home/darren/Servo_Controllers/install/servo_pkg/share/servo_pkg
[0.741s] running install_egg_info
[0.754s] Copying ../../build/servo_pkg/servo_pkg.egg-info to /home/darren/Servo_Controllers/install/servo_pkg/lib/python3.10/site-packages/servo_pkg-0.0.0-py3.10.egg-info
[0.755s] running install_scripts
[0.848s] Installing i2c_servo_service script to /home/darren/Servo_Controllers/install/servo_pkg/lib/servo_pkg
[0.848s] Installing servo_client script to /home/darren/Servo_Controllers/install/servo_pkg/lib/servo_pkg
[0.848s] Installing usb_servo_service script to /home/darren/Servo_Controllers/install/servo_pkg/lib/servo_pkg
[0.848s] writing list of installed files to '/home/darren/Servo_Controllers/build/servo_pkg/install.log'
[0.870s] Invoked command in '/home/darren/Servo_Controllers/src/servo_pkg' returned '0': PYTHONPATH=/home/darren/Servo_Controllers/build/servo_pkg/prefix_override:/usr/lib/python3/dist-packages/colcon_core/task/python/colcon_distutils_commands:/home/darren/Servo_Controllers/install/servo_pkg/lib/python3.10/site-packages:${PYTHONPATH} /usr/bin/python3 -W ignore:setup.py install is deprecated setup.py egg_info --egg-base ../../build/servo_pkg build --build-base /home/darren/Servo_Controllers/build/servo_pkg/build install --record /home/darren/Servo_Controllers/build/servo_pkg/install.log --single-version-externally-managed install_data
