[0.008s] Invoking command in '/home/darren/Servo_Controllers/build/interfaces': CMAKE_PREFIX_PATH=${CMAKE_PREFIX_PATH}:/home/darren/Servo_Controllers/install/servo_pkg:/home/darren/ros2_ws/install/DW_DarrensController:/opt/ros/humble /usr/bin/cmake --build /home/darren/Servo_Controllers/build/interfaces -- -j8 -l8
[0.040s] [35m[1mConsolidate compiler generated dependencies of target interfaces__rosidl_generator_c[0m
[0.050s] [  3%] Built target interfaces__cpp
[0.051s] [ 12%] Built target interfaces__rosidl_generator_c
[0.063s] [ 12%] Built target ament_cmake_python_copy_interfaces
[0.067s] [35m[1mConsolidate compiler generated dependencies of target interfaces__rosidl_typesupport_introspection_cpp[0m
[0.068s] [35m[1mConsolidate compiler generated dependencies of target interfaces__rosidl_typesupport_cpp[0m
[0.068s] [35m[1mConsolidate compiler generated dependencies of target interfaces__rosidl_typesupport_fastrtps_cpp[0m
[0.068s] [35m[1mConsolidate compiler generated dependencies of target interfaces__rosidl_typesupport_introspection_c[0m
[0.069s] [35m[1mConsolidate compiler generated dependencies of target interfaces__rosidl_typesupport_fastrtps_c[0m
[0.069s] [35m[1mConsolidate compiler generated dependencies of target interfaces__rosidl_typesupport_c[0m
[0.090s] [ 54%] Built target interfaces__rosidl_typesupport_fastrtps_cpp
[0.091s] [ 54%] Built target interfaces__rosidl_typesupport_introspection_c
[0.091s] [ 61%] Built target interfaces__rosidl_typesupport_c
[0.091s] [ 61%] Built target interfaces__rosidl_typesupport_introspection_cpp
[0.091s] [ 61%] Built target interfaces__rosidl_typesupport_cpp
[0.091s] [ 70%] Built target interfaces__rosidl_typesupport_fastrtps_c
[0.111s] [ 70%] Built target interfaces
[0.131s] [ 74%] Built target interfaces__py
[0.140s] [35m[1mConsolidate compiler generated dependencies of target interfaces__rosidl_generator_py[0m
[0.154s] [ 80%] Built target interfaces__rosidl_generator_py
[0.166s] [35m[1mConsolidate compiler generated dependencies of target interfaces__rosidl_typesupport_introspection_c__pyext[0m
[0.166s] [35m[1mConsolidate compiler generated dependencies of target interfaces__rosidl_typesupport_c__pyext[0m
[0.170s] [35m[1mConsolidate compiler generated dependencies of target interfaces__rosidl_typesupport_fastrtps_c__pyext[0m
[0.181s] [ 87%] Built target interfaces__rosidl_typesupport_introspection_c__pyext
[0.182s] [ 93%] Built target interfaces__rosidl_typesupport_c__pyext
[0.191s] [100%] Built target interfaces__rosidl_typesupport_fastrtps_c__pyext
[0.308s] running egg_info
[0.322s] writing interfaces.egg-info/PKG-INFO
[0.323s] writing dependency_links to interfaces.egg-info/dependency_links.txt
[0.323s] writing top-level names to interfaces.egg-info/top_level.txt
[0.369s] reading manifest file 'interfaces.egg-info/SOURCES.txt'
[0.370s] writing manifest file 'interfaces.egg-info/SOURCES.txt'
[0.396s] [100%] Built target ament_cmake_python_build_interfaces_egg
[0.406s] Invoked command in '/home/darren/Servo_Controllers/build/interfaces' returned '0': CMAKE_PREFIX_PATH=${CMAKE_PREFIX_PATH}:/home/darren/Servo_Controllers/install/servo_pkg:/home/darren/ros2_ws/install/DW_DarrensController:/opt/ros/humble /usr/bin/cmake --build /home/darren/Servo_Controllers/build/interfaces -- -j8 -l8
[0.462s] Invoking command in '/home/darren/Servo_Controllers/build/interfaces': CMAKE_PREFIX_PATH=${CMAKE_PREFIX_PATH}:/home/darren/Servo_Controllers/install/servo_pkg:/home/darren/ros2_ws/install/DW_DarrensController:/opt/ros/humble /usr/bin/cmake --install /home/darren/Servo_Controllers/build/interfaces
[0.469s] -- Install configuration: ""
[0.469s] -- Up-to-date: /home/darren/Servo_Controllers/install/interfaces/share/ament_index/resource_index/rosidl_interfaces/interfaces
[0.469s] -- Up-to-date: /home/darren/Servo_Controllers/install/interfaces/include/interfaces/interfaces
[0.469s] -- Up-to-date: /home/darren/Servo_Controllers/install/interfaces/include/interfaces/interfaces/msg
[0.469s] -- Up-to-date: /home/darren/Servo_Controllers/install/interfaces/include/interfaces/interfaces/msg/rosidl_generator_c__visibility_control.h
[0.469s] -- Up-to-date: /home/darren/Servo_Controllers/install/interfaces/include/interfaces/interfaces/srv
[0.469s] -- Up-to-date: /home/darren/Servo_Controllers/install/interfaces/include/interfaces/interfaces/srv/move_servo.h
[0.469s] -- Up-to-date: /home/darren/Servo_Controllers/install/interfaces/include/interfaces/interfaces/srv/detail
[0.469s] -- Up-to-date: /home/darren/Servo_Controllers/install/interfaces/include/interfaces/interfaces/srv/detail/move_servo__functions.h
[0.469s] -- Up-to-date: /home/darren/Servo_Controllers/install/interfaces/include/interfaces/interfaces/srv/detail/move_servo__functions.c
[0.469s] -- Up-to-date: /home/darren/Servo_Controllers/install/interfaces/include/interfaces/interfaces/srv/detail/move_servo__struct.h
[0.469s] -- Up-to-date: /home/darren/Servo_Controllers/install/interfaces/include/interfaces/interfaces/srv/detail/move_servo__type_support.h
[0.469s] -- Up-to-date: /home/darren/Servo_Controllers/install/interfaces/share/interfaces/environment/library_path.sh
[0.469s] -- Up-to-date: /home/darren/Servo_Controllers/install/interfaces/share/interfaces/environment/library_path.dsv
[0.469s] -- Up-to-date: /home/darren/Servo_Controllers/install/interfaces/lib/libinterfaces__rosidl_generator_c.so
[0.470s] -- Up-to-date: /home/darren/Servo_Controllers/install/interfaces/include/interfaces/interfaces
[0.470s] -- Up-to-date: /home/darren/Servo_Controllers/install/interfaces/include/interfaces/interfaces/msg
[0.470s] -- Up-to-date: /home/darren/Servo_Controllers/install/interfaces/include/interfaces/interfaces/msg/rosidl_typesupport_fastrtps_c__visibility_control.h
[0.470s] -- Up-to-date: /home/darren/Servo_Controllers/install/interfaces/include/interfaces/interfaces/srv
[0.470s] -- Up-to-date: /home/darren/Servo_Controllers/install/interfaces/include/interfaces/interfaces/srv/detail
[0.470s] -- Up-to-date: /home/darren/Servo_Controllers/install/interfaces/include/interfaces/interfaces/srv/detail/move_servo__rosidl_typesupport_fastrtps_c.h
[0.470s] -- Up-to-date: /home/darren/Servo_Controllers/install/interfaces/lib/libinterfaces__rosidl_typesupport_fastrtps_c.so
[0.470s] -- Up-to-date: /home/darren/Servo_Controllers/install/interfaces/include/interfaces/interfaces
[0.470s] -- Up-to-date: /home/darren/Servo_Controllers/install/interfaces/include/interfaces/interfaces/msg
[0.470s] -- Up-to-date: /home/darren/Servo_Controllers/install/interfaces/include/interfaces/interfaces/msg/rosidl_typesupport_introspection_c__visibility_control.h
[0.470s] -- Up-to-date: /home/darren/Servo_Controllers/install/interfaces/include/interfaces/interfaces/srv
[0.470s] -- Up-to-date: /home/darren/Servo_Controllers/install/interfaces/include/interfaces/interfaces/srv/detail
[0.470s] -- Up-to-date: /home/darren/Servo_Controllers/install/interfaces/include/interfaces/interfaces/srv/detail/move_servo__rosidl_typesupport_introspection_c.h
[0.470s] -- Up-to-date: /home/darren/Servo_Controllers/install/interfaces/include/interfaces/interfaces/srv/detail/move_servo__type_support.c
[0.470s] -- Up-to-date: /home/darren/Servo_Controllers/install/interfaces/lib/libinterfaces__rosidl_typesupport_introspection_c.so
[0.470s] -- Up-to-date: /home/darren/Servo_Controllers/install/interfaces/lib/libinterfaces__rosidl_typesupport_c.so
[0.470s] -- Up-to-date: /home/darren/Servo_Controllers/install/interfaces/include/interfaces/interfaces
[0.471s] -- Up-to-date: /home/darren/Servo_Controllers/install/interfaces/include/interfaces/interfaces/srv
[0.471s] -- Up-to-date: /home/darren/Servo_Controllers/install/interfaces/include/interfaces/interfaces/srv/move_servo.hpp
[0.471s] -- Up-to-date: /home/darren/Servo_Controllers/install/interfaces/include/interfaces/interfaces/srv/detail
[0.471s] -- Up-to-date: /home/darren/Servo_Controllers/install/interfaces/include/interfaces/interfaces/srv/detail/move_servo__struct.hpp
[0.471s] -- Up-to-date: /home/darren/Servo_Controllers/install/interfaces/include/interfaces/interfaces/srv/detail/move_servo__builder.hpp
[0.471s] -- Up-to-date: /home/darren/Servo_Controllers/install/interfaces/include/interfaces/interfaces/srv/detail/move_servo__traits.hpp
[0.471s] -- Up-to-date: /home/darren/Servo_Controllers/install/interfaces/include/interfaces/interfaces
[0.471s] -- Up-to-date: /home/darren/Servo_Controllers/install/interfaces/include/interfaces/interfaces/msg
[0.471s] -- Up-to-date: /home/darren/Servo_Controllers/install/interfaces/include/interfaces/interfaces/msg/rosidl_typesupport_fastrtps_cpp__visibility_control.h
[0.471s] -- Up-to-date: /home/darren/Servo_Controllers/install/interfaces/include/interfaces/interfaces/srv
[0.471s] -- Up-to-date: /home/darren/Servo_Controllers/install/interfaces/include/interfaces/interfaces/srv/detail
[0.471s] -- Up-to-date: /home/darren/Servo_Controllers/install/interfaces/include/interfaces/interfaces/srv/detail/move_servo__rosidl_typesupport_fastrtps_cpp.hpp
[0.471s] -- Up-to-date: /home/darren/Servo_Controllers/install/interfaces/include/interfaces/interfaces/srv/detail/dds_fastrtps
[0.471s] -- Up-to-date: /home/darren/Servo_Controllers/install/interfaces/lib/libinterfaces__rosidl_typesupport_fastrtps_cpp.so
[0.472s] -- Up-to-date: /home/darren/Servo_Controllers/install/interfaces/include/interfaces/interfaces
[0.472s] -- Up-to-date: /home/darren/Servo_Controllers/install/interfaces/include/interfaces/interfaces/srv
[0.472s] -- Up-to-date: /home/darren/Servo_Controllers/install/interfaces/include/interfaces/interfaces/srv/detail
[0.472s] -- Up-to-date: /home/darren/Servo_Controllers/install/interfaces/include/interfaces/interfaces/srv/detail/move_servo__type_support.cpp
[0.472s] -- Up-to-date: /home/darren/Servo_Controllers/install/interfaces/include/interfaces/interfaces/srv/detail/move_servo__rosidl_typesupport_introspection_cpp.hpp
[0.472s] -- Up-to-date: /home/darren/Servo_Controllers/install/interfaces/lib/libinterfaces__rosidl_typesupport_introspection_cpp.so
[0.472s] -- Up-to-date: /home/darren/Servo_Controllers/install/interfaces/lib/libinterfaces__rosidl_typesupport_cpp.so
[0.472s] -- Up-to-date: /home/darren/Servo_Controllers/install/interfaces/share/interfaces/environment/pythonpath.sh
[0.472s] -- Up-to-date: /home/darren/Servo_Controllers/install/interfaces/share/interfaces/environment/pythonpath.dsv
[0.472s] -- Up-to-date: /home/darren/Servo_Controllers/install/interfaces/local/lib/python3.10/dist-packages/interfaces-0.0.0-py3.10.egg-info
[0.472s] -- Installing: /home/darren/Servo_Controllers/install/interfaces/local/lib/python3.10/dist-packages/interfaces-0.0.0-py3.10.egg-info/top_level.txt
[0.472s] -- Installing: /home/darren/Servo_Controllers/install/interfaces/local/lib/python3.10/dist-packages/interfaces-0.0.0-py3.10.egg-info/dependency_links.txt
[0.472s] -- Installing: /home/darren/Servo_Controllers/install/interfaces/local/lib/python3.10/dist-packages/interfaces-0.0.0-py3.10.egg-info/SOURCES.txt
[0.473s] -- Installing: /home/darren/Servo_Controllers/install/interfaces/local/lib/python3.10/dist-packages/interfaces-0.0.0-py3.10.egg-info/PKG-INFO
[0.473s] -- Up-to-date: /home/darren/Servo_Controllers/install/interfaces/local/lib/python3.10/dist-packages/interfaces
[0.473s] -- Up-to-date: /home/darren/Servo_Controllers/install/interfaces/local/lib/python3.10/dist-packages/interfaces/interfaces_s__rosidl_typesupport_c.cpython-310-x86_64-linux-gnu.so
[0.473s] -- Up-to-date: /home/darren/Servo_Controllers/install/interfaces/local/lib/python3.10/dist-packages/interfaces/interfaces_s__rosidl_typesupport_introspection_c.cpython-310-x86_64-linux-gnu.so
[0.473s] -- Up-to-date: /home/darren/Servo_Controllers/install/interfaces/local/lib/python3.10/dist-packages/interfaces/libinterfaces__rosidl_generator_py.so
[0.473s] -- Up-to-date: /home/darren/Servo_Controllers/install/interfaces/local/lib/python3.10/dist-packages/interfaces/_interfaces_s.ep.rosidl_typesupport_introspection_c.c
[0.473s] -- Up-to-date: /home/darren/Servo_Controllers/install/interfaces/local/lib/python3.10/dist-packages/interfaces/_interfaces_s.ep.rosidl_typesupport_c.c
[0.473s] -- Up-to-date: /home/darren/Servo_Controllers/install/interfaces/local/lib/python3.10/dist-packages/interfaces/__init__.py
[0.473s] -- Up-to-date: /home/darren/Servo_Controllers/install/interfaces/local/lib/python3.10/dist-packages/interfaces/srv
[0.473s] -- Up-to-date: /home/darren/Servo_Controllers/install/interfaces/local/lib/python3.10/dist-packages/interfaces/srv/_move_servo_s.c
[0.473s] -- Up-to-date: /home/darren/Servo_Controllers/install/interfaces/local/lib/python3.10/dist-packages/interfaces/srv/__init__.py
[0.473s] -- Up-to-date: /home/darren/Servo_Controllers/install/interfaces/local/lib/python3.10/dist-packages/interfaces/srv/_move_servo.py
[0.473s] -- Up-to-date: /home/darren/Servo_Controllers/install/interfaces/local/lib/python3.10/dist-packages/interfaces/_interfaces_s.ep.rosidl_typesupport_fastrtps_c.c
[0.473s] -- Up-to-date: /home/darren/Servo_Controllers/install/interfaces/local/lib/python3.10/dist-packages/interfaces/interfaces_s__rosidl_typesupport_fastrtps_c.cpython-310-x86_64-linux-gnu.so
[0.505s] Listing '/home/darren/Servo_Controllers/install/interfaces/local/lib/python3.10/dist-packages/interfaces'...
[0.505s] Listing '/home/darren/Servo_Controllers/install/interfaces/local/lib/python3.10/dist-packages/interfaces/srv'...
[0.509s] -- Up-to-date: /home/darren/Servo_Controllers/install/interfaces/local/lib/python3.10/dist-packages/interfaces/interfaces_s__rosidl_typesupport_fastrtps_c.cpython-310-x86_64-linux-gnu.so
[0.509s] -- Up-to-date: /home/darren/Servo_Controllers/install/interfaces/local/lib/python3.10/dist-packages/interfaces/interfaces_s__rosidl_typesupport_introspection_c.cpython-310-x86_64-linux-gnu.so
[0.509s] -- Up-to-date: /home/darren/Servo_Controllers/install/interfaces/local/lib/python3.10/dist-packages/interfaces/interfaces_s__rosidl_typesupport_c.cpython-310-x86_64-linux-gnu.so
[0.509s] -- Up-to-date: /home/darren/Servo_Controllers/install/interfaces/lib/libinterfaces__rosidl_generator_py.so
[0.509s] -- Up-to-date: /home/darren/Servo_Controllers/install/interfaces/share/interfaces/srv/MoveServo.idl
[0.510s] -- Up-to-date: /home/darren/Servo_Controllers/install/interfaces/share/interfaces/srv/MoveServo.srv
[0.510s] -- Up-to-date: /home/darren/Servo_Controllers/install/interfaces/share/interfaces/srv/MoveServo_Request.msg
[0.510s] -- Up-to-date: /home/darren/Servo_Controllers/install/interfaces/share/interfaces/srv/MoveServo_Response.msg
[0.510s] -- Up-to-date: /home/darren/Servo_Controllers/install/interfaces/share/ament_index/resource_index/package_run_dependencies/interfaces
[0.510s] -- Up-to-date: /home/darren/Servo_Controllers/install/interfaces/share/ament_index/resource_index/parent_prefix_path/interfaces
[0.510s] -- Up-to-date: /home/darren/Servo_Controllers/install/interfaces/share/interfaces/environment/ament_prefix_path.sh
[0.510s] -- Up-to-date: /home/darren/Servo_Controllers/install/interfaces/share/interfaces/environment/ament_prefix_path.dsv
[0.510s] -- Up-to-date: /home/darren/Servo_Controllers/install/interfaces/share/interfaces/environment/path.sh
[0.510s] -- Up-to-date: /home/darren/Servo_Controllers/install/interfaces/share/interfaces/environment/path.dsv
[0.510s] -- Up-to-date: /home/darren/Servo_Controllers/install/interfaces/share/interfaces/local_setup.bash
[0.510s] -- Up-to-date: /home/darren/Servo_Controllers/install/interfaces/share/interfaces/local_setup.sh
[0.510s] -- Up-to-date: /home/darren/Servo_Controllers/install/interfaces/share/interfaces/local_setup.zsh
[0.510s] -- Up-to-date: /home/darren/Servo_Controllers/install/interfaces/share/interfaces/local_setup.dsv
[0.510s] -- Installing: /home/darren/Servo_Controllers/install/interfaces/share/interfaces/package.dsv
[0.510s] -- Up-to-date: /home/darren/Servo_Controllers/install/interfaces/share/ament_index/resource_index/packages/interfaces
[0.510s] -- Up-to-date: /home/darren/Servo_Controllers/install/interfaces/share/interfaces/cmake/export_interfaces__rosidl_generator_cExport.cmake
[0.510s] -- Up-to-date: /home/darren/Servo_Controllers/install/interfaces/share/interfaces/cmake/export_interfaces__rosidl_generator_cExport-noconfig.cmake
[0.511s] -- Up-to-date: /home/darren/Servo_Controllers/install/interfaces/share/interfaces/cmake/export_interfaces__rosidl_typesupport_fastrtps_cExport.cmake
[0.511s] -- Up-to-date: /home/darren/Servo_Controllers/install/interfaces/share/interfaces/cmake/export_interfaces__rosidl_typesupport_fastrtps_cExport-noconfig.cmake
[0.511s] -- Up-to-date: /home/darren/Servo_Controllers/install/interfaces/share/interfaces/cmake/interfaces__rosidl_typesupport_introspection_cExport.cmake
[0.511s] -- Up-to-date: /home/darren/Servo_Controllers/install/interfaces/share/interfaces/cmake/interfaces__rosidl_typesupport_introspection_cExport-noconfig.cmake
[0.511s] -- Up-to-date: /home/darren/Servo_Controllers/install/interfaces/share/interfaces/cmake/interfaces__rosidl_typesupport_cExport.cmake
[0.511s] -- Up-to-date: /home/darren/Servo_Controllers/install/interfaces/share/interfaces/cmake/interfaces__rosidl_typesupport_cExport-noconfig.cmake
[0.511s] -- Up-to-date: /home/darren/Servo_Controllers/install/interfaces/share/interfaces/cmake/export_interfaces__rosidl_generator_cppExport.cmake
[0.511s] -- Up-to-date: /home/darren/Servo_Controllers/install/interfaces/share/interfaces/cmake/export_interfaces__rosidl_typesupport_fastrtps_cppExport.cmake
[0.511s] -- Up-to-date: /home/darren/Servo_Controllers/install/interfaces/share/interfaces/cmake/export_interfaces__rosidl_typesupport_fastrtps_cppExport-noconfig.cmake
[0.511s] -- Up-to-date: /home/darren/Servo_Controllers/install/interfaces/share/interfaces/cmake/interfaces__rosidl_typesupport_introspection_cppExport.cmake
[0.511s] -- Up-to-date: /home/darren/Servo_Controllers/install/interfaces/share/interfaces/cmake/interfaces__rosidl_typesupport_introspection_cppExport-noconfig.cmake
[0.511s] -- Up-to-date: /home/darren/Servo_Controllers/install/interfaces/share/interfaces/cmake/interfaces__rosidl_typesupport_cppExport.cmake
[0.511s] -- Up-to-date: /home/darren/Servo_Controllers/install/interfaces/share/interfaces/cmake/interfaces__rosidl_typesupport_cppExport-noconfig.cmake
[0.511s] -- Up-to-date: /home/darren/Servo_Controllers/install/interfaces/share/interfaces/cmake/export_interfaces__rosidl_generator_pyExport.cmake
[0.512s] -- Up-to-date: /home/darren/Servo_Controllers/install/interfaces/share/interfaces/cmake/export_interfaces__rosidl_generator_pyExport-noconfig.cmake
[0.512s] -- Up-to-date: /home/darren/Servo_Controllers/install/interfaces/share/interfaces/cmake/rosidl_cmake-extras.cmake
[0.512s] -- Up-to-date: /home/darren/Servo_Controllers/install/interfaces/share/interfaces/cmake/ament_cmake_export_include_directories-extras.cmake
[0.512s] -- Up-to-date: /home/darren/Servo_Controllers/install/interfaces/share/interfaces/cmake/ament_cmake_export_libraries-extras.cmake
[0.512s] -- Up-to-date: /home/darren/Servo_Controllers/install/interfaces/share/interfaces/cmake/ament_cmake_export_targets-extras.cmake
[0.512s] -- Up-to-date: /home/darren/Servo_Controllers/install/interfaces/share/interfaces/cmake/rosidl_cmake_export_typesupport_targets-extras.cmake
[0.512s] -- Up-to-date: /home/darren/Servo_Controllers/install/interfaces/share/interfaces/cmake/ament_cmake_export_dependencies-extras.cmake
[0.512s] -- Up-to-date: /home/darren/Servo_Controllers/install/interfaces/share/interfaces/cmake/rosidl_cmake_export_typesupport_libraries-extras.cmake
[0.512s] -- Up-to-date: /home/darren/Servo_Controllers/install/interfaces/share/interfaces/cmake/interfacesConfig.cmake
[0.512s] -- Up-to-date: /home/darren/Servo_Controllers/install/interfaces/share/interfaces/cmake/interfacesConfig-version.cmake
[0.512s] -- Up-to-date: /home/darren/Servo_Controllers/install/interfaces/share/interfaces/package.xml
[0.514s] Invoked command in '/home/darren/Servo_Controllers/build/interfaces' returned '0': CMAKE_PREFIX_PATH=${CMAKE_PREFIX_PATH}:/home/darren/Servo_Controllers/install/servo_pkg:/home/darren/ros2_ws/install/DW_DarrensController:/opt/ros/humble /usr/bin/cmake --install /home/darren/Servo_Controllers/build/interfaces
