[0.569s] Invoking command in '/home/darren/servo_node/src/servo_pkg': PYTHONPATH=/home/darren/servo_node/src/build/servo_pkg/prefix_override:/usr/lib/python3/dist-packages/colcon_core/task/python/colcon_distutils_commands:/home/darren/servo_node/src/install/servo_pkg/lib/python3.10/site-packages:${PYTHONPATH} /usr/bin/python3 -W ignore:setup.py install is deprecated setup.py egg_info --egg-base ../build/servo_pkg build --build-base /home/darren/servo_node/src/build/servo_pkg/build install --record /home/darren/servo_node/src/build/servo_pkg/install.log --single-version-externally-managed install_data
[0.690s] /home/darren/.local/lib/python3.10/site-packages/setuptools/_distutils/dist.py:261: UserWarning: Unknown distribution option: 'tests_require'
[0.691s]   warnings.warn(msg)
[0.775s] running egg_info
[0.795s] writing ../build/servo_pkg/servo_pkg.egg-info/PKG-INFO
[0.795s] writing dependency_links to ../build/servo_pkg/servo_pkg.egg-info/dependency_links.txt
[0.796s] writing entry points to ../build/servo_pkg/servo_pkg.egg-info/entry_points.txt
[0.796s] writing requirements to ../build/servo_pkg/servo_pkg.egg-info/requires.txt
[0.796s] writing top-level names to ../build/servo_pkg/servo_pkg.egg-info/top_level.txt
[0.841s] reading manifest file '../build/servo_pkg/servo_pkg.egg-info/SOURCES.txt'
[0.842s] Traceback (most recent call last):
[0.842s]   File "/home/darren/servo_node/src/servo_pkg/setup.py", line 5, in <module>
[0.842s]     setup(
[0.842s]   File "/home/darren/.local/lib/python3.10/site-packages/setuptools/__init__.py", line 117, in setup
[0.842s]     return distutils.core.setup(**attrs)
[0.842s]   File "/home/darren/.local/lib/python3.10/site-packages/setuptools/_distutils/core.py", line 183, in setup
[0.842s]     return run_commands(dist)
[0.842s]   File "/home/darren/.local/lib/python3.10/site-packages/setuptools/_distutils/core.py", line 199, in run_commands
[0.842s]     dist.run_commands()
[0.842s]   File "/home/darren/.local/lib/python3.10/site-packages/setuptools/_distutils/dist.py", line 954, in run_commands
[0.842s]     self.run_command(cmd)
[0.842s]   File "/home/darren/.local/lib/python3.10/site-packages/setuptools/dist.py", line 995, in run_command
[0.842s]     super().run_command(command)
[0.842s]   File "/home/darren/.local/lib/python3.10/site-packages/setuptools/_distutils/dist.py", line 973, in run_command
[0.843s]     cmd_obj.run()
[0.843s]   File "/home/darren/.local/lib/python3.10/site-packages/setuptools/command/egg_info.py", line 313, in run
[0.843s]     self.find_sources()
[0.843s]   File "/home/darren/.local/lib/python3.10/site-packages/setuptools/command/egg_info.py", line 321, in find_sources
[0.843s]     mm.run()
[0.843s]   File "/home/darren/.local/lib/python3.10/site-packages/setuptools/command/egg_info.py", line 549, in run
[0.843s]     self.prune_file_list()
[0.843s]   File "/home/darren/.local/lib/python3.10/site-packages/setuptools/command/sdist.py", line 162, in prune_file_list
[0.843s]     super().prune_file_list()
[0.843s]   File "/home/darren/.local/lib/python3.10/site-packages/setuptools/_distutils/command/sdist.py", line 380, in prune_file_list
[0.843s]     base_dir = self.distribution.get_fullname()
[0.843s]   File "/home/darren/.local/lib/python3.10/site-packages/setuptools/_core_metadata.py", line 267, in get_fullname
[0.843s]     return _distribution_fullname(self.get_name(), self.get_version())
[0.843s]   File "/home/darren/.local/lib/python3.10/site-packages/setuptools/_core_metadata.py", line 285, in _distribution_fullname
[0.843s]     canonicalize_version(version, strip_trailing_zero=False),
[0.844s] TypeError: canonicalize_version() got an unexpected keyword argument 'strip_trailing_zero'
[0.865s] Invoked command in '/home/darren/servo_node/src/servo_pkg' returned '1': PYTHONPATH=/home/darren/servo_node/src/build/servo_pkg/prefix_override:/usr/lib/python3/dist-packages/colcon_core/task/python/colcon_distutils_commands:/home/darren/servo_node/src/install/servo_pkg/lib/python3.10/site-packages:${PYTHONPATH} /usr/bin/python3 -W ignore:setup.py install is deprecated setup.py egg_info --egg-base ../build/servo_pkg build --build-base /home/darren/servo_node/src/build/servo_pkg/build install --record /home/darren/servo_node/src/build/servo_pkg/install.log --single-version-externally-managed install_data
