[0.009s] Invoking command in '/home/darren/servo_node/build/interfaces': CMAKE_PREFIX_PATH=/home/darren/servo_node/install/servo_pkg:/home/darren/ros2_ws/install/DW_DarrensController:/opt/ros/humble /usr/bin/cmake --build /home/darren/servo_node/build/interfaces -- -j8 -l8
[0.053s] [  3%] Built target interfaces__cpp
[0.054s] [ 12%] Built target interfaces__rosidl_generator_c
[0.068s] [ 12%] Built target ament_cmake_python_copy_interfaces
[0.084s] [ 22%] Built target interfaces__rosidl_typesupport_cpp
[0.085s] [ 32%] Built target interfaces__rosidl_typesupport_introspection_c
[0.087s] [ 45%] Built target interfaces__rosidl_typesupport_c
[0.087s] [ 51%] Built target interfaces__rosidl_typesupport_fastrtps_c
[0.087s] [ 61%] Built target interfaces__rosidl_typesupport_introspection_cpp
[0.087s] [ 70%] Built target interfaces__rosidl_typesupport_fastrtps_cpp
[0.104s] [ 70%] Built target interfaces
[0.124s] [ 74%] Built target interfaces__py
[0.144s] [ 80%] Built target interfaces__rosidl_generator_py
[0.167s] [100%] Built target interfaces__rosidl_typesupport_c__pyext
[0.167s] [100%] Built target interfaces__rosidl_typesupport_fastrtps_c__pyext
[0.167s] [100%] Built target interfaces__rosidl_typesupport_introspection_c__pyext
[0.259s] running egg_info
[0.271s] writing interfaces.egg-info/PKG-INFO
[0.271s] writing dependency_links to interfaces.egg-info/dependency_links.txt
[0.271s] writing top-level names to interfaces.egg-info/top_level.txt
[0.305s] reading manifest file 'interfaces.egg-info/SOURCES.txt'
[0.306s] writing manifest file 'interfaces.egg-info/SOURCES.txt'
[0.331s] [100%] Built target ament_cmake_python_build_interfaces_egg
[0.342s] Invoked command in '/home/darren/servo_node/build/interfaces' returned '0': CMAKE_PREFIX_PATH=/home/darren/servo_node/install/servo_pkg:/home/darren/ros2_ws/install/DW_DarrensController:/opt/ros/humble /usr/bin/cmake --build /home/darren/servo_node/build/interfaces -- -j8 -l8
[0.387s] Invoking command in '/home/darren/servo_node/build/interfaces': CMAKE_PREFIX_PATH=/home/darren/servo_node/install/servo_pkg:/home/darren/ros2_ws/install/DW_DarrensController:/opt/ros/humble /usr/bin/cmake --install /home/darren/servo_node/build/interfaces
[0.393s] -- Install configuration: ""
[0.393s] -- Up-to-date: /home/darren/servo_node/install/interfaces/share/ament_index/resource_index/rosidl_interfaces/interfaces
[0.393s] -- Up-to-date: /home/darren/servo_node/install/interfaces/include/interfaces/interfaces
[0.393s] -- Up-to-date: /home/darren/servo_node/install/interfaces/include/interfaces/interfaces/msg
[0.393s] -- Up-to-date: /home/darren/servo_node/install/interfaces/include/interfaces/interfaces/msg/rosidl_generator_c__visibility_control.h
[0.393s] -- Up-to-date: /home/darren/servo_node/install/interfaces/include/interfaces/interfaces/srv
[0.393s] -- Up-to-date: /home/darren/servo_node/install/interfaces/include/interfaces/interfaces/srv/move_servo.h
[0.393s] -- Up-to-date: /home/darren/servo_node/install/interfaces/include/interfaces/interfaces/srv/detail
[0.393s] -- Up-to-date: /home/darren/servo_node/install/interfaces/include/interfaces/interfaces/srv/detail/move_servo__functions.h
[0.393s] -- Up-to-date: /home/darren/servo_node/install/interfaces/include/interfaces/interfaces/srv/detail/move_servo__functions.c
[0.393s] -- Up-to-date: /home/darren/servo_node/install/interfaces/include/interfaces/interfaces/srv/detail/move_servo__struct.h
[0.393s] -- Up-to-date: /home/darren/servo_node/install/interfaces/include/interfaces/interfaces/srv/detail/move_servo__type_support.h
[0.393s] -- Up-to-date: /home/darren/servo_node/install/interfaces/share/interfaces/environment/library_path.sh
[0.393s] -- Up-to-date: /home/darren/servo_node/install/interfaces/share/interfaces/environment/library_path.dsv
[0.394s] -- Up-to-date: /home/darren/servo_node/install/interfaces/lib/libinterfaces__rosidl_generator_c.so
[0.394s] -- Up-to-date: /home/darren/servo_node/install/interfaces/include/interfaces/interfaces
[0.394s] -- Up-to-date: /home/darren/servo_node/install/interfaces/include/interfaces/interfaces/msg
[0.394s] -- Up-to-date: /home/darren/servo_node/install/interfaces/include/interfaces/interfaces/msg/rosidl_typesupport_fastrtps_c__visibility_control.h
[0.394s] -- Up-to-date: /home/darren/servo_node/install/interfaces/include/interfaces/interfaces/srv
[0.394s] -- Up-to-date: /home/darren/servo_node/install/interfaces/include/interfaces/interfaces/srv/detail
[0.394s] -- Up-to-date: /home/darren/servo_node/install/interfaces/include/interfaces/interfaces/srv/detail/move_servo__rosidl_typesupport_fastrtps_c.h
[0.394s] -- Up-to-date: /home/darren/servo_node/install/interfaces/lib/libinterfaces__rosidl_typesupport_fastrtps_c.so
[0.394s] -- Up-to-date: /home/darren/servo_node/install/interfaces/include/interfaces/interfaces
[0.394s] -- Up-to-date: /home/darren/servo_node/install/interfaces/include/interfaces/interfaces/msg
[0.394s] -- Up-to-date: /home/darren/servo_node/install/interfaces/include/interfaces/interfaces/msg/rosidl_typesupport_introspection_c__visibility_control.h
[0.394s] -- Up-to-date: /home/darren/servo_node/install/interfaces/include/interfaces/interfaces/srv
[0.394s] -- Up-to-date: /home/darren/servo_node/install/interfaces/include/interfaces/interfaces/srv/detail
[0.395s] -- Up-to-date: /home/darren/servo_node/install/interfaces/include/interfaces/interfaces/srv/detail/move_servo__rosidl_typesupport_introspection_c.h
[0.395s] -- Up-to-date: /home/darren/servo_node/install/interfaces/include/interfaces/interfaces/srv/detail/move_servo__type_support.c
[0.395s] -- Up-to-date: /home/darren/servo_node/install/interfaces/lib/libinterfaces__rosidl_typesupport_introspection_c.so
[0.395s] -- Up-to-date: /home/darren/servo_node/install/interfaces/lib/libinterfaces__rosidl_typesupport_c.so
[0.395s] -- Up-to-date: /home/darren/servo_node/install/interfaces/include/interfaces/interfaces
[0.395s] -- Up-to-date: /home/darren/servo_node/install/interfaces/include/interfaces/interfaces/srv
[0.395s] -- Up-to-date: /home/darren/servo_node/install/interfaces/include/interfaces/interfaces/srv/move_servo.hpp
[0.395s] -- Up-to-date: /home/darren/servo_node/install/interfaces/include/interfaces/interfaces/srv/detail
[0.395s] -- Up-to-date: /home/darren/servo_node/install/interfaces/include/interfaces/interfaces/srv/detail/move_servo__struct.hpp
[0.395s] -- Up-to-date: /home/darren/servo_node/install/interfaces/include/interfaces/interfaces/srv/detail/move_servo__builder.hpp
[0.395s] -- Up-to-date: /home/darren/servo_node/install/interfaces/include/interfaces/interfaces/srv/detail/move_servo__traits.hpp
[0.395s] -- Up-to-date: /home/darren/servo_node/install/interfaces/include/interfaces/interfaces
[0.396s] -- Up-to-date: /home/darren/servo_node/install/interfaces/include/interfaces/interfaces/msg
[0.396s] -- Up-to-date: /home/darren/servo_node/install/interfaces/include/interfaces/interfaces/msg/rosidl_typesupport_fastrtps_cpp__visibility_control.h
[0.396s] -- Up-to-date: /home/darren/servo_node/install/interfaces/include/interfaces/interfaces/srv
[0.396s] -- Up-to-date: /home/darren/servo_node/install/interfaces/include/interfaces/interfaces/srv/detail
[0.396s] -- Up-to-date: /home/darren/servo_node/install/interfaces/include/interfaces/interfaces/srv/detail/move_servo__rosidl_typesupport_fastrtps_cpp.hpp
[0.396s] -- Up-to-date: /home/darren/servo_node/install/interfaces/include/interfaces/interfaces/srv/detail/dds_fastrtps
[0.396s] -- Up-to-date: /home/darren/servo_node/install/interfaces/lib/libinterfaces__rosidl_typesupport_fastrtps_cpp.so
[0.396s] -- Up-to-date: /home/darren/servo_node/install/interfaces/include/interfaces/interfaces
[0.396s] -- Up-to-date: /home/darren/servo_node/install/interfaces/include/interfaces/interfaces/srv
[0.396s] -- Up-to-date: /home/darren/servo_node/install/interfaces/include/interfaces/interfaces/srv/detail
[0.396s] -- Up-to-date: /home/darren/servo_node/install/interfaces/include/interfaces/interfaces/srv/detail/move_servo__type_support.cpp
[0.396s] -- Up-to-date: /home/darren/servo_node/install/interfaces/include/interfaces/interfaces/srv/detail/move_servo__rosidl_typesupport_introspection_cpp.hpp
[0.396s] -- Up-to-date: /home/darren/servo_node/install/interfaces/lib/libinterfaces__rosidl_typesupport_introspection_cpp.so
[0.397s] -- Up-to-date: /home/darren/servo_node/install/interfaces/lib/libinterfaces__rosidl_typesupport_cpp.so
[0.397s] -- Up-to-date: /home/darren/servo_node/install/interfaces/share/interfaces/environment/pythonpath.sh
[0.397s] -- Up-to-date: /home/darren/servo_node/install/interfaces/share/interfaces/environment/pythonpath.dsv
[0.397s] -- Up-to-date: /home/darren/servo_node/install/interfaces/local/lib/python3.10/dist-packages/interfaces-0.0.0-py3.10.egg-info
[0.397s] -- Installing: /home/darren/servo_node/install/interfaces/local/lib/python3.10/dist-packages/interfaces-0.0.0-py3.10.egg-info/top_level.txt
[0.397s] -- Installing: /home/darren/servo_node/install/interfaces/local/lib/python3.10/dist-packages/interfaces-0.0.0-py3.10.egg-info/dependency_links.txt
[0.397s] -- Installing: /home/darren/servo_node/install/interfaces/local/lib/python3.10/dist-packages/interfaces-0.0.0-py3.10.egg-info/SOURCES.txt
[0.397s] -- Installing: /home/darren/servo_node/install/interfaces/local/lib/python3.10/dist-packages/interfaces-0.0.0-py3.10.egg-info/PKG-INFO
[0.397s] -- Up-to-date: /home/darren/servo_node/install/interfaces/local/lib/python3.10/dist-packages/interfaces
[0.397s] -- Up-to-date: /home/darren/servo_node/install/interfaces/local/lib/python3.10/dist-packages/interfaces/interfaces_s__rosidl_typesupport_c.cpython-310-x86_64-linux-gnu.so
[0.397s] -- Up-to-date: /home/darren/servo_node/install/interfaces/local/lib/python3.10/dist-packages/interfaces/interfaces_s__rosidl_typesupport_introspection_c.cpython-310-x86_64-linux-gnu.so
[0.397s] -- Up-to-date: /home/darren/servo_node/install/interfaces/local/lib/python3.10/dist-packages/interfaces/libinterfaces__rosidl_generator_py.so
[0.397s] -- Up-to-date: /home/darren/servo_node/install/interfaces/local/lib/python3.10/dist-packages/interfaces/_interfaces_s.ep.rosidl_typesupport_introspection_c.c
[0.397s] -- Up-to-date: /home/darren/servo_node/install/interfaces/local/lib/python3.10/dist-packages/interfaces/_interfaces_s.ep.rosidl_typesupport_c.c
[0.397s] -- Up-to-date: /home/darren/servo_node/install/interfaces/local/lib/python3.10/dist-packages/interfaces/__init__.py
[0.397s] -- Up-to-date: /home/darren/servo_node/install/interfaces/local/lib/python3.10/dist-packages/interfaces/srv
[0.398s] -- Up-to-date: /home/darren/servo_node/install/interfaces/local/lib/python3.10/dist-packages/interfaces/srv/_move_servo_s.c
[0.398s] -- Up-to-date: /home/darren/servo_node/install/interfaces/local/lib/python3.10/dist-packages/interfaces/srv/__init__.py
[0.398s] -- Up-to-date: /home/darren/servo_node/install/interfaces/local/lib/python3.10/dist-packages/interfaces/srv/_move_servo.py
[0.398s] -- Up-to-date: /home/darren/servo_node/install/interfaces/local/lib/python3.10/dist-packages/interfaces/_interfaces_s.ep.rosidl_typesupport_fastrtps_c.c
[0.398s] -- Up-to-date: /home/darren/servo_node/install/interfaces/local/lib/python3.10/dist-packages/interfaces/interfaces_s__rosidl_typesupport_fastrtps_c.cpython-310-x86_64-linux-gnu.so
[0.424s] Listing '/home/darren/servo_node/install/interfaces/local/lib/python3.10/dist-packages/interfaces'...
[0.424s] Listing '/home/darren/servo_node/install/interfaces/local/lib/python3.10/dist-packages/interfaces/srv'...
[0.430s] -- Up-to-date: /home/darren/servo_node/install/interfaces/local/lib/python3.10/dist-packages/interfaces/interfaces_s__rosidl_typesupport_fastrtps_c.cpython-310-x86_64-linux-gnu.so
[0.430s] -- Up-to-date: /home/darren/servo_node/install/interfaces/local/lib/python3.10/dist-packages/interfaces/interfaces_s__rosidl_typesupport_introspection_c.cpython-310-x86_64-linux-gnu.so
[0.430s] -- Up-to-date: /home/darren/servo_node/install/interfaces/local/lib/python3.10/dist-packages/interfaces/interfaces_s__rosidl_typesupport_c.cpython-310-x86_64-linux-gnu.so
[0.430s] -- Up-to-date: /home/darren/servo_node/install/interfaces/lib/libinterfaces__rosidl_generator_py.so
[0.431s] -- Up-to-date: /home/darren/servo_node/install/interfaces/share/interfaces/srv/MoveServo.idl
[0.431s] -- Up-to-date: /home/darren/servo_node/install/interfaces/share/interfaces/srv/MoveServo.srv
[0.431s] -- Up-to-date: /home/darren/servo_node/install/interfaces/share/interfaces/srv/MoveServo_Request.msg
[0.431s] -- Up-to-date: /home/darren/servo_node/install/interfaces/share/interfaces/srv/MoveServo_Response.msg
[0.431s] -- Up-to-date: /home/darren/servo_node/install/interfaces/share/ament_index/resource_index/package_run_dependencies/interfaces
[0.431s] -- Up-to-date: /home/darren/servo_node/install/interfaces/share/ament_index/resource_index/parent_prefix_path/interfaces
[0.431s] -- Up-to-date: /home/darren/servo_node/install/interfaces/share/interfaces/environment/ament_prefix_path.sh
[0.431s] -- Up-to-date: /home/darren/servo_node/install/interfaces/share/interfaces/environment/ament_prefix_path.dsv
[0.431s] -- Up-to-date: /home/darren/servo_node/install/interfaces/share/interfaces/environment/path.sh
[0.431s] -- Up-to-date: /home/darren/servo_node/install/interfaces/share/interfaces/environment/path.dsv
[0.431s] -- Up-to-date: /home/darren/servo_node/install/interfaces/share/interfaces/local_setup.bash
[0.431s] -- Up-to-date: /home/darren/servo_node/install/interfaces/share/interfaces/local_setup.sh
[0.431s] -- Up-to-date: /home/darren/servo_node/install/interfaces/share/interfaces/local_setup.zsh
[0.431s] -- Up-to-date: /home/darren/servo_node/install/interfaces/share/interfaces/local_setup.dsv
[0.431s] -- Installing: /home/darren/servo_node/install/interfaces/share/interfaces/package.dsv
[0.431s] -- Up-to-date: /home/darren/servo_node/install/interfaces/share/ament_index/resource_index/packages/interfaces
[0.431s] -- Up-to-date: /home/darren/servo_node/install/interfaces/share/interfaces/cmake/export_interfaces__rosidl_generator_cExport.cmake
[0.431s] -- Up-to-date: /home/darren/servo_node/install/interfaces/share/interfaces/cmake/export_interfaces__rosidl_generator_cExport-noconfig.cmake
[0.432s] -- Up-to-date: /home/darren/servo_node/install/interfaces/share/interfaces/cmake/export_interfaces__rosidl_typesupport_fastrtps_cExport.cmake
[0.432s] -- Up-to-date: /home/darren/servo_node/install/interfaces/share/interfaces/cmake/export_interfaces__rosidl_typesupport_fastrtps_cExport-noconfig.cmake
[0.432s] -- Up-to-date: /home/darren/servo_node/install/interfaces/share/interfaces/cmake/interfaces__rosidl_typesupport_introspection_cExport.cmake
[0.432s] -- Up-to-date: /home/darren/servo_node/install/interfaces/share/interfaces/cmake/interfaces__rosidl_typesupport_introspection_cExport-noconfig.cmake
[0.432s] -- Up-to-date: /home/darren/servo_node/install/interfaces/share/interfaces/cmake/interfaces__rosidl_typesupport_cExport.cmake
[0.432s] -- Up-to-date: /home/darren/servo_node/install/interfaces/share/interfaces/cmake/interfaces__rosidl_typesupport_cExport-noconfig.cmake
[0.432s] -- Up-to-date: /home/darren/servo_node/install/interfaces/share/interfaces/cmake/export_interfaces__rosidl_generator_cppExport.cmake
[0.432s] -- Up-to-date: /home/darren/servo_node/install/interfaces/share/interfaces/cmake/export_interfaces__rosidl_typesupport_fastrtps_cppExport.cmake
[0.432s] -- Up-to-date: /home/darren/servo_node/install/interfaces/share/interfaces/cmake/export_interfaces__rosidl_typesupport_fastrtps_cppExport-noconfig.cmake
[0.432s] -- Up-to-date: /home/darren/servo_node/install/interfaces/share/interfaces/cmake/interfaces__rosidl_typesupport_introspection_cppExport.cmake
[0.432s] -- Up-to-date: /home/darren/servo_node/install/interfaces/share/interfaces/cmake/interfaces__rosidl_typesupport_introspection_cppExport-noconfig.cmake
[0.432s] -- Up-to-date: /home/darren/servo_node/install/interfaces/share/interfaces/cmake/interfaces__rosidl_typesupport_cppExport.cmake
[0.433s] -- Up-to-date: /home/darren/servo_node/install/interfaces/share/interfaces/cmake/interfaces__rosidl_typesupport_cppExport-noconfig.cmake
[0.433s] -- Up-to-date: /home/darren/servo_node/install/interfaces/share/interfaces/cmake/export_interfaces__rosidl_generator_pyExport.cmake
[0.433s] -- Up-to-date: /home/darren/servo_node/install/interfaces/share/interfaces/cmake/export_interfaces__rosidl_generator_pyExport-noconfig.cmake
[0.433s] -- Up-to-date: /home/darren/servo_node/install/interfaces/share/interfaces/cmake/rosidl_cmake-extras.cmake
[0.433s] -- Up-to-date: /home/darren/servo_node/install/interfaces/share/interfaces/cmake/ament_cmake_export_include_directories-extras.cmake
[0.433s] -- Up-to-date: /home/darren/servo_node/install/interfaces/share/interfaces/cmake/ament_cmake_export_libraries-extras.cmake
[0.433s] -- Up-to-date: /home/darren/servo_node/install/interfaces/share/interfaces/cmake/ament_cmake_export_targets-extras.cmake
[0.433s] -- Up-to-date: /home/darren/servo_node/install/interfaces/share/interfaces/cmake/rosidl_cmake_export_typesupport_targets-extras.cmake
[0.433s] -- Up-to-date: /home/darren/servo_node/install/interfaces/share/interfaces/cmake/ament_cmake_export_dependencies-extras.cmake
[0.433s] -- Up-to-date: /home/darren/servo_node/install/interfaces/share/interfaces/cmake/rosidl_cmake_export_typesupport_libraries-extras.cmake
[0.433s] -- Up-to-date: /home/darren/servo_node/install/interfaces/share/interfaces/cmake/interfacesConfig.cmake
[0.434s] -- Up-to-date: /home/darren/servo_node/install/interfaces/share/interfaces/cmake/interfacesConfig-version.cmake
[0.434s] -- Up-to-date: /home/darren/servo_node/install/interfaces/share/interfaces/package.xml
[0.435s] Invoked command in '/home/darren/servo_node/build/interfaces' returned '0': CMAKE_PREFIX_PATH=/home/darren/servo_node/install/servo_pkg:/home/darren/ros2_ws/install/DW_DarrensController:/opt/ros/humble /usr/bin/cmake --install /home/darren/servo_node/build/interfaces
